[0.022s] Invoking command in '/home/vincent-pc/ros2_jazzy/build/my_robot_cpp': CMAKE_PREFIX_PATH=${CMAKE_PREFIX_PATH}:/home/vincent-pc/ros2_jazzy/install/my_robot_python:/opt/ros/jazzy DEBUGINFOD_URLS=https://debuginfod.ubuntu.com /usr/bin/cmake --build /home/vincent-pc/ros2_jazzy/build/my_robot_cpp -- -j8 -l8
[0.127s] [ 25%] [32mBuilding CXX object CMakeFiles/my_robot_master_cpp.dir/src/my_robot_master.cpp.o[0m
[0.128s] [ 50%] [32mBuilding CXX object CMakeFiles/my_robot_differential_cpp.dir/src/my_robot_differential.cpp.o[0m
[6.533s] [01m[K/home/vincent-pc/ros2_jazzy/src/my_robot_cpp/src/my_robot_master.cpp:[m[K In member function ‘[01m[Kvoid MyRobotNode::[01;32m[Ksubscriber_callback[m[K(std_msgs::msg::String_<std::allocator<void> >::SharedPtr)[m[K’:
[6.534s] [01m[K/home/vincent-pc/ros2_jazzy/src/my_robot_cpp/src/my_robot_master.cpp:23:18:[m[K [01;31m[Kerror: [m[Kno match for ‘[01m[Koperator==[m[K’ (operand types are ‘[01m[Kconst std_msgs::msg::String_<std::allocator<void> >::SharedPtr[m[K’ {aka ‘[01m[Kconst std::shared_ptr<std_msgs::msg::String_<std::allocator<void> > >[m[K’} and ‘[01m[Kconst char [7][m[K’)
[6.534s]    23 |         if (([32m[Kmsg[m[K [01;31m[K==[m[K [34m[K"diffok"[m[K) && (counter1 == 0))
[6.534s]       |              [32m[K~~~[m[K [01;31m[K^~[m[K [34m[K~~~~~~~~[m[K
[6.534s]       |              [32m[K|[m[K      [34m[K|[m[K
[6.534s]       |              [32m[K|[m[K      [34m[Kconst char [7][m[K
[6.534s]       |              [32m[Kconst std_msgs::msg::String_<std::allocator<void> >::SharedPtr {aka const std::shared_ptr<std_msgs::msg::String_<std::allocator<void> > >}[m[K
[6.535s] In file included from [01m[K/usr/include/c++/13/memory:65[m[K,
[6.535s]                  from [01m[K/opt/ros/jazzy/include/rclcpp/rclcpp/rclcpp.hpp:169[m[K,
[6.535s]                  from [01m[K/home/vincent-pc/ros2_jazzy/src/my_robot_cpp/src/my_robot_master.cpp:1[m[K:
[6.535s] [01m[K/usr/include/c++/13/bits/allocator.h:237:5:[m[K [01;36m[Knote: [m[Kcandidate: ‘[01m[Ktemplate<class _T1, class _T2> bool std::[01;32m[Koperator==[m[K(const allocator<_Tp1>&, const allocator<_T2>&)[m[K’
[6.536s]   237 |     [01;36m[Koperator[m[K==(const allocator<_T1>&, const allocator<_T2>&)
[6.536s]       |     [01;36m[K^~~~~~~~[m[K
[6.536s] [01m[K/usr/include/c++/13/bits/allocator.h:237:5:[m[K [01;36m[Knote: [m[K  template argument deduction/substitution failed:
[6.536s] [01m[K/home/vincent-pc/ros2_jazzy/src/my_robot_cpp/src/my_robot_master.cpp:23:21:[m[K [01;36m[Knote: [m[K  ‘[01m[Kconst std_msgs::msg::String_<std::allocator<void> >::SharedPtr[m[K’ {aka ‘[01m[Kconst std::shared_ptr<std_msgs::msg::String_<std::allocator<void> > >[m[K’} is not derived from ‘[01m[Kconst std::allocator<_Tp1>[m[K’
[6.536s]    23 |         if ((msg == [01;36m[K"diffok"[m[K) && (counter1 == 0))
[6.536s]       |                     [01;36m[K^~~~~~~~[m[K
[6.536s] In file included from [01m[K/usr/include/c++/13/bits/stl_tempbuf.h:62[m[K,
[6.536s]                  from [01m[K/usr/include/c++/13/memory:66[m[K:
[6.536s] [01m[K/usr/include/c++/13/bits/stl_pair.h:812:5:[m[K [01;36m[Knote: [m[Kcandidate: ‘[01m[Ktemplate<class _T1, class _T2> constexpr bool std::[01;32m[Koperator==[m[K(const pair<_T1, _T2>&, const pair<_T1, _T2>&)[m[K’
[6.536s]   812 |     [01;36m[Koperator[m[K==(const pair<_T1, _T2>& __x, const pair<_T1, _T2>& __y)
[6.537s]       |     [01;36m[K^~~~~~~~[m[K
[6.537s] [01m[K/usr/include/c++/13/bits/stl_pair.h:812:5:[m[K [01;36m[Knote: [m[K  template argument deduction/substitution failed:
[6.537s] [01m[K/home/vincent-pc/ros2_jazzy/src/my_robot_cpp/src/my_robot_master.cpp:23:21:[m[K [01;36m[Knote: [m[K  ‘[01m[Kconst std_msgs::msg::String_<std::allocator<void> >::SharedPtr[m[K’ {aka ‘[01m[Kconst std::shared_ptr<std_msgs::msg::String_<std::allocator<void> > >[m[K’} is not derived from ‘[01m[Kconst std::pair<_T1, _T2>[m[K’
[6.537s]    23 |         if ((msg == [01;36m[K"diffok"[m[K) && (counter1 == 0))
[6.537s]       |                     [01;36m[K^~~~~~~~[m[K
[6.537s] In file included from [01m[K/usr/include/c++/13/bits/stl_algobase.h:67[m[K,
[6.537s]                  from [01m[K/usr/include/c++/13/bits/stl_uninitialized.h:63[m[K,
[6.538s]                  from [01m[K/usr/include/c++/13/memory:69[m[K:
[6.538s] [01m[K/usr/include/c++/13/bits/stl_iterator.h:448:5:[m[K [01;36m[Knote: [m[Kcandidate: ‘[01m[Ktemplate<class _Iterator> constexpr bool std::[01;32m[Koperator==[m[K(const reverse_iterator<_Iterator>&, const reverse_iterator<_Iterator>&)[m[K’
[6.538s]   448 |     [01;36m[Koperator[m[K==(const reverse_iterator<_Iterator>& __x,
[6.538s]       |     [01;36m[K^~~~~~~~[m[K
[6.538s] [01m[K/usr/include/c++/13/bits/stl_iterator.h:448:5:[m[K [01;36m[Knote: [m[K  template argument deduction/substitution failed:
[6.538s] [01m[K/home/vincent-pc/ros2_jazzy/src/my_robot_cpp/src/my_robot_master.cpp:23:21:[m[K [01;36m[Knote: [m[K  ‘[01m[Kconst std_msgs::msg::String_<std::allocator<void> >::SharedPtr[m[K’ {aka ‘[01m[Kconst std::shared_ptr<std_msgs::msg::String_<std::allocator<void> > >[m[K’} is not derived from ‘[01m[Kconst std::reverse_iterator<_Iterator>[m[K’
[6.538s]    23 |         if ((msg == [01;36m[K"diffok"[m[K) && (counter1 == 0))
[6.538s]       |                     [01;36m[K^~~~~~~~[m[K
[6.538s] [01m[K/usr/include/c++/13/bits/stl_iterator.h:493:5:[m[K [01;36m[Knote: [m[Kcandidate: ‘[01m[Ktemplate<class _IteratorL, class _IteratorR> constexpr bool std::[01;32m[Koperator==[m[K(const reverse_iterator<_Iterator>&, const reverse_iterator<_IteratorR>&)[m[K’
[6.538s]   493 |     [01;36m[Koperator[m[K==(const reverse_iterator<_IteratorL>& __x,
[6.539s]       |     [01;36m[K^~~~~~~~[m[K
[6.539s] [01m[K/usr/include/c++/13/bits/stl_iterator.h:493:5:[m[K [01;36m[Knote: [m[K  template argument deduction/substitution failed:
[6.539s] [01m[K/home/vincent-pc/ros2_jazzy/src/my_robot_cpp/src/my_robot_master.cpp:23:21:[m[K [01;36m[Knote: [m[K  ‘[01m[Kconst std_msgs::msg::String_<std::allocator<void> >::SharedPtr[m[K’ {aka ‘[01m[Kconst std::shared_ptr<std_msgs::msg::String_<std::allocator<void> > >[m[K’} is not derived from ‘[01m[Kconst std::reverse_iterator<_Iterator>[m[K’
[6.539s]    23 |         if ((msg == [01;36m[K"diffok"[m[K) && (counter1 == 0))
[6.539s]       |                     [01;36m[K^~~~~~~~[m[K
[6.540s] [01m[K/usr/include/c++/13/bits/stl_iterator.h:1678:5:[m[K [01;36m[Knote: [m[Kcandidate: ‘[01m[Ktemplate<class _IteratorL, class _IteratorR> constexpr bool std::[01;32m[Koperator==[m[K(const move_iterator<_IteratorL>&, const move_iterator<_IteratorR>&)[m[K’
[6.540s]  1678 |     [01;36m[Koperator[m[K==(const move_iterator<_IteratorL>& __x,
[6.540s]       |     [01;36m[K^~~~~~~~[m[K
[6.540s] [01m[K/usr/include/c++/13/bits/stl_iterator.h:1678:5:[m[K [01;36m[Knote: [m[K  template argument deduction/substitution failed:
[6.540s] [01m[K/home/vincent-pc/ros2_jazzy/src/my_robot_cpp/src/my_robot_master.cpp:23:21:[m[K [01;36m[Knote: [m[K  ‘[01m[Kconst std_msgs::msg::String_<std::allocator<void> >::SharedPtr[m[K’ {aka ‘[01m[Kconst std::shared_ptr<std_msgs::msg::String_<std::allocator<void> > >[m[K’} is not derived from ‘[01m[Kconst std::move_iterator<_IteratorL>[m[K’
[6.540s]    23 |         if ((msg == [01;36m[K"diffok"[m[K) && (counter1 == 0))
[6.540s]       |                     [01;36m[K^~~~~~~~[m[K
[6.540s] [01m[K/usr/include/c++/13/bits/stl_iterator.h:1748:5:[m[K [01;36m[Knote: [m[Kcandidate: ‘[01m[Ktemplate<class _Iterator> constexpr bool std::[01;32m[Koperator==[m[K(const move_iterator<_IteratorL>&, const move_iterator<_IteratorL>&)[m[K’
[6.540s]  1748 |     [01;36m[Koperator[m[K==(const move_iterator<_Iterator>& __x,
[6.540s]       |     [01;36m[K^~~~~~~~[m[K
[6.540s] [01m[K/usr/include/c++/13/bits/stl_iterator.h:1748:5:[m[K [01;36m[Knote: [m[K  template argument deduction/substitution failed:
[6.541s] [01m[K/home/vincent-pc/ros2_jazzy/src/my_robot_cpp/src/my_robot_master.cpp:23:21:[m[K [01;36m[Knote: [m[K  ‘[01m[Kconst std_msgs::msg::String_<std::allocator<void> >::SharedPtr[m[K’ {aka ‘[01m[Kconst std::shared_ptr<std_msgs::msg::String_<std::allocator<void> > >[m[K’} is not derived from ‘[01m[Kconst std::move_iterator<_IteratorL>[m[K’
[6.541s]    23 |         if ((msg == [01;36m[K"diffok"[m[K) && (counter1 == 0))
[6.541s]       |                     [01;36m[K^~~~~~~~[m[K
[6.541s] In file included from [01m[K/usr/include/c++/13/bits/unique_ptr.h:36[m[K,
[6.541s]                  from [01m[K/usr/include/c++/13/memory:78[m[K:
[6.541s] [01m[K/usr/include/c++/13/tuple:1919:5:[m[K [01;36m[Knote: [m[Kcandidate: ‘[01m[Ktemplate<class ... _TElements, class ... _UElements> constexpr bool std::[01;32m[Koperator==[m[K(const tuple<_UTypes ...>&, const tuple<_UTypes ...>&)[m[K’
[6.541s]  1919 |     [01;36m[Koperator[m[K==(const tuple<_TElements...>& __t,
[6.541s]       |     [01;36m[K^~~~~~~~[m[K
[6.542s] [01m[K/usr/include/c++/13/tuple:1919:5:[m[K [01;36m[Knote: [m[K  template argument deduction/substitution failed:
[6.542s] [01m[K/home/vincent-pc/ros2_jazzy/src/my_robot_cpp/src/my_robot_master.cpp:23:21:[m[K [01;36m[Knote: [m[K  ‘[01m[Kconst std_msgs::msg::String_<std::allocator<void> >::SharedPtr[m[K’ {aka ‘[01m[Kconst std::shared_ptr<std_msgs::msg::String_<std::allocator<void> > >[m[K’} is not derived from ‘[01m[Kconst std::tuple<_UTypes ...>[m[K’
[6.542s]    23 |         if ((msg == [01;36m[K"diffok"[m[K) && (counter1 == 0))
[6.542s]       |                     [01;36m[K^~~~~~~~[m[K
[6.542s] [01m[K/usr/include/c++/13/bits/unique_ptr.h:829:5:[m[K [01;36m[Knote: [m[Kcandidate: ‘[01m[Ktemplate<class _Tp, class _Dp, class _Up, class _Ep> bool std::[01;32m[Koperator==[m[K(const unique_ptr<_Tp, _Dp>&, const unique_ptr<_Up, _Ep>&)[m[K’
[6.542s]   829 |     [01;36m[Koperator[m[K==(const unique_ptr<_Tp, _Dp>& __x,
[6.542s]       |     [01;36m[K^~~~~~~~[m[K
[6.542s] [01m[K/usr/include/c++/13/bits/unique_ptr.h:829:5:[m[K [01;36m[Knote: [m[K  template argument deduction/substitution failed:
[6.542s] [01m[K/home/vincent-pc/ros2_jazzy/src/my_robot_cpp/src/my_robot_master.cpp:23:21:[m[K [01;36m[Knote: [m[K  ‘[01m[Kconst std_msgs::msg::String_<std::allocator<void> >::SharedPtr[m[K’ {aka ‘[01m[Kconst std::shared_ptr<std_msgs::msg::String_<std::allocator<void> > >[m[K’} is not derived from ‘[01m[Kconst std::unique_ptr<_Tp, _Dp>[m[K’
[6.542s]    23 |         if ((msg == [01;36m[K"diffok"[m[K) && (counter1 == 0))
[6.542s]       |                     [01;36m[K^~~~~~~~[m[K
[6.542s] [01m[K/usr/include/c++/13/bits/unique_ptr.h:837:5:[m[K [01;36m[Knote: [m[Kcandidate: ‘[01m[Ktemplate<class _Tp, class _Dp> bool std::[01;32m[Koperator==[m[K(const unique_ptr<_Tp, _Dp>&, nullptr_t)[m[K’
[6.542s]   837 |     [01;36m[Koperator[m[K==(const unique_ptr<_Tp, _Dp>& __x, nullptr_t) noexcept
[6.543s]       |     [01;36m[K^~~~~~~~[m[K
[6.543s] [01m[K/usr/include/c++/13/bits/unique_ptr.h:837:5:[m[K [01;36m[Knote: [m[K  template argument deduction/substitution failed:
[6.543s] [01m[K/home/vincent-pc/ros2_jazzy/src/my_robot_cpp/src/my_robot_master.cpp:23:21:[m[K [01;36m[Knote: [m[K  ‘[01m[Kconst std_msgs::msg::String_<std::allocator<void> >::SharedPtr[m[K’ {aka ‘[01m[Kconst std::shared_ptr<std_msgs::msg::String_<std::allocator<void> > >[m[K’} is not derived from ‘[01m[Kconst std::unique_ptr<_Tp, _Dp>[m[K’
[6.543s]    23 |         if ((msg == [01;36m[K"diffok"[m[K) && (counter1 == 0))
[6.543s]       |                     [01;36m[K^~~~~~~~[m[K
[6.543s] [01m[K/usr/include/c++/13/bits/unique_ptr.h:845:5:[m[K [01;36m[Knote: [m[Kcandidate: ‘[01m[Ktemplate<class _Tp, class _Dp> bool std::[01;32m[Koperator==[m[K(nullptr_t, const unique_ptr<_Tp, _Dp>&)[m[K’
[6.543s]   845 |     [01;36m[Koperator[m[K==(nullptr_t, const unique_ptr<_Tp, _Dp>& __x) noexcept
[6.543s]       |     [01;36m[K^~~~~~~~[m[K
[6.543s] [01m[K/usr/include/c++/13/bits/unique_ptr.h:845:5:[m[K [01;36m[Knote: [m[K  template argument deduction/substitution failed:
[6.543s] [01m[K/home/vincent-pc/ros2_jazzy/src/my_robot_cpp/src/my_robot_master.cpp:23:21:[m[K [01;36m[Knote: [m[K  mismatched types ‘[01m[Kconst std::unique_ptr<_Tp, _Dp>[m[K’ and ‘[01m[Kconst char [7][m[K’
[6.543s]    23 |         if ((msg == [01;36m[K"diffok"[m[K) && (counter1 == 0))
[6.543s]       |                     [01;36m[K^~~~~~~~[m[K
[6.543s] In file included from [01m[K/usr/include/c++/13/iosfwd:42[m[K,
[6.544s]                  from [01m[K/usr/include/c++/13/bits/shared_ptr.h:52[m[K,
[6.544s]                  from [01m[K/usr/include/c++/13/memory:80[m[K:
[6.544s] [01m[K/usr/include/c++/13/bits/postypes.h:192:5:[m[K [01;36m[Knote: [m[Kcandidate: ‘[01m[Ktemplate<class _StateT> bool std::[01;32m[Koperator==[m[K(const fpos<_StateT>&, const fpos<_StateT>&)[m[K’
[6.544s]   192 |     [01;36m[Koperator[m[K==(const fpos<_StateT>& __lhs, const fpos<_StateT>& __rhs)
[6.545s]       |     [01;36m[K^~~~~~~~[m[K
[6.545s] [01m[K/usr/include/c++/13/bits/postypes.h:192:5:[m[K [01;36m[Knote: [m[K  template argument deduction/substitution failed:
[6.545s] [01m[K/home/vincent-pc/ros2_jazzy/src/my_robot_cpp/src/my_robot_master.cpp:23:21:[m[K [01;36m[Knote: [m[K  ‘[01m[Kconst std_msgs::msg::String_<std::allocator<void> >::SharedPtr[m[K’ {aka ‘[01m[Kconst std::shared_ptr<std_msgs::msg::String_<std::allocator<void> > >[m[K’} is not derived from ‘[01m[Kconst std::fpos<_StateT>[m[K’
[6.545s]    23 |         if ((msg == [01;36m[K"diffok"[m[K) && (counter1 == 0))
[6.545s]       |                     [01;36m[K^~~~~~~~[m[K
[6.546s] In file included from [01m[K/usr/include/c++/13/bits/shared_ptr.h:53[m[K:
[6.546s] [01m[K/usr/include/c++/13/bits/shared_ptr_base.h:1793:5:[m[K [01;36m[Knote: [m[Kcandidate: ‘[01m[Ktemplate<class _Tp1, class _Tp2, __gnu_cxx::_Lock_policy _Lp> bool std::[01;32m[Koperator==[m[K(const __shared_ptr<_Tp1, _Lp>&, const __shared_ptr<_Tp2, _Lp>&)[m[K’
[6.546s]  1793 |     [01;36m[Koperator[m[K==(const __shared_ptr<_Tp1, _Lp>& __a,
[6.546s]       |     [01;36m[K^~~~~~~~[m[K
[6.546s] [01m[K/usr/include/c++/13/bits/shared_ptr_base.h:1793:5:[m[K [01;36m[Knote: [m[K  template argument deduction/substitution failed:
[6.546s] [01m[K/home/vincent-pc/ros2_jazzy/src/my_robot_cpp/src/my_robot_master.cpp:23:21:[m[K [01;36m[Knote: [m[K  mismatched types ‘[01m[Kconst std::__shared_ptr<_Tp2, _Lp>[m[K’ and ‘[01m[Kconst char [7][m[K’
[6.547s]    23 |         if ((msg == [01;36m[K"diffok"[m[K) && (counter1 == 0))
[6.547s]       |                     [01;36m[K^~~~~~~~[m[K
[6.547s] [01m[K/usr/include/c++/13/bits/shared_ptr_base.h:1799:5:[m[K [01;36m[Knote: [m[Kcandidate: ‘[01m[Ktemplate<class _Tp, __gnu_cxx::_Lock_policy _Lp> bool std::[01;32m[Koperator==[m[K(const __shared_ptr<_Tp, _Lp>&, nullptr_t)[m[K’
[6.547s]  1799 |     [01;36m[Koperator[m[K==(const __shared_ptr<_Tp, _Lp>& __a, nullptr_t) noexcept
[6.547s]       |     [01;36m[K^~~~~~~~[m[K
[6.547s] [01m[K/usr/include/c++/13/bits/shared_ptr_base.h:1799:5:[m[K [01;36m[Knote: [m[K  template argument deduction/substitution failed:
[6.547s] [01m[K/home/vincent-pc/ros2_jazzy/src/my_robot_cpp/src/my_robot_master.cpp:23:21:[m[K [01;36m[Knote: [m[K  cannot convert ‘[01m[K"diffok"[m[K’ (type ‘[01m[Kconst char [7][m[K’) to type ‘[01m[Kstd::nullptr_t[m[K’
[6.548s]    23 |         if ((msg == [01;36m[K"diffok"[m[K) && (counter1 == 0))
[6.548s]       |                     [01;36m[K^~~~~~~~[m[K
[6.548s] [01m[K/usr/include/c++/13/bits/shared_ptr_base.h:1819:5:[m[K [01;36m[Knote: [m[Kcandidate: ‘[01m[Ktemplate<class _Tp, __gnu_cxx::_Lock_policy _Lp> bool std::[01;32m[Koperator==[m[K(nullptr_t, const __shared_ptr<_Tp, _Lp>&)[m[K’
[6.548s]  1819 |     [01;36m[Koperator[m[K==(nullptr_t, const __shared_ptr<_Tp, _Lp>& __a) noexcept
[6.548s]       |     [01;36m[K^~~~~~~~[m[K
[6.548s] [01m[K/usr/include/c++/13/bits/shared_ptr_base.h:1819:5:[m[K [01;36m[Knote: [m[K  template argument deduction/substitution failed:
[6.548s] [01m[K/home/vincent-pc/ros2_jazzy/src/my_robot_cpp/src/my_robot_master.cpp:23:21:[m[K [01;36m[Knote: [m[K  mismatched types ‘[01m[Kconst std::__shared_ptr<_Tp, _Lp>[m[K’ and ‘[01m[Kconst char [7][m[K’
[6.549s]    23 |         if ((msg == [01;36m[K"diffok"[m[K) && (counter1 == 0))
[6.549s]       |                     [01;36m[K^~~~~~~~[m[K
[6.549s] [01m[K/usr/include/c++/13/bits/shared_ptr.h:555:5:[m[K [01;36m[Knote: [m[Kcandidate: ‘[01m[Ktemplate<class _Tp, class _Up> bool std::[01;32m[Koperator==[m[K(const shared_ptr<_Tp>&, const shared_ptr<_Tp>&)[m[K’
[6.549s]   555 |     [01;36m[Koperator[m[K==(const shared_ptr<_Tp>& __a, const shared_ptr<_Up>& __b) noexcept
[6.549s]       |     [01;36m[K^~~~~~~~[m[K
[6.549s] [01m[K/usr/include/c++/13/bits/shared_ptr.h:555:5:[m[K [01;36m[Knote: [m[K  template argument deduction/substitution failed:
[6.550s] [01m[K/home/vincent-pc/ros2_jazzy/src/my_robot_cpp/src/my_robot_master.cpp:23:21:[m[K [01;36m[Knote: [m[K  mismatched types ‘[01m[Kconst std::shared_ptr<_Tp>[m[K’ and ‘[01m[Kconst char [7][m[K’
[6.550s]    23 |         if ((msg == [01;36m[K"diffok"[m[K) && (counter1 == 0))
[6.550s]       |                     [01;36m[K^~~~~~~~[m[K
[6.550s] [01m[K/usr/include/c++/13/bits/shared_ptr.h:561:5:[m[K [01;36m[Knote: [m[Kcandidate: ‘[01m[Ktemplate<class _Tp> bool std::[01;32m[Koperator==[m[K(const shared_ptr<_Tp>&, nullptr_t)[m[K’
[6.550s]   561 |     [01;36m[Koperator[m[K==(const shared_ptr<_Tp>& __a, nullptr_t) noexcept
[6.551s]       |     [01;36m[K^~~~~~~~[m[K
[6.551s] [01m[K/usr/include/c++/13/bits/shared_ptr.h:561:5:[m[K [01;36m[Knote: [m[K  template argument deduction/substitution failed:
[6.551s] [01m[K/home/vincent-pc/ros2_jazzy/src/my_robot_cpp/src/my_robot_master.cpp:23:21:[m[K [01;36m[Knote: [m[K  cannot convert ‘[01m[K"diffok"[m[K’ (type ‘[01m[Kconst char [7][m[K’) to type ‘[01m[Kstd::nullptr_t[m[K’
[6.551s]    23 |         if ((msg == [01;36m[K"diffok"[m[K) && (counter1 == 0))
[6.551s]       |                     [01;36m[K^~~~~~~~[m[K
[6.551s] [01m[K/usr/include/c++/13/bits/shared_ptr.h:582:5:[m[K [01;36m[Knote: [m[Kcandidate: ‘[01m[Ktemplate<class _Tp> bool std::[01;32m[Koperator==[m[K(nullptr_t, const shared_ptr<_Tp>&)[m[K’
[6.551s]   582 |     [01;36m[Koperator[m[K==(nullptr_t, const shared_ptr<_Tp>& __a) noexcept
[6.552s]       |     [01;36m[K^~~~~~~~[m[K
[6.552s] [01m[K/usr/include/c++/13/bits/shared_ptr.h:582:5:[m[K [01;36m[Knote: [m[K  template argument deduction/substitution failed:
[6.552s] [01m[K/home/vincent-pc/ros2_jazzy/src/my_robot_cpp/src/my_robot_master.cpp:23:21:[m[K [01;36m[Knote: [m[K  mismatched types ‘[01m[Kconst std::shared_ptr<_Tp>[m[K’ and ‘[01m[Kconst char [7][m[K’
[6.552s]    23 |         if ((msg == [01;36m[K"diffok"[m[K) && (counter1 == 0))
[6.552s]       |                     [01;36m[K^~~~~~~~[m[K
[6.552s] In file included from [01m[K/usr/include/c++/13/bits/basic_string.h:47[m[K,
[6.552s]                  from [01m[K/usr/include/c++/13/string:54[m[K,
[6.553s]                  from [01m[K/opt/ros/jazzy/include/rclcpp/rclcpp/copy_all_parameter_values.hpp:18[m[K,
[6.553s]                  from [01m[K/opt/ros/jazzy/include/rclcpp/rclcpp/rclcpp.hpp:171[m[K:
[6.553s] [01m[K/usr/include/c++/13/string_view:609:5:[m[K [01;36m[Knote: [m[Kcandidate: ‘[01m[Ktemplate<class _CharT, class _Traits> constexpr bool std::[01;32m[Koperator==[m[K(basic_string_view<_CharT, _Traits>, basic_string_view<_CharT, _Traits>)[m[K’
[6.553s]   609 |     [01;36m[Koperator[m[K==(basic_string_view<_CharT, _Traits> __x,
[6.553s]       |     [01;36m[K^~~~~~~~[m[K
[6.553s] [01m[K/usr/include/c++/13/string_view:609:5:[m[K [01;36m[Knote: [m[K  template argument deduction/substitution failed:
[6.553s] [01m[K/home/vincent-pc/ros2_jazzy/src/my_robot_cpp/src/my_robot_master.cpp:23:21:[m[K [01;36m[Knote: [m[K  ‘[01m[Kstd::shared_ptr<std_msgs::msg::String_<std::allocator<void> > >[m[K’ is not derived from ‘[01m[Kstd::basic_string_view<_CharT, _Traits>[m[K’
[6.554s]    23 |         if ((msg == [01;36m[K"diffok"[m[K) && (counter1 == 0))
[6.554s]       |                     [01;36m[K^~~~~~~~[m[K
[6.554s] [01m[K/usr/include/c++/13/string_view:616:5:[m[K [01;36m[Knote: [m[Kcandidate: ‘[01m[Ktemplate<class _CharT, class _Traits> constexpr bool std::[01;32m[Koperator==[m[K(basic_string_view<_CharT, _Traits>, __type_identity_t<basic_string_view<_CharT, _Traits> >)[m[K’
[6.554s]   616 |     [01;36m[Koperator[m[K==(basic_string_view<_CharT, _Traits> __x,
[6.554s]       |     [01;36m[K^~~~~~~~[m[K
[6.554s] [01m[K/usr/include/c++/13/string_view:616:5:[m[K [01;36m[Knote: [m[K  template argument deduction/substitution failed:
[6.554s] [01m[K/home/vincent-pc/ros2_jazzy/src/my_robot_cpp/src/my_robot_master.cpp:23:21:[m[K [01;36m[Knote: [m[K  ‘[01m[Kstd::shared_ptr<std_msgs::msg::String_<std::allocator<void> > >[m[K’ is not derived from ‘[01m[Kstd::basic_string_view<_CharT, _Traits>[m[K’
[6.554s]    23 |         if ((msg == [01;36m[K"diffok"[m[K) && (counter1 == 0))
[6.554s]       |                     [01;36m[K^~~~~~~~[m[K
[6.555s] [01m[K/usr/include/c++/13/string_view:642:5:[m[K [01;36m[Knote: [m[Kcandidate: ‘[01m[Ktemplate<class _CharT, class _Traits> constexpr bool std::[01;32m[Koperator==[m[K(__type_identity_t<basic_string_view<_CharT, _Traits> >, basic_string_view<_CharT, _Traits>)[m[K’
[6.555s]   642 |     [01;36m[Koperator[m[K==(__type_identity_t<basic_string_view<_CharT, _Traits>> __x,
[6.555s]       |     [01;36m[K^~~~~~~~[m[K
[6.555s] [01m[K/usr/include/c++/13/string_view:642:5:[m[K [01;36m[Knote: [m[K  template argument deduction/substitution failed:
[6.555s] [01m[K/home/vincent-pc/ros2_jazzy/src/my_robot_cpp/src/my_robot_master.cpp:23:21:[m[K [01;36m[Knote: [m[K  mismatched types ‘[01m[Kstd::basic_string_view<_CharT, _Traits>[m[K’ and ‘[01m[Kconst char*[m[K’
[6.555s]    23 |         if ((msg == [01;36m[K"diffok"[m[K) && (counter1 == 0))
[6.555s]       |                     [01;36m[K^~~~~~~~[m[K
[6.555s] [01m[K/usr/include/c++/13/bits/basic_string.h:3710:5:[m[K [01;36m[Knote: [m[Kcandidate: ‘[01m[Ktemplate<class _CharT, class _Traits, class _Alloc> bool std::[01;32m[Koperator==[m[K(const __cxx11::basic_string<_CharT, _Traits, _Allocator>&, const __cxx11::basic_string<_CharT, _Traits, _Allocator>&)[m[K’
[6.555s]  3710 |     [01;36m[Koperator[m[K==(const basic_string<_CharT, _Traits, _Alloc>& __lhs,
[6.555s]       |     [01;36m[K^~~~~~~~[m[K
[6.556s] [01m[K/usr/include/c++/13/bits/basic_string.h:3710:5:[m[K [01;36m[Knote: [m[K  template argument deduction/substitution failed:
[6.556s] [01m[K/home/vincent-pc/ros2_jazzy/src/my_robot_cpp/src/my_robot_master.cpp:23:21:[m[K [01;36m[Knote: [m[K  ‘[01m[Kconst std_msgs::msg::String_<std::allocator<void> >::SharedPtr[m[K’ {aka ‘[01m[Kconst std::shared_ptr<std_msgs::msg::String_<std::allocator<void> > >[m[K’} is not derived from ‘[01m[Kconst std::__cxx11::basic_string<_CharT, _Traits, _Allocator>[m[K’
[6.556s]    23 |         if ((msg == [01;36m[K"diffok"[m[K) && (counter1 == 0))
[6.556s]       |                     [01;36m[K^~~~~~~~[m[K
[6.556s] [01m[K/usr/include/c++/13/bits/basic_string.h:3727:5:[m[K [01;36m[Knote: [m[Kcandidate: ‘[01m[Ktemplate<class _CharT, class _Traits, class _Alloc> bool std::[01;32m[Koperator==[m[K(const __cxx11::basic_string<_CharT, _Traits, _Allocator>&, const _CharT*)[m[K’
[6.556s]  3727 |     [01;36m[Koperator[m[K==(const basic_string<_CharT, _Traits, _Alloc>& __lhs,
[6.556s]       |     [01;36m[K^~~~~~~~[m[K
[6.556s] [01m[K/usr/include/c++/13/bits/basic_string.h:3727:5:[m[K [01;36m[Knote: [m[K  template argument deduction/substitution failed:
[6.557s] [01m[K/home/vincent-pc/ros2_jazzy/src/my_robot_cpp/src/my_robot_master.cpp:23:21:[m[K [01;36m[Knote: [m[K  ‘[01m[Kconst std_msgs::msg::String_<std::allocator<void> >::SharedPtr[m[K’ {aka ‘[01m[Kconst std::shared_ptr<std_msgs::msg::String_<std::allocator<void> > >[m[K’} is not derived from ‘[01m[Kconst std::__cxx11::basic_string<_CharT, _Traits, _Allocator>[m[K’
[6.557s]    23 |         if ((msg == [01;36m[K"diffok"[m[K) && (counter1 == 0))
[6.557s]       |                     [01;36m[K^~~~~~~~[m[K
[6.557s] [01m[K/usr/include/c++/13/bits/basic_string.h:3774:5:[m[K [01;36m[Knote: [m[Kcandidate: ‘[01m[Ktemplate<class _CharT, class _Traits, class _Alloc> bool std::[01;32m[Koperator==[m[K(const _CharT*, const __cxx11::basic_string<_CharT, _Traits, _Allocator>&)[m[K’
[6.557s]  3774 |     [01;36m[Koperator[m[K==(const _CharT* __lhs,
[6.557s]       |     [01;36m[K^~~~~~~~[m[K
[6.557s] [01m[K/usr/include/c++/13/bits/basic_string.h:3774:5:[m[K [01;36m[Knote: [m[K  template argument deduction/substitution failed:
[6.558s] [01m[K/home/vincent-pc/ros2_jazzy/src/my_robot_cpp/src/my_robot_master.cpp:23:21:[m[K [01;36m[Knote: [m[K  mismatched types ‘[01m[Kconst _CharT*[m[K’ and ‘[01m[Kstd::shared_ptr<std_msgs::msg::String_<std::allocator<void> > >[m[K’
[6.558s]    23 |         if ((msg == [01;36m[K"diffok"[m[K) && (counter1 == 0))
[6.558s]       |                     [01;36m[K^~~~~~~~[m[K
[6.558s] In file included from [01m[K/usr/include/c++/13/vector:66[m[K,
[6.558s]                  from [01m[K/opt/ros/jazzy/include/rclcpp/rclcpp/copy_all_parameter_values.hpp:19[m[K:
[6.558s] [01m[K/usr/include/c++/13/bits/stl_vector.h:2040:5:[m[K [01;36m[Knote: [m[Kcandidate: ‘[01m[Ktemplate<class _Tp, class _Alloc> bool std::[01;32m[Koperator==[m[K(const vector<_Tp, _Alloc>&, const vector<_Tp, _Alloc>&)[m[K’
[6.558s]  2040 |     [01;36m[Koperator[m[K==(const vector<_Tp, _Alloc>& __x, const vector<_Tp, _Alloc>& __y)
[6.558s]       |     [01;36m[K^~~~~~~~[m[K
[6.559s] [01m[K/usr/include/c++/13/bits/stl_vector.h:2040:5:[m[K [01;36m[Knote: [m[K  template argument deduction/substitution failed:
[6.559s] [01m[K/home/vincent-pc/ros2_jazzy/src/my_robot_cpp/src/my_robot_master.cpp:23:21:[m[K [01;36m[Knote: [m[K  ‘[01m[Kconst std_msgs::msg::String_<std::allocator<void> >::SharedPtr[m[K’ {aka ‘[01m[Kconst std::shared_ptr<std_msgs::msg::String_<std::allocator<void> > >[m[K’} is not derived from ‘[01m[Kconst std::vector<_Tp, _Alloc>[m[K’
[6.559s]    23 |         if ((msg == [01;36m[K"diffok"[m[K) && (counter1 == 0))
[6.559s]       |                     [01;36m[K^~~~~~~~[m[K
[6.559s] In file included from [01m[K/opt/ros/jazzy/include/rcl_interfaces/rcl_interfaces/srv/detail/list_parameters__struct.hpp:12[m[K,
[6.559s]                  from [01m[K/opt/ros/jazzy/include/rcl_interfaces/rcl_interfaces/srv/list_parameters.hpp:7[m[K,
[6.559s]                  from [01m[K/opt/ros/jazzy/include/rclcpp/rclcpp/copy_all_parameter_values.hpp:21[m[K:
[6.559s] [01m[K/usr/include/c++/13/array:297:5:[m[K [01;36m[Knote: [m[Kcandidate: ‘[01m[Ktemplate<class _Tp, long unsigned int _Nm> bool std::[01;32m[Koperator==[m[K(const array<_Tp, _Nm>&, const array<_Tp, _Nm>&)[m[K’
[6.560s]   297 |     [01;36m[Koperator[m[K==(const array<_Tp, _Nm>& __one, const array<_Tp, _Nm>& __two)
[6.560s]       |     [01;36m[K^~~~~~~~[m[K
[6.560s] [01m[K/usr/include/c++/13/array:297:5:[m[K [01;36m[Knote: [m[K  template argument deduction/substitution failed:
[6.560s] [01m[K/home/vincent-pc/ros2_jazzy/src/my_robot_cpp/src/my_robot_master.cpp:23:21:[m[K [01;36m[Knote: [m[K  ‘[01m[Kconst std_msgs::msg::String_<std::allocator<void> >::SharedPtr[m[K’ {aka ‘[01m[Kconst std::shared_ptr<std_msgs::msg::String_<std::allocator<void> > >[m[K’} is not derived from ‘[01m[Kconst std::array<_Tp, _Nm>[m[K’
[6.560s]    23 |         if ((msg == [01;36m[K"diffok"[m[K) && (counter1 == 0))
[6.560s]       |                     [01;36m[K^~~~~~~~[m[K
[6.560s] In file included from [01m[K/usr/include/c++/13/bits/locale_facets.h:48[m[K,
[6.560s]                  from [01m[K/usr/include/c++/13/bits/basic_ios.h:37[m[K,
[6.560s]                  from [01m[K/usr/include/c++/13/ios:46[m[K,
[6.560s]                  from [01m[K/usr/include/c++/13/istream:40[m[K,
[6.561s]                  from [01m[K/usr/include/c++/13/sstream:40[m[K,
[6.561s]                  from [01m[K/opt/ros/jazzy/include/rcl_interfaces/rcl_interfaces/srv/detail/list_parameters__traits.hpp:13[m[K,
[6.561s]                  from [01m[K/opt/ros/jazzy/include/rcl_interfaces/rcl_interfaces/srv/list_parameters.hpp:9[m[K:
[6.561s] [01m[K/usr/include/c++/13/bits/streambuf_iterator.h:234:5:[m[K [01;36m[Knote: [m[Kcandidate: ‘[01m[Ktemplate<class _CharT, class _Traits> bool std::[01;32m[Koperator==[m[K(const istreambuf_iterator<_CharT, _Traits>&, const istreambuf_iterator<_CharT, _Traits>&)[m[K’
[6.561s]   234 |     [01;36m[Koperator[m[K==(const istreambuf_iterator<_CharT, _Traits>& __a,
[6.561s]       |     [01;36m[K^~~~~~~~[m[K
[6.561s] [01m[K/usr/include/c++/13/bits/streambuf_iterator.h:234:5:[m[K [01;36m[Knote: [m[K  template argument deduction/substitution failed:
[6.561s] [01m[K/home/vincent-pc/ros2_jazzy/src/my_robot_cpp/src/my_robot_master.cpp:23:21:[m[K [01;36m[Knote: [m[K  ‘[01m[Kconst std_msgs::msg::String_<std::allocator<void> >::SharedPtr[m[K’ {aka ‘[01m[Kconst std::shared_ptr<std_msgs::msg::String_<std::allocator<void> > >[m[K’} is not derived from ‘[01m[Kconst std::istreambuf_iterator<_CharT, _Traits>[m[K’
[6.561s]    23 |         if ((msg == [01;36m[K"diffok"[m[K) && (counter1 == 0))
[6.562s]       |                     [01;36m[K^~~~~~~~[m[K
[6.562s] In file included from [01m[K/usr/include/c++/13/functional:59[m[K,
[6.562s]                  from [01m[K/opt/ros/jazzy/include/rclcpp/rclcpp/utilities.hpp:19[m[K,
[6.562s]                  from [01m[K/opt/ros/jazzy/include/rclcpp/rclcpp/logging.hpp:25[m[K,
[6.562s]                  from [01m[K/opt/ros/jazzy/include/rclcpp/rclcpp/copy_all_parameter_values.hpp:27[m[K:
[6.562s] [01m[K/usr/include/c++/13/bits/std_function.h:737:5:[m[K [01;36m[Knote: [m[Kcandidate: ‘[01m[Ktemplate<class _Res, class ... _Args> bool std::[01;32m[Koperator==[m[K(const function<_Res(_ArgTypes ...)>&, nullptr_t)[m[K’
[6.562s]   737 |     [01;36m[Koperator[m[K==(const function<_Res(_Args...)>& __f, nullptr_t) noexcept
[6.562s]       |     [01;36m[K^~~~~~~~[m[K
[6.562s] [01m[K/usr/include/c++/13/bits/std_function.h:737:5:[m[K [01;36m[Knote: [m[K  template argument deduction/substitution failed:
[6.563s] [01m[K/home/vincent-pc/ros2_jazzy/src/my_robot_cpp/src/my_robot_master.cpp:23:21:[m[K [01;36m[Knote: [m[K  ‘[01m[Kconst std_msgs::msg::String_<std::allocator<void> >::SharedPtr[m[K’ {aka ‘[01m[Kconst std::shared_ptr<std_msgs::msg::String_<std::allocator<void> > >[m[K’} is not derived from ‘[01m[Kconst std::function<_Res(_ArgTypes ...)>[m[K’
[6.563s]    23 |         if ((msg == [01;36m[K"diffok"[m[K) && (counter1 == 0))
[6.563s]       |                     [01;36m[K^~~~~~~~[m[K
[6.563s] [01m[K/usr/include/c++/13/bits/std_function.h:744:5:[m[K [01;36m[Knote: [m[Kcandidate: ‘[01m[Ktemplate<class _Res, class ... _Args> bool std::[01;32m[Koperator==[m[K(nullptr_t, const function<_Res(_ArgTypes ...)>&)[m[K’
[6.563s]   744 |     [01;36m[Koperator[m[K==(nullptr_t, const function<_Res(_Args...)>& __f) noexcept
[6.563s]       |     [01;36m[K^~~~~~~~[m[K
[6.563s] [01m[K/usr/include/c++/13/bits/std_function.h:744:5:[m[K [01;36m[Knote: [m[K  template argument deduction/substitution failed:
[6.563s] [01m[K/home/vincent-pc/ros2_jazzy/src/my_robot_cpp/src/my_robot_master.cpp:23:21:[m[K [01;36m[Knote: [m[K  mismatched types ‘[01m[Kconst std::function<_Res(_ArgTypes ...)>[m[K’ and ‘[01m[Kconst char [7][m[K’
[6.564s]    23 |         if ((msg == [01;36m[K"diffok"[m[K) && (counter1 == 0))
[6.564s]       |                     [01;36m[K^~~~~~~~[m[K
[6.564s] In file included from [01m[K/usr/include/c++/13/unordered_map:41[m[K,
[6.564s]                  from [01m[K/usr/include/c++/13/functional:63[m[K:
[6.564s] [01m[K/usr/include/c++/13/bits/unordered_map.h:2143:5:[m[K [01;36m[Knote: [m[Kcandidate: ‘[01m[Ktemplate<class _Key1, class _Tp1, class _Hash1, class _Pred1, class _Alloc1> bool std::[01;32m[Koperator==[m[K(const unordered_map<_Key1, _Tp1, _Hash1, _Pred1, _Alloc1>&, const unordered_map<_Key1, _Tp1, _Hash1, _Pred1, _Alloc1>&)[m[K’
[6.564s]  2143 |     [01;36m[Koperator[m[K==(const unordered_map<_Key, _Tp, _Hash, _Pred, _Alloc>& __x,
[6.564s]       |     [01;36m[K^~~~~~~~[m[K
[6.564s] [01m[K/usr/include/c++/13/bits/unordered_map.h:2143:5:[m[K [01;36m[Knote: [m[K  template argument deduction/substitution failed:
[6.565s] [01m[K/home/vincent-pc/ros2_jazzy/src/my_robot_cpp/src/my_robot_master.cpp:23:21:[m[K [01;36m[Knote: [m[K  ‘[01m[Kconst std_msgs::msg::String_<std::allocator<void> >::SharedPtr[m[K’ {aka ‘[01m[Kconst std::shared_ptr<std_msgs::msg::String_<std::allocator<void> > >[m[K’} is not derived from ‘[01m[Kconst std::unordered_map<_Key1, _Tp1, _Hash1, _Pred1, _Alloc1>[m[K’
[6.565s]    23 |         if ((msg == [01;36m[K"diffok"[m[K) && (counter1 == 0))
[6.565s]       |                     [01;36m[K^~~~~~~~[m[K
[6.565s] [01m[K/usr/include/c++/13/bits/unordered_map.h:2157:5:[m[K [01;36m[Knote: [m[Kcandidate: ‘[01m[Ktemplate<class _Key1, class _Tp1, class _Hash1, class _Pred1, class _Alloc1> bool std::[01;32m[Koperator==[m[K(const unordered_multimap<_Key1, _Tp1, _Hash1, _Pred1, _Alloc1>&, const unordered_multimap<_Key1, _Tp1, _Hash1, _Pred1, _Alloc1>&)[m[K’
[6.565s]  2157 |     [01;36m[Koperator[m[K==(const unordered_multimap<_Key, _Tp, _Hash, _Pred, _Alloc>& __x,
[6.565s]       |     [01;36m[K^~~~~~~~[m[K
[6.565s] [01m[K/usr/include/c++/13/bits/unordered_map.h:2157:5:[m[K [01;36m[Knote: [m[K  template argument deduction/substitution failed:
[6.566s] [01m[K/home/vincent-pc/ros2_jazzy/src/my_robot_cpp/src/my_robot_master.cpp:23:21:[m[K [01;36m[Knote: [m[K  ‘[01m[Kconst std_msgs::msg::String_<std::allocator<void> >::SharedPtr[m[K’ {aka ‘[01m[Kconst std::shared_ptr<std_msgs::msg::String_<std::allocator<void> > >[m[K’} is not derived from ‘[01m[Kconst std::unordered_multimap<_Key1, _Tp1, _Hash1, _Pred1, _Alloc1>[m[K’
[6.566s]    23 |         if ((msg == [01;36m[K"diffok"[m[K) && (counter1 == 0))
[6.566s]       |                     [01;36m[K^~~~~~~~[m[K
[6.566s] In file included from [01m[K/usr/include/c++/13/unordered_set:41[m[K,
[6.566s]                  from [01m[K/opt/ros/jazzy/include/rclcpp/rclcpp/context.hpp:26[m[K,
[6.566s]                  from [01m[K/opt/ros/jazzy/include/rclcpp/rclcpp/utilities.hpp:24[m[K:
[6.566s] [01m[K/usr/include/c++/13/bits/unordered_set.h:1813:5:[m[K [01;36m[Knote: [m[Kcandidate: ‘[01m[Ktemplate<class _Value1, class _Hash1, class _Pred1, class _Alloc1> bool std::[01;32m[Koperator==[m[K(const unordered_set<_Value1, _Hash1, _Pred1, _Alloc1>&, const unordered_set<_Value1, _Hash1, _Pred1, _Alloc1>&)[m[K’
[6.566s]  1813 |     [01;36m[Koperator[m[K==(const unordered_set<_Value, _Hash, _Pred, _Alloc>& __x,
[6.567s]       |     [01;36m[K^~~~~~~~[m[K
[6.567s] [01m[K/usr/include/c++/13/bits/unordered_set.h:1813:5:[m[K [01;36m[Knote: [m[K  template argument deduction/substitution failed:
[6.567s] [01m[K/home/vincent-pc/ros2_jazzy/src/my_robot_cpp/src/my_robot_master.cpp:23:21:[m[K [01;36m[Knote: [m[K  ‘[01m[Kconst std_msgs::msg::String_<std::allocator<void> >::SharedPtr[m[K’ {aka ‘[01m[Kconst std::shared_ptr<std_msgs::msg::String_<std::allocator<void> > >[m[K’} is not derived from ‘[01m[Kconst std::unordered_set<_Value1, _Hash1, _Pred1, _Alloc1>[m[K’
[6.567s]    23 |         if ((msg == [01;36m[K"diffok"[m[K) && (counter1 == 0))
[6.567s]       |                     [01;36m[K^~~~~~~~[m[K
[6.567s] [01m[K/usr/include/c++/13/bits/unordered_set.h:1827:5:[m[K [01;36m[Knote: [m[Kcandidate: ‘[01m[Ktemplate<class _Value1, class _Hash1, class _Pred1, class _Alloc1> bool std::[01;32m[Koperator==[m[K(const unordered_multiset<_Value1, _Hash1, _Pred1, _Alloc1>&, const unordered_multiset<_Value1, _Hash1, _Pred1, _Alloc1>&)[m[K’
[6.567s]  1827 |     [01;36m[Koperator[m[K==(const unordered_multiset<_Value, _Hash, _Pred, _Alloc>& __x,
[6.567s]       |     [01;36m[K^~~~~~~~[m[K
[6.568s] [01m[K/usr/include/c++/13/bits/unordered_set.h:1827:5:[m[K [01;36m[Knote: [m[K  template argument deduction/substitution failed:
[6.568s] [01m[K/home/vincent-pc/ros2_jazzy/src/my_robot_cpp/src/my_robot_master.cpp:23:21:[m[K [01;36m[Knote: [m[K  ‘[01m[Kconst std_msgs::msg::String_<std::allocator<void> >::SharedPtr[m[K’ {aka ‘[01m[Kconst std::shared_ptr<std_msgs::msg::String_<std::allocator<void> > >[m[K’} is not derived from ‘[01m[Kconst std::unordered_multiset<_Value1, _Hash1, _Pred1, _Alloc1>[m[K’
[6.568s]    23 |         if ((msg == [01;36m[K"diffok"[m[K) && (counter1 == 0))
[6.568s]       |                     [01;36m[K^~~~~~~~[m[K
[6.568s] In file included from [01m[K/usr/include/c++/13/set:63[m[K,
[6.568s]                  from [01m[K/opt/ros/jazzy/include/rclcpp/rclcpp/executors/multi_threaded_executor.hpp:21[m[K,
[6.568s]                  from [01m[K/opt/ros/jazzy/include/rclcpp/rclcpp/executors.hpp:21[m[K,
[6.569s]                  from [01m[K/opt/ros/jazzy/include/rclcpp/rclcpp/rclcpp.hpp:172[m[K:
[6.569s] [01m[K/usr/include/c++/13/bits/stl_set.h:987:5:[m[K [01;36m[Knote: [m[Kcandidate: ‘[01m[Ktemplate<class _Key, class _Compare, class _Alloc> bool std::[01;32m[Koperator==[m[K(const set<_Key, _Compare, _Allocator>&, const set<_Key, _Compare, _Allocator>&)[m[K’
[6.569s]   987 |     [01;36m[Koperator[m[K==(const set<_Key, _Compare, _Alloc>& __x,
[6.569s]       |     [01;36m[K^~~~~~~~[m[K
[6.569s] [01m[K/usr/include/c++/13/bits/stl_set.h:987:5:[m[K [01;36m[Knote: [m[K  template argument deduction/substitution failed:
[6.569s] [01m[K/home/vincent-pc/ros2_jazzy/src/my_robot_cpp/src/my_robot_master.cpp:23:21:[m[K [01;36m[Knote: [m[K  ‘[01m[Kconst std_msgs::msg::String_<std::allocator<void> >::SharedPtr[m[K’ {aka ‘[01m[Kconst std::shared_ptr<std_msgs::msg::String_<std::allocator<void> > >[m[K’} is not derived from ‘[01m[Kconst std::set<_Key, _Compare, _Allocator>[m[K’
[6.569s]    23 |         if ((msg == [01;36m[K"diffok"[m[K) && (counter1 == 0))
[6.570s]       |                     [01;36m[K^~~~~~~~[m[K
[6.570s] In file included from [01m[K/usr/include/c++/13/set:64[m[K:
[6.570s] [01m[K/usr/include/c++/13/bits/stl_multiset.h:973:5:[m[K [01;36m[Knote: [m[Kcandidate: ‘[01m[Ktemplate<class _Key, class _Compare, class _Alloc> bool std::[01;32m[Koperator==[m[K(const multiset<_Key, _Compare, _Allocator>&, const multiset<_Key, _Compare, _Allocator>&)[m[K’
[6.570s]   973 |     [01;36m[Koperator[m[K==(const multiset<_Key, _Compare, _Alloc>& __x,
[6.570s]       |     [01;36m[K^~~~~~~~[m[K
[6.570s] [01m[K/usr/include/c++/13/bits/stl_multiset.h:973:5:[m[K [01;36m[Knote: [m[K  template argument deduction/substitution failed:
[6.570s] [01m[K/home/vincent-pc/ros2_jazzy/src/my_robot_cpp/src/my_robot_master.cpp:23:21:[m[K [01;36m[Knote: [m[K  ‘[01m[Kconst std_msgs::msg::String_<std::allocator<void> >::SharedPtr[m[K’ {aka ‘[01m[Kconst std::shared_ptr<std_msgs::msg::String_<std::allocator<void> > >[m[K’} is not derived from ‘[01m[Kconst std::multiset<_Key, _Compare, _Allocator>[m[K’
[6.570s]    23 |         if ((msg == [01;36m[K"diffok"[m[K) && (counter1 == 0))
[6.571s]       |                     [01;36m[K^~~~~~~~[m[K
[6.571s] In file included from [01m[K/usr/include/c++/13/list:65[m[K,
[6.571s]                  from [01m[K/opt/ros/jazzy/include/rclcpp/rclcpp/executor.hpp:23[m[K,
[6.571s]                  from [01m[K/opt/ros/jazzy/include/rclcpp/rclcpp/executors/multi_threaded_executor.hpp:25[m[K:
[6.571s] [01m[K/usr/include/c++/13/bits/stl_list.h:2123:5:[m[K [01;36m[Knote: [m[Kcandidate: ‘[01m[Ktemplate<class _Tp, class _Alloc> bool std::[01;32m[Koperator==[m[K(const __cxx11::list<_Tp, _Alloc>&, const __cxx11::list<_Tp, _Alloc>&)[m[K’
[6.571s]  2123 |     [01;36m[Koperator[m[K==(const list<_Tp, _Alloc>& __x, const list<_Tp, _Alloc>& __y)
[6.571s]       |     [01;36m[K^~~~~~~~[m[K
[6.572s] [01m[K/usr/include/c++/13/bits/stl_list.h:2123:5:[m[K [01;36m[Knote: [m[K  template argument deduction/substitution failed:
[6.572s] [01m[K/home/vincent-pc/ros2_jazzy/src/my_robot_cpp/src/my_robot_master.cpp:23:21:[m[K [01;36m[Knote: [m[K  ‘[01m[Kconst std_msgs::msg::String_<std::allocator<void> >::SharedPtr[m[K’ {aka ‘[01m[Kconst std::shared_ptr<std_msgs::msg::String_<std::allocator<void> > >[m[K’} is not derived from ‘[01m[Kconst std::__cxx11::list<_Tp, _Alloc>[m[K’
[6.572s]    23 |         if ((msg == [01;36m[K"diffok"[m[K) && (counter1 == 0))
[6.572s]       |                     [01;36m[K^~~~~~~~[m[K
[6.572s] In file included from [01m[K/usr/include/c++/13/map:63[m[K,
[6.572s]                  from [01m[K/opt/ros/jazzy/include/rclcpp/rclcpp/executor.hpp:24[m[K:
[6.572s] [01m[K/usr/include/c++/13/bits/stl_map.h:1513:5:[m[K [01;36m[Knote: [m[Kcandidate: ‘[01m[Ktemplate<class _Key, class _Tp, class _Compare, class _Alloc> bool std::[01;32m[Koperator==[m[K(const map<_Key, _Tp, _Compare, _Allocator>&, const map<_Key, _Tp, _Compare, _Allocator>&)[m[K’
[6.572s]  1513 |     [01;36m[Koperator[m[K==(const map<_Key, _Tp, _Compare, _Alloc>& __x,
[6.572s]       |     [01;36m[K^~~~~~~~[m[K
[6.572s] [01m[K/usr/include/c++/13/bits/stl_map.h:1513:5:[m[K [01;36m[Knote: [m[K  template argument deduction/substitution failed:
[6.572s] [01m[K/home/vincent-pc/ros2_jazzy/src/my_robot_cpp/src/my_robot_master.cpp:23:21:[m[K [01;36m[Knote: [m[K  ‘[01m[Kconst std_msgs::msg::String_<std::allocator<void> >::SharedPtr[m[K’ {aka ‘[01m[Kconst std::shared_ptr<std_msgs::msg::String_<std::allocator<void> > >[m[K’} is not derived from ‘[01m[Kconst std::map<_Key, _Tp, _Compare, _Allocator>[m[K’
[6.572s]    23 |         if ((msg == [01;36m[K"diffok"[m[K) && (counter1 == 0))
[6.573s]       |                     [01;36m[K^~~~~~~~[m[K
[6.573s] In file included from [01m[K/usr/include/c++/13/map:64[m[K:
[6.573s] [01m[K/usr/include/c++/13/bits/stl_multimap.h:1134:5:[m[K [01;36m[Knote: [m[Kcandidate: ‘[01m[Ktemplate<class _Key, class _Tp, class _Compare, class _Alloc> bool std::[01;32m[Koperator==[m[K(const multimap<_Key, _Tp, _Compare, _Allocator>&, const multimap<_Key, _Tp, _Compare, _Allocator>&)[m[K’
[6.574s]  1134 |     [01;36m[Koperator[m[K==(const multimap<_Key, _Tp, _Compare, _Alloc>& __x,
[6.574s]       |     [01;36m[K^~~~~~~~[m[K
[6.574s] [01m[K/usr/include/c++/13/bits/stl_multimap.h:1134:5:[m[K [01;36m[Knote: [m[K  template argument deduction/substitution failed:
[6.575s] [01m[K/home/vincent-pc/ros2_jazzy/src/my_robot_cpp/src/my_robot_master.cpp:23:21:[m[K [01;36m[Knote: [m[K  ‘[01m[Kconst std_msgs::msg::String_<std::allocator<void> >::SharedPtr[m[K’ {aka ‘[01m[Kconst std::shared_ptr<std_msgs::msg::String_<std::allocator<void> > >[m[K’} is not derived from ‘[01m[Kconst std::multimap<_Key, _Tp, _Compare, _Allocator>[m[K’
[6.575s]    23 |         if ((msg == [01;36m[K"diffok"[m[K) && (counter1 == 0))
[6.576s]       |                     [01;36m[K^~~~~~~~[m[K
[6.576s] In file included from [01m[K/opt/ros/jazzy/include/rclcpp/rclcpp/client.hpp:23[m[K,
[6.577s]                  from [01m[K/opt/ros/jazzy/include/rclcpp/rclcpp/callback_group.hpp:24[m[K,
[6.577s]                  from [01m[K/opt/ros/jazzy/include/rclcpp/rclcpp/any_executable.hpp:20[m[K,
[6.578s]                  from [01m[K/opt/ros/jazzy/include/rclcpp/rclcpp/memory_strategy.hpp:25[m[K,
[6.578s]                  from [01m[K/opt/ros/jazzy/include/rclcpp/rclcpp/memory_strategies.hpp:18[m[K,
[6.579s]                  from [01m[K/opt/ros/jazzy/include/rclcpp/rclcpp/executor_options.hpp:22[m[K,
[6.579s]                  from [01m[K/opt/ros/jazzy/include/rclcpp/rclcpp/executor.hpp:38[m[K:
[6.579s] [01m[K/usr/include/c++/13/optional:1236:5:[m[K [01;36m[Knote: [m[Kcandidate: ‘[01m[Ktemplate<class _Tp, class _Up> constexpr std::__optional_eq_t<_Tp, _Up> std::[01;32m[Koperator==[m[K(const optional<_Tp>&, const optional<_Up>&)[m[K’
[6.579s]  1236 |     [01;36m[Koperator[m[K==(const optional<_Tp>& __lhs, const optional<_Up>& __rhs)
[6.580s]       |     [01;36m[K^~~~~~~~[m[K
[6.580s] [01m[K/usr/include/c++/13/optional:1236:5:[m[K [01;36m[Knote: [m[K  template argument deduction/substitution failed:
[6.580s] [01m[K/home/vincent-pc/ros2_jazzy/src/my_robot_cpp/src/my_robot_master.cpp:23:21:[m[K [01;36m[Knote: [m[K  ‘[01m[Kconst std_msgs::msg::String_<std::allocator<void> >::SharedPtr[m[K’ {aka ‘[01m[Kconst std::shared_ptr<std_msgs::msg::String_<std::allocator<void> > >[m[K’} is not derived from ‘[01m[Kconst std::optional<_Tp>[m[K’
[6.580s]    23 |         if ((msg == [01;36m[K"diffok"[m[K) && (counter1 == 0))
[6.580s]       |                     [01;36m[K^~~~~~~~[m[K
[6.581s] [01m[K/usr/include/c++/13/optional:1296:5:[m[K [01;36m[Knote: [m[Kcandidate: ‘[01m[Ktemplate<class _Tp> constexpr bool std::[01;32m[Koperator==[m[K(const optional<_Tp>&, nullopt_t)[m[K’
[6.581s]  1296 |     [01;36m[Koperator[m[K==(const optional<_Tp>& __lhs, nullopt_t) noexcept
[6.581s]       |     [01;36m[K^~~~~~~~[m[K
[6.581s] [01m[K/usr/include/c++/13/optional:1296:5:[m[K [01;36m[Knote: [m[K  template argument deduction/substitution failed:
[6.582s] [01m[K/home/vincent-pc/ros2_jazzy/src/my_robot_cpp/src/my_robot_master.cpp:23:21:[m[K [01;36m[Knote: [m[K  ‘[01m[Kconst std_msgs::msg::String_<std::allocator<void> >::SharedPtr[m[K’ {aka ‘[01m[Kconst std::shared_ptr<std_msgs::msg::String_<std::allocator<void> > >[m[K’} is not derived from ‘[01m[Kconst std::optional<_Tp>[m[K’
[6.582s]    23 |         if ((msg == [01;36m[K"diffok"[m[K) && (counter1 == 0))
[6.582s]       |                     [01;36m[K^~~~~~~~[m[K
[6.582s] [01m[K/usr/include/c++/13/optional:1307:5:[m[K [01;36m[Knote: [m[Kcandidate: ‘[01m[Ktemplate<class _Tp> constexpr bool std::[01;32m[Koperator==[m[K(nullopt_t, const optional<_Tp>&)[m[K’
[6.582s]  1307 |     [01;36m[Koperator[m[K==(nullopt_t, const optional<_Tp>& __rhs) noexcept
[6.583s]       |     [01;36m[K^~~~~~~~[m[K
[6.583s] [01m[K/usr/include/c++/13/optional:1307:5:[m[K [01;36m[Knote: [m[K  template argument deduction/substitution failed:
[6.583s] [01m[K/home/vincent-pc/ros2_jazzy/src/my_robot_cpp/src/my_robot_master.cpp:23:21:[m[K [01;36m[Knote: [m[K  mismatched types ‘[01m[Kconst std::optional<_Tp>[m[K’ and ‘[01m[Kconst char [7][m[K’
[6.583s]    23 |         if ((msg == [01;36m[K"diffok"[m[K) && (counter1 == 0))
[6.584s]       |                     [01;36m[K^~~~~~~~[m[K
[6.584s] [01m[K/home/vincent-pc/ros2_jazzy/src/my_robot_cpp/src/my_robot_differential.cpp:[m[K In member function ‘[01m[Kvoid MyRobotDifferential::[01;32m[Ksubscriber_callback_diff[m[K(std_msgs::msg::String_<std::allocator<void> >::SharedPtr)[m[K’:
[6.584s] [01m[K/home/vincent-pc/ros2_jazzy/src/my_robot_cpp/src/my_robot_differential.cpp:29:9:[m[K [01;31m[Kerror: [m[Kexpected ‘[01m[K;[m[K’ before ‘[01m[Kif[m[K’
[6.584s]    29 |         [01;31m[Kif[m[K (msg == "diffy1")
[6.584s]       |         [01;31m[K^~[m[K
[6.584s] [01m[K/usr/include/c++/13/optional:1364:5:[m[K [01;36m[Knote: [m[Kcandidate: ‘[01m[Ktemplate<class _Tp, class _Up> constexpr std::__optional_eq_t<_Tp, _Up> std::[01;32m[Koperator==[m[K(const optional<_Tp>&, const _Up&)[m[K’
[6.585s]  1364 |     [01;36m[Koperator[m[K==(const optional<_Tp>& __lhs, const _Up& __rhs)
[6.585s]       |     [01;36m[K^~~~~~~~[m[K
[6.585s] [01m[K/usr/include/c++/13/optional:1364:5:[m[K [01;36m[Knote: [m[K  template argument deduction/substitution failed:
[6.585s] [01m[K/home/vincent-pc/ros2_jazzy/src/my_robot_cpp/src/my_robot_master.cpp:23:21:[m[K [01;36m[Knote: [m[K  ‘[01m[Kconst std_msgs::msg::String_<std::allocator<void> >::SharedPtr[m[K’ {aka ‘[01m[Kconst std::shared_ptr<std_msgs::msg::String_<std::allocator<void> > >[m[K’} is not derived from ‘[01m[Kconst std::optional<_Tp>[m[K’
[6.585s]    23 |         if ((msg == [01;36m[K"diffok"[m[K) && (counter1 == 0))
[6.586s]       |                     [01;36m[K^~~~~~~~[m[K
[6.586s] [01m[K/home/vincent-pc/ros2_jazzy/src/my_robot_cpp/src/my_robot_differential.cpp:28:79:[m[K [01;35m[Kwarning: [m[Kstatement has no effect [[01;35m[K]8;;https://gcc.gnu.org/onlinedocs/gcc/Warning-Options.html#index-Wunused-value-Wunused-value]8;;[m[K]
[6.586s]    28 | ->get_logger(), "Received: '%s'", msg-> data.c_str());[01;35m[K4[m[K
[6.586s]       |                                                       [01;35m[K^[m[K
[6.586s] 
[6.587s] [01m[K/usr/include/c++/13/optional:1370:5:[m[K [01;36m[Knote: [m[Kcandidate: ‘[01m[Ktemplate<class _Tp, class _Up> constexpr std::__optional_eq_t<_Up, _Tp> std::[01;32m[Koperator==[m[K(const _Up&, const optional<_Tp>&)[m[K’
[6.587s]  1370 |     [01;36m[Koperator[m[K==(const _Up& __lhs, const optional<_Tp>& __rhs)
[6.587s]       |     [01;36m[K^~~~~~~~[m[K
[6.587s] [01m[K/usr/include/c++/13/optional:1370:5:[m[K [01;36m[Knote: [m[K  template argument deduction/substitution failed:
[6.588s] [01m[K/home/vincent-pc/ros2_jazzy/src/my_robot_cpp/src/my_robot_master.cpp:23:21:[m[K [01;36m[Knote: [m[K  mismatched types ‘[01m[Kconst std::optional<_Tp>[m[K’ and ‘[01m[Kconst char [7][m[K’
[6.588s]    23 |         if ((msg == [01;36m[K"diffok"[m[K) && (counter1 == 0))
[6.588s]       |                     [01;36m[K^~~~~~~~[m[K
[6.588s] In file included from [01m[K/opt/ros/jazzy/include/rclcpp/rclcpp/client.hpp:29[m[K:
[6.589s] [01m[K/usr/include/c++/13/variant:1266:3:[m[K [01;36m[Knote: [m[Kcandidate: ‘[01m[Ktemplate<class ... _Types> constexpr bool std::[01;32m[Koperator==[m[K(const variant<_Types ...>&, const variant<_Types ...>&)[m[K’
[6.589s]  1266 |   [01;36m[K_VARIANT_RELATION_FUNCTION_TEMPLATE[m[K(==, equal)
[6.589s]       |   [01;36m[K^~~~~~~~~~~~~~~~~~~~~~~~~~~~~~~~~~~[m[K
[6.589s] [01m[K/usr/include/c++/13/variant:1266:3:[m[K [01;36m[Knote: [m[K  template argument deduction/substitution failed:
[6.589s] [01m[K/home/vincent-pc/ros2_jazzy/src/my_robot_cpp/src/my_robot_master.cpp:23:21:[m[K [01;36m[Knote: [m[K  ‘[01m[Kconst std_msgs::msg::String_<std::allocator<void> >::SharedPtr[m[K’ {aka ‘[01m[Kconst std::shared_ptr<std_msgs::msg::String_<std::allocator<void> > >[m[K’} is not derived from ‘[01m[Kconst std::variant<_Types ...>[m[K’
[6.589s]    23 |         if ((msg == [01;36m[K"diffok"[m[K) && (counter1 == 0))
[6.589s]       |                     [01;36m[K^~~~~~~~[m[K
[6.589s] In file included from [01m[K/usr/include/c++/13/deque:66[m[K,
[6.590s]                  from [01m[K/opt/ros/jazzy/include/rclcpp/rclcpp/executors/executor_entities_collection.hpp:18[m[K,
[6.590s]                  from [01m[K/opt/ros/jazzy/include/rclcpp/rclcpp/executor.hpp:39[m[K:
[6.590s] [01m[K/usr/include/c++/13/bits/stl_deque.h:2290:5:[m[K [01;36m[Knote: [m[Kcandidate: ‘[01m[Ktemplate<class _Tp, class _Alloc> bool std::[01;32m[Koperator==[m[K(const deque<_Tp, _Alloc>&, const deque<_Tp, _Alloc>&)[m[K’
[6.590s]  2290 |     [01;36m[Koperator[m[K==(const deque<_Tp, _Alloc>& __x, const deque<_Tp, _Alloc>& __y)
[6.590s]       |     [01;36m[K^~~~~~~~[m[K
[6.590s] [01m[K/usr/include/c++/13/bits/stl_deque.h:2290:5:[m[K [01;36m[Knote: [m[K  template argument deduction/substitution failed:
[6.590s] [01m[K/home/vincent-pc/ros2_jazzy/src/my_robot_cpp/src/my_robot_master.cpp:23:21:[m[K [01;36m[Knote: [m[K  ‘[01m[Kconst std_msgs::msg::String_<std::allocator<void> >::SharedPtr[m[K’ {aka ‘[01m[Kconst std::shared_ptr<std_msgs::msg::String_<std::allocator<void> > >[m[K’} is not derived from ‘[01m[Kconst std::deque<_Tp, _Alloc>[m[K’
[6.590s]    23 |         if ((msg == [01;36m[K"diffok"[m[K) && (counter1 == 0))
[6.590s]       |                     [01;36m[K^~~~~~~~[m[K
[6.591s] In file included from [01m[K/usr/include/c++/13/queue:66[m[K,
[6.591s]                  from [01m[K/opt/ros/jazzy/include/rclcpp/rclcpp/experimental/executors/events_executor/events_queue.hpp:18[m[K,
[6.591s]                  from [01m[K/opt/ros/jazzy/include/rclcpp/rclcpp/experimental/executors/events_executor/events_executor.hpp:27[m[K,
[6.591s]                  from [01m[K/opt/ros/jazzy/include/rclcpp/rclcpp/executors.hpp:24[m[K:
[6.591s] [01m[K/usr/include/c++/13/bits/stl_queue.h:380:5:[m[K [01;36m[Knote: [m[Kcandidate: ‘[01m[Ktemplate<class _Tp, class _Seq> bool std::[01;32m[Koperator==[m[K(const queue<_Tp, _Seq>&, const queue<_Tp, _Seq>&)[m[K’
[6.591s]   380 |     [01;36m[Koperator[m[K==(const queue<_Tp, _Seq>& __x, const queue<_Tp, _Seq>& __y)
[6.592s]       |     [01;36m[K^~~~~~~~[m[K
[6.592s] [01m[K/usr/include/c++/13/bits/stl_queue.h:380:5:[m[K [01;36m[Knote: [m[K  template argument deduction/substitution failed:
[6.592s] [01m[K/home/vincent-pc/ros2_jazzy/src/my_robot_cpp/src/my_robot_master.cpp:23:21:[m[K [01;36m[Knote: [m[K  ‘[01m[Kconst std_msgs::msg::String_<std::allocator<void> >::SharedPtr[m[K’ {aka ‘[01m[Kconst std::shared_ptr<std_msgs::msg::String_<std::allocator<void> > >[m[K’} is not derived from ‘[01m[Kconst std::queue<_Tp, _Seq>[m[K’
[6.592s]    23 |         if ((msg == [01;36m[K"diffok"[m[K) && (counter1 == 0))
[6.592s]       |                     [01;36m[K^~~~~~~~[m[K
[6.592s] In file included from [01m[K/usr/include/c++/13/bits/ios_base.h:46[m[K,
[6.592s]                  from [01m[K/usr/include/c++/13/ios:44[m[K:
[6.592s] [01m[K/usr/include/c++/13/system_error:449:3:[m[K [01;36m[Knote: [m[Kcandidate: ‘[01m[Kbool std::[01;32m[Koperator==[m[K(const error_code&, const error_code&)[m[K’
[6.592s]   449 |   [01;36m[Koperator[m[K==(const error_code& __lhs, const error_code& __rhs) noexcept
[6.593s]       |   [01;36m[K^~~~~~~~[m[K
[6.593s] [01m[K/usr/include/c++/13/system_error:449:32:[m[K [01;36m[Knote: [m[K  no known conversion for argument 1 from ‘[01m[Kconst std_msgs::msg::String_<std::allocator<void> >::SharedPtr[m[K’ {aka ‘[01m[Kconst std::shared_ptr<std_msgs::msg::String_<std::allocator<void> > >[m[K’} to ‘[01m[Kconst std::error_code&[m[K’
[6.593s]   449 |   operator==([01;36m[Kconst error_code& __lhs[m[K, const error_code& __rhs) noexcept
[6.593s]       |              [01;36m[K~~~~~~~~~~~~~~~~~~^~~~~[m[K
[6.593s] [01m[K/usr/include/c++/13/system_error:465:3:[m[K [01;36m[Knote: [m[Kcandidate: ‘[01m[Kbool std::[01;32m[Koperator==[m[K(const error_code&, const error_condition&)[m[K’
[6.593s]   465 |   [01;36m[Koperator[m[K==(const error_code& __lhs, const error_condition& __rhs) noexcept
[6.593s]       |   [01;36m[K^~~~~~~~[m[K
[6.594s] [01m[K/usr/include/c++/13/system_error:465:32:[m[K [01;36m[Knote: [m[K  no known conversion for argument 1 from ‘[01m[Kconst std_msgs::msg::String_<std::allocator<void> >::SharedPtr[m[K’ {aka ‘[01m[Kconst std::shared_ptr<std_msgs::msg::String_<std::allocator<void> > >[m[K’} to ‘[01m[Kconst std::error_code&[m[K’
[6.594s]   465 |   operator==([01;36m[Kconst error_code& __lhs[m[K, const error_condition& __rhs) noexcept
[6.594s]       |              [01;36m[K~~~~~~~~~~~~~~~~~~^~~~~[m[K
[6.594s] [01m[K/usr/include/c++/13/system_error:480:3:[m[K [01;36m[Knote: [m[Kcandidate: ‘[01m[Kbool std::[01;32m[Koperator==[m[K(const error_condition&, const error_condition&)[m[K’
[6.594s]   480 |   [01;36m[Koperator[m[K==(const error_condition& __lhs,
[6.594s]       |   [01;36m[K^~~~~~~~[m[K
[6.594s] [01m[K/usr/include/c++/13/system_error:480:37:[m[K [01;36m[Knote: [m[K  no known conversion for argument 1 from ‘[01m[Kconst std_msgs::msg::String_<std::allocator<void> >::SharedPtr[m[K’ {aka ‘[01m[Kconst std::shared_ptr<std_msgs::msg::String_<std::allocator<void> > >[m[K’} to ‘[01m[Kconst std::error_condition&[m[K’
[6.594s]   480 |   operator==([01;36m[Kconst error_condition& __lhs[m[K,
[6.594s]       |              [01;36m[K~~~~~~~~~~~~~~~~~~~~~~~^~~~~[m[K
[6.594s] [01m[K/usr/include/c++/13/system_error:517:3:[m[K [01;36m[Knote: [m[Kcandidate: ‘[01m[Kbool std::[01;32m[Koperator==[m[K(const error_condition&, const error_code&)[m[K’
[6.595s]   517 |   [01;36m[Koperator[m[K==(const error_condition& __lhs, const error_code& __rhs) noexcept
[6.595s]       |   [01;36m[K^~~~~~~~[m[K
[6.595s] [01m[K/usr/include/c++/13/system_error:517:37:[m[K [01;36m[Knote: [m[K  no known conversion for argument 1 from ‘[01m[Kconst std_msgs::msg::String_<std::allocator<void> >::SharedPtr[m[K’ {aka ‘[01m[Kconst std::shared_ptr<std_msgs::msg::String_<std::allocator<void> > >[m[K’} to ‘[01m[Kconst std::error_condition&[m[K’
[6.595s]   517 |   operator==([01;36m[Kconst error_condition& __lhs[m[K, const error_code& __rhs) noexcept
[6.595s]       |              [01;36m[K~~~~~~~~~~~~~~~~~~~~~~~^~~~~[m[K
[6.595s] In file included from [01m[K/usr/include/c++/13/future:51[m[K,
[6.595s]                  from [01m[K/opt/ros/jazzy/include/rclcpp/rclcpp/executors.hpp:18[m[K:
[6.596s] [01m[K/usr/include/c++/13/bits/std_thread.h:324:3:[m[K [01;36m[Knote: [m[Kcandidate: ‘[01m[Kbool std::[01;32m[Koperator==[m[K(thread::id, thread::id)[m[K’
[6.596s]   324 |   [01;36m[Koperator[m[K==(thread::id __x, thread::id __y) noexcept
[6.596s]       |   [01;36m[K^~~~~~~~[m[K
[6.596s] [01m[K/usr/include/c++/13/bits/std_thread.h:324:25:[m[K [01;36m[Knote: [m[K  no known conversion for argument 1 from ‘[01m[Kconst std_msgs::msg::String_<std::allocator<void> >::SharedPtr[m[K’ {aka ‘[01m[Kconst std::shared_ptr<std_msgs::msg::String_<std::allocator<void> > >[m[K’} to ‘[01m[Kstd::thread::id[m[K’
[6.596s]   324 |   operator==([01;36m[Kthread::id __x[m[K, thread::id __y) noexcept
[6.596s]       |              [01;36m[K~~~~~~~~~~~^~~[m[K
[6.596s] [01m[K/usr/include/c++/13/variant:1273:18:[m[K [01;36m[Knote: [m[Kcandidate: ‘[01m[Kconstexpr bool std::[01;32m[Koperator==[m[K(monostate, monostate)[m[K’
[6.596s]  1273 |   constexpr bool [01;36m[Koperator[m[K==(monostate, monostate) noexcept { return true; }
[6.596s]       |                  [01;36m[K^~~~~~~~[m[K
[6.596s] [01m[K/usr/include/c++/13/variant:1273:29:[m[K [01;36m[Knote: [m[K  no known conversion for argument 1 from ‘[01m[Kconst std_msgs::msg::String_<std::allocator<void> >::SharedPtr[m[K’ {aka ‘[01m[Kconst std::shared_ptr<std_msgs::msg::String_<std::allocator<void> > >[m[K’} to ‘[01m[Kstd::monostate[m[K’
[6.596s]  1273 |   constexpr bool operator==([01;36m[Kmonostate[m[K, monostate) noexcept { return true; }
[6.597s]       |                             [01;36m[K^~~~~~~~~[m[K
[10.762s] gmake[2]: *** [CMakeFiles/my_robot_master_cpp.dir/build.make:76: CMakeFiles/my_robot_master_cpp.dir/src/my_robot_master.cpp.o] Error 1
[10.762s] gmake[1]: *** [CMakeFiles/Makefile2:165: CMakeFiles/my_robot_master_cpp.dir/all] Error 2
[10.762s] gmake[1]: *** Waiting for unfinished jobs....
[11.079s] gmake[2]: *** [CMakeFiles/my_robot_differential_cpp.dir/build.make:76: CMakeFiles/my_robot_differential_cpp.dir/src/my_robot_differential.cpp.o] Error 1
[11.079s] gmake[1]: *** [CMakeFiles/Makefile2:139: CMakeFiles/my_robot_differential_cpp.dir/all] Error 2
[11.079s] gmake: *** [Makefile:146: all] Error 2
[11.082s] Invoked command in '/home/vincent-pc/ros2_jazzy/build/my_robot_cpp' returned '2': CMAKE_PREFIX_PATH=${CMAKE_PREFIX_PATH}:/home/vincent-pc/ros2_jazzy/install/my_robot_python:/opt/ros/jazzy DEBUGINFOD_URLS=https://debuginfod.ubuntu.com /usr/bin/cmake --build /home/vincent-pc/ros2_jazzy/build/my_robot_cpp -- -j8 -l8
