-- Found ament_cmake: 2.5.4 (/opt/ros/jazzy/share/ament_cmake/cmake)
-- Override CMake install command with custom implementation using symlinks instead of copying resources
-- Found rclcpp: 28.1.10 (/opt/ros/jazzy/share/rclcpp/cmake)
-- Found rosidl_generator_c: 4.6.5 (/opt/ros/jazzy/share/rosidl_generator_c/cmake)
-- Found rosidl_generator_cpp: 4.6.5 (/opt/ros/jazzy/share/rosidl_generator_cpp/cmake)
-- Using all available rosidl_typesupport_c: rosidl_typesupport_fastrtps_c;rosidl_typesupport_introspection_c
-- Using all available rosidl_typesupport_cpp: rosidl_typesupport_fastrtps_cpp;rosidl_typesupport_introspection_cpp
-- Found rmw_implementation_cmake: 7.3.2 (/opt/ros/jazzy/share/rmw_implementation_cmake/cmake)
-- Found rmw_fastrtps_cpp: 8.4.2 (/opt/ros/jazzy/share/rmw_fastrtps_cpp/cmake)
-- Using RMW implementation 'rmw_fastrtps_cpp' as default
-- Found geometry_msgs: 5.3.6 (/opt/ros/jazzy/share/geometry_msgs/cmake)
-- Configuring done (2.4s)
-- Generating done (0.0s)
-- Build files have been written to: /home/vincent-pc/ros2_jazzy/build/my_robot_cpp
[ 50%] Built target my_robot_master_cpp
[100%] Built target my_robot_differential_cpp
-- Install configuration: ""
-- Execute custom install script
-- Up-to-date symlink: /home/vincent-pc/ros2_jazzy/install/my_robot_cpp/lib/my_robot_cpp/my_robot_differential_cpp
-- Up-to-date symlink: /home/vincent-pc/ros2_jazzy/install/my_robot_cpp/lib/my_robot_cpp/my_robot_master_cpp
-- Up-to-date symlink: /home/vincent-pc/ros2_jazzy/install/my_robot_cpp/share/ament_index/resource_index/package_run_dependencies/my_robot_cpp
-- Up-to-date symlink: /home/vincent-pc/ros2_jazzy/install/my_robot_cpp/share/ament_index/resource_index/parent_prefix_path/my_robot_cpp
-- Up-to-date symlink: /home/vincent-pc/ros2_jazzy/install/my_robot_cpp/share/my_robot_cpp/environment/ament_prefix_path.sh
-- Up-to-date symlink: /home/vincent-pc/ros2_jazzy/install/my_robot_cpp/share/my_robot_cpp/environment/ament_prefix_path.dsv
-- Up-to-date symlink: /home/vincent-pc/ros2_jazzy/install/my_robot_cpp/share/my_robot_cpp/environment/path.sh
-- Up-to-date symlink: /home/vincent-pc/ros2_jazzy/install/my_robot_cpp/share/my_robot_cpp/environment/path.dsv
-- Up-to-date symlink: /home/vincent-pc/ros2_jazzy/install/my_robot_cpp/share/my_robot_cpp/local_setup.bash
-- Up-to-date symlink: /home/vincent-pc/ros2_jazzy/install/my_robot_cpp/share/my_robot_cpp/local_setup.sh
-- Up-to-date symlink: /home/vincent-pc/ros2_jazzy/install/my_robot_cpp/share/my_robot_cpp/local_setup.zsh
-- Up-to-date symlink: /home/vincent-pc/ros2_jazzy/install/my_robot_cpp/share/my_robot_cpp/local_setup.dsv
-- Symlinking: /home/vincent-pc/ros2_jazzy/install/my_robot_cpp/share/my_robot_cpp/package.dsv
-- Up-to-date symlink: /home/vincent-pc/ros2_jazzy/install/my_robot_cpp/share/ament_index/resource_index/packages/my_robot_cpp
-- Up-to-date symlink: /home/vincent-pc/ros2_jazzy/install/my_robot_cpp/share/my_robot_cpp/cmake/my_robot_cppConfig.cmake
-- Up-to-date symlink: /home/vincent-pc/ros2_jazzy/install/my_robot_cpp/share/my_robot_cpp/cmake/my_robot_cppConfig-version.cmake
-- Up-to-date symlink: /home/vincent-pc/ros2_jazzy/install/my_robot_cpp/share/my_robot_cpp/package.xml
