[0.020s] Invoking command in '/home/vincent-pc/ros2_jazzy/build/my_robot_bringup': CMAKE_PREFIX_PATH=${CMAKE_PREFIX_PATH}:/opt/ros/jazzy DEBUGINFOD_URLS=https://debuginfod.ubuntu.com /usr/bin/cmake --build /home/vincent-pc/ros2_jazzy/build/my_robot_bringup -- -j8 -l8
[0.077s] -- Found ament_cmake: 2.5.4 (/opt/ros/jazzy/share/ament_cmake/cmake)
[0.448s] -- Configuring done (0.4s)
[0.456s] -- Generating done (0.0s)
[0.459s] -- Build files have been written to: /home/vincent-pc/ros2_jazzy/build/my_robot_bringup
[0.485s] Invoked command in '/home/vincent-pc/ros2_jazzy/build/my_robot_bringup' returned '0': CMAKE_PREFIX_PATH=${CMAKE_PREFIX_PATH}:/opt/ros/jazzy DEBUGINFOD_URLS=https://debuginfod.ubuntu.com /usr/bin/cmake --build /home/vincent-pc/ros2_jazzy/build/my_robot_bringup -- -j8 -l8
[0.487s] Invoking command in '/home/vincent-pc/ros2_jazzy/build/my_robot_bringup': CMAKE_PREFIX_PATH=${CMAKE_PREFIX_PATH}:/opt/ros/jazzy DEBUGINFOD_URLS=https://debuginfod.ubuntu.com /usr/bin/cmake --install /home/vincent-pc/ros2_jazzy/build/my_robot_bringup
[0.495s] -- Install configuration: ""
[0.495s] -- Up-to-date: /home/vincent-pc/ros2_jazzy/install/my_robot_bringup/share/my_robot_bringup//launch
[0.495s] -- Installing: /home/vincent-pc/ros2_jazzy/install/my_robot_bringup/share/my_robot_bringup//launch/my_robot_gazebo.launch.xml
[0.495s] -- Installing: /home/vincent-pc/ros2_jazzy/install/my_robot_bringup/share/my_robot_bringup//config
[0.495s] -- Installing: /home/vincent-pc/ros2_jazzy/install/my_robot_bringup/share/my_robot_bringup//config/gazbo_bridge.yaml
[0.496s] -- Installing: /home/vincent-pc/ros2_jazzy/install/my_robot_bringup/share/ament_index/resource_index/package_run_dependencies/my_robot_bringup
[0.496s] -- Installing: /home/vincent-pc/ros2_jazzy/install/my_robot_bringup/share/ament_index/resource_index/parent_prefix_path/my_robot_bringup
[0.496s] -- Up-to-date: /home/vincent-pc/ros2_jazzy/install/my_robot_bringup/share/my_robot_bringup/environment/ament_prefix_path.sh
[0.496s] -- Up-to-date: /home/vincent-pc/ros2_jazzy/install/my_robot_bringup/share/my_robot_bringup/environment/ament_prefix_path.dsv
[0.496s] -- Up-to-date: /home/vincent-pc/ros2_jazzy/install/my_robot_bringup/share/my_robot_bringup/environment/path.sh
[0.496s] -- Up-to-date: /home/vincent-pc/ros2_jazzy/install/my_robot_bringup/share/my_robot_bringup/environment/path.dsv
[0.496s] -- Up-to-date: /home/vincent-pc/ros2_jazzy/install/my_robot_bringup/share/my_robot_bringup/local_setup.bash
[0.496s] -- Up-to-date: /home/vincent-pc/ros2_jazzy/install/my_robot_bringup/share/my_robot_bringup/local_setup.sh
[0.496s] -- Up-to-date: /home/vincent-pc/ros2_jazzy/install/my_robot_bringup/share/my_robot_bringup/local_setup.zsh
[0.496s] -- Up-to-date: /home/vincent-pc/ros2_jazzy/install/my_robot_bringup/share/my_robot_bringup/local_setup.dsv
[0.496s] -- Installing: /home/vincent-pc/ros2_jazzy/install/my_robot_bringup/share/my_robot_bringup/package.dsv
[0.497s] -- Up-to-date: /home/vincent-pc/ros2_jazzy/install/my_robot_bringup/share/ament_index/resource_index/packages/my_robot_bringup
[0.497s] -- Up-to-date: /home/vincent-pc/ros2_jazzy/install/my_robot_bringup/share/my_robot_bringup/cmake/my_robot_bringupConfig.cmake
[0.497s] -- Up-to-date: /home/vincent-pc/ros2_jazzy/install/my_robot_bringup/share/my_robot_bringup/cmake/my_robot_bringupConfig-version.cmake
[0.497s] -- Installing: /home/vincent-pc/ros2_jazzy/install/my_robot_bringup/share/my_robot_bringup/package.xml
[0.498s] Invoked command in '/home/vincent-pc/ros2_jazzy/build/my_robot_bringup' returned '0': CMAKE_PREFIX_PATH=${CMAKE_PREFIX_PATH}:/opt/ros/jazzy DEBUGINFOD_URLS=https://debuginfod.ubuntu.com /usr/bin/cmake --install /home/vincent-pc/ros2_jazzy/build/my_robot_bringup
