[0.820s] Invoking command in '/home/vincent-pc/ros2_jazzy/src/my_robot_python': DEBUGINFOD_URLS=https://debuginfod.ubuntu.com PYTHONPATH=/home/vincent-pc/ros2_jazzy/build/my_robot_python/prefix_override:/usr/lib/python3/dist-packages/colcon_core/task/python/colcon_distutils_commands:/home/vincent-pc/ros2_jazzy/install/my_robot_python/lib/python3.12/site-packages:${PYTHONPATH} /usr/bin/python3 -W ignore:setup.py install is deprecated -W ignore:easy_install command is deprecated setup.py egg_info --egg-base ../../build/my_robot_python build --build-base /home/vincent-pc/ros2_jazzy/build/my_robot_python/build install --record /home/vincent-pc/ros2_jazzy/build/my_robot_python/install.log --single-version-externally-managed install_data
[1.076s] running egg_info
[1.098s] writing ../../build/my_robot_python/my_robot_python.egg-info/PKG-INFO
[1.098s] writing dependency_links to ../../build/my_robot_python/my_robot_python.egg-info/dependency_links.txt
[1.098s] writing requirements to ../../build/my_robot_python/my_robot_python.egg-info/requires.txt
[1.099s] writing top-level names to ../../build/my_robot_python/my_robot_python.egg-info/top_level.txt
[1.138s] reading manifest file '../../build/my_robot_python/my_robot_python.egg-info/SOURCES.txt'
[1.138s] writing manifest file '../../build/my_robot_python/my_robot_python.egg-info/SOURCES.txt'
[1.139s] running build
[1.139s] running build_py
[1.139s] copying my_robot_python/my_robot.py -> /home/vincent-pc/ros2_jazzy/build/my_robot_python/build/lib/my_robot_python
[1.139s] running install
[1.146s] running install_lib
[1.165s] copying /home/vincent-pc/ros2_jazzy/build/my_robot_python/build/lib/my_robot_python/my_robot.py -> /home/vincent-pc/ros2_jazzy/install/my_robot_python/lib/python3.12/site-packages/my_robot_python
[1.165s] byte-compiling /home/vincent-pc/ros2_jazzy/install/my_robot_python/lib/python3.12/site-packages/my_robot_python/my_robot.py to my_robot.cpython-312.pyc
[1.165s]   File "/home/vincent-pc/ros2_jazzy/install/my_robot_python/lib/python3.12/site-packages/my_robot_python/my_robot.py", line 14
[1.165s]     self.counter1 + =1
[1.166s]                     ^
[1.166s] SyntaxError: invalid syntax
[1.166s] 
[1.166s] running install_data
[1.166s] running install_egg_info
[1.185s] removing '/home/vincent-pc/ros2_jazzy/install/my_robot_python/lib/python3.12/site-packages/my_robot_python-0.0.0-py3.12.egg-info' (and everything under it)
[1.185s] Copying ../../build/my_robot_python/my_robot_python.egg-info to /home/vincent-pc/ros2_jazzy/install/my_robot_python/lib/python3.12/site-packages/my_robot_python-0.0.0-py3.12.egg-info
[1.186s] running install_scripts
[1.313s] writing list of installed files to '/home/vincent-pc/ros2_jazzy/build/my_robot_python/install.log'
[1.346s] Invoked command in '/home/vincent-pc/ros2_jazzy/src/my_robot_python' returned '0': DEBUGINFOD_URLS=https://debuginfod.ubuntu.com PYTHONPATH=/home/vincent-pc/ros2_jazzy/build/my_robot_python/prefix_override:/usr/lib/python3/dist-packages/colcon_core/task/python/colcon_distutils_commands:/home/vincent-pc/ros2_jazzy/install/my_robot_python/lib/python3.12/site-packages:${PYTHONPATH} /usr/bin/python3 -W ignore:setup.py install is deprecated -W ignore:easy_install command is deprecated setup.py egg_info --egg-base ../../build/my_robot_python build --build-base /home/vincent-pc/ros2_jazzy/build/my_robot_python/build install --record /home/vincent-pc/ros2_jazzy/build/my_robot_python/install.log --single-version-externally-managed install_data
