[0.014s] Invoking command in '/home/vincent-pc/ros2_jazzy/build/my_robot_bringup': CMAKE_PREFIX_PATH=${CMAKE_PREFIX_PATH}:/opt/ros/jazzy DEBUGINFOD_URLS=https://debuginfod.ubuntu.com /usr/bin/cmake /home/vincent-pc/ros2_jazzy/src/my_robot_bringup -DCMAKE_INSTALL_PREFIX=/home/vincent-pc/ros2_jazzy/install/my_robot_bringup
[0.030s] -- Found ament_cmake: 2.5.4 (/opt/ros/jazzy/share/ament_cmake/cmake)
[0.257s] -- Override CMake install command with custom implementation using symlinks instead of copying resources
[0.370s] -- Configuring done (0.3s)
[0.375s] -- Generating done (0.0s)
[0.377s] -- Build files have been written to: /home/vincent-pc/ros2_jazzy/build/my_robot_bringup
[0.383s] Invoked command in '/home/vincent-pc/ros2_jazzy/build/my_robot_bringup' returned '0': CMAKE_PREFIX_PATH=${CMAKE_PREFIX_PATH}:/opt/ros/jazzy DEBUGINFOD_URLS=https://debuginfod.ubuntu.com /usr/bin/cmake /home/vincent-pc/ros2_jazzy/src/my_robot_bringup -DCMAKE_INSTALL_PREFIX=/home/vincent-pc/ros2_jazzy/install/my_robot_bringup
[0.384s] Invoking command in '/home/vincent-pc/ros2_jazzy/build/my_robot_bringup': CMAKE_PREFIX_PATH=${CMAKE_PREFIX_PATH}:/opt/ros/jazzy DEBUGINFOD_URLS=https://debuginfod.ubuntu.com /usr/bin/cmake --build /home/vincent-pc/ros2_jazzy/build/my_robot_bringup -- -j8 -l8
[0.431s] Invoked command in '/home/vincent-pc/ros2_jazzy/build/my_robot_bringup' returned '0': CMAKE_PREFIX_PATH=${CMAKE_PREFIX_PATH}:/opt/ros/jazzy DEBUGINFOD_URLS=https://debuginfod.ubuntu.com /usr/bin/cmake --build /home/vincent-pc/ros2_jazzy/build/my_robot_bringup -- -j8 -l8
[0.432s] Invoking command in '/home/vincent-pc/ros2_jazzy/build/my_robot_bringup': CMAKE_PREFIX_PATH=${CMAKE_PREFIX_PATH}:/opt/ros/jazzy DEBUGINFOD_URLS=https://debuginfod.ubuntu.com /usr/bin/cmake --install /home/vincent-pc/ros2_jazzy/build/my_robot_bringup
[0.440s] -- Install configuration: ""
[0.440s] -- Execute custom install script
[0.441s] -- Up-to-date symlink: /home/vincent-pc/ros2_jazzy/install/my_robot_bringup/share/my_robot_bringup//launch/my_arm_gazebo.launch.xml
[0.441s] -- Up-to-date symlink: /home/vincent-pc/ros2_jazzy/install/my_robot_bringup/share/my_robot_bringup//launch/my_robot_gazebo.launch.xml
[0.441s] -- Up-to-date symlink: /home/vincent-pc/ros2_jazzy/install/my_robot_bringup/share/my_robot_bringup//launch/my_robot_gazebo_teleop.launch.xml
[0.442s] -- Up-to-date symlink: /home/vincent-pc/ros2_jazzy/install/my_robot_bringup/share/my_robot_bringup//config/gazebo_bridge.yaml
[0.442s] -- Up-to-date symlink: /home/vincent-pc/ros2_jazzy/install/my_robot_bringup/share/my_robot_bringup//worlds/test_world.sdf
[0.442s] -- Up-to-date symlink: /home/vincent-pc/ros2_jazzy/install/my_robot_bringup/share/ament_index/resource_index/package_run_dependencies/my_robot_bringup
[0.442s] -- Up-to-date symlink: /home/vincent-pc/ros2_jazzy/install/my_robot_bringup/share/ament_index/resource_index/parent_prefix_path/my_robot_bringup
[0.442s] -- Up-to-date symlink: /home/vincent-pc/ros2_jazzy/install/my_robot_bringup/share/my_robot_bringup/environment/ament_prefix_path.sh
[0.442s] -- Up-to-date symlink: /home/vincent-pc/ros2_jazzy/install/my_robot_bringup/share/my_robot_bringup/environment/ament_prefix_path.dsv
[0.442s] -- Up-to-date symlink: /home/vincent-pc/ros2_jazzy/install/my_robot_bringup/share/my_robot_bringup/environment/path.sh
[0.443s] -- Up-to-date symlink: /home/vincent-pc/ros2_jazzy/install/my_robot_bringup/share/my_robot_bringup/environment/path.dsv
[0.443s] -- Up-to-date symlink: /home/vincent-pc/ros2_jazzy/install/my_robot_bringup/share/my_robot_bringup/local_setup.bash
[0.443s] -- Up-to-date symlink: /home/vincent-pc/ros2_jazzy/install/my_robot_bringup/share/my_robot_bringup/local_setup.sh
[0.444s] -- Up-to-date symlink: /home/vincent-pc/ros2_jazzy/install/my_robot_bringup/share/my_robot_bringup/local_setup.zsh
[0.444s] -- Up-to-date symlink: /home/vincent-pc/ros2_jazzy/install/my_robot_bringup/share/my_robot_bringup/local_setup.dsv
[0.444s] -- Symlinking: /home/vincent-pc/ros2_jazzy/install/my_robot_bringup/share/my_robot_bringup/package.dsv
[0.453s] -- Up-to-date symlink: /home/vincent-pc/ros2_jazzy/install/my_robot_bringup/share/ament_index/resource_index/packages/my_robot_bringup
[0.453s] -- Up-to-date symlink: /home/vincent-pc/ros2_jazzy/install/my_robot_bringup/share/my_robot_bringup/cmake/my_robot_bringupConfig.cmake
[0.453s] -- Up-to-date symlink: /home/vincent-pc/ros2_jazzy/install/my_robot_bringup/share/my_robot_bringup/cmake/my_robot_bringupConfig-version.cmake
[0.454s] -- Up-to-date symlink: /home/vincent-pc/ros2_jazzy/install/my_robot_bringup/share/my_robot_bringup/package.xml
[0.471s] Invoked command in '/home/vincent-pc/ros2_jazzy/build/my_robot_bringup' returned '0': CMAKE_PREFIX_PATH=${CMAKE_PREFIX_PATH}:/opt/ros/jazzy DEBUGINFOD_URLS=https://debuginfod.ubuntu.com /usr/bin/cmake --install /home/vincent-pc/ros2_jazzy/build/my_robot_bringup
