[0.020s] Invoking command in '/home/vincent-pc/ros2_jazzy/build/my_robot_cpp': CMAKE_PREFIX_PATH=${CMAKE_PREFIX_PATH}:/home/vincent-pc/ros2_jazzy/install/my_robot_python:/opt/ros/jazzy DEBUGINFOD_URLS=https://debuginfod.ubuntu.com /usr/bin/cmake --build /home/vincent-pc/ros2_jazzy/build/my_robot_cpp -- -j8 -l8
[0.063s] -- Found ament_cmake: 2.5.4 (/opt/ros/jazzy/share/ament_cmake/cmake)
[0.421s] -- Override CMake install command with custom implementation using symlinks instead of copying resources
[0.442s] -- Found rclcpp: 28.1.10 (/opt/ros/jazzy/share/rclcpp/cmake)
[0.503s] -- Found rosidl_generator_c: 4.6.5 (/opt/ros/jazzy/share/rosidl_generator_c/cmake)
[0.524s] -- Found rosidl_generator_cpp: 4.6.5 (/opt/ros/jazzy/share/rosidl_generator_cpp/cmake)
[0.546s] -- Using all available rosidl_typesupport_c: rosidl_typesupport_fastrtps_c;rosidl_typesupport_introspection_c
[0.574s] -- Using all available rosidl_typesupport_cpp: rosidl_typesupport_fastrtps_cpp;rosidl_typesupport_introspection_cpp
[0.687s] -- Found rmw_implementation_cmake: 7.3.2 (/opt/ros/jazzy/share/rmw_implementation_cmake/cmake)
[0.691s] -- Found rmw_fastrtps_cpp: 8.4.2 (/opt/ros/jazzy/share/rmw_fastrtps_cpp/cmake)
[0.803s] -- Using RMW implementation 'rmw_fastrtps_cpp' as default
[0.915s] -- Found geometry_msgs: 5.3.6 (/opt/ros/jazzy/share/geometry_msgs/cmake)
[1.128s] -- Configuring done (1.1s)
[1.156s] -- Generating done (0.0s)
[1.164s] -- Build files have been written to: /home/vincent-pc/ros2_jazzy/build/my_robot_cpp
[1.230s] [ 50%] [32mBuilding CXX object CMakeFiles/my_robot_differential_cpp.dir/src/my_robot_differential.cpp.o[0m
[1.231s] [ 50%] [32mBuilding CXX object CMakeFiles/my_robot_master_cpp.dir/src/my_robot_master.cpp.o[0m
[5.095s] [01m[K/home/vincent-pc/ros2_jazzy/src/my_robot_cpp/src/my_robot_master.cpp:[m[K In member function ‘[01m[Kvoid MyRobotNode::[01;32m[Ksubscriber_callback[m[K(std_msgs::msg::String_<std::allocator<void> >::SharedPtr)[m[K’:
[5.095s] [01m[K/home/vincent-pc/ros2_jazzy/src/my_robot_cpp/src/my_robot_master.cpp:23:17:[m[K [01;31m[Kerror: [m[Kno match for ‘[01m[Koperator==[m[K’ (operand types are ‘[01m[Kconst std_msgs::msg::String_<std::allocator<void> >::SharedPtr[m[K’ {aka ‘[01m[Kconst std::shared_ptr<std_msgs::msg::String_<std::allocator<void> > >[m[K’} and ‘[01m[Kconst char [7][m[K’)
[5.095s]    23 |         if ([32m[Kmsg[m[K [01;31m[K==[m[K [34m[K"diffok"[m[K)
[5.096s]       |             [32m[K~~~[m[K [01;31m[K^~[m[K [34m[K~~~~~~~~[m[K
[5.096s]       |             [32m[K|[m[K      [34m[K|[m[K
[5.096s]       |             [32m[K|[m[K      [34m[Kconst char [7][m[K
[5.097s]       |             [32m[Kconst std_msgs::msg::String_<std::allocator<void> >::SharedPtr {aka const std::shared_ptr<std_msgs::msg::String_<std::allocator<void> > >}[m[K
[5.097s] In file included from [01m[K/usr/include/c++/13/memory:65[m[K,
[5.097s]                  from [01m[K/opt/ros/jazzy/include/rclcpp/rclcpp/rclcpp.hpp:169[m[K,
[5.097s]                  from [01m[K/home/vincent-pc/ros2_jazzy/src/my_robot_cpp/src/my_robot_master.cpp:1[m[K:
[5.097s] [01m[K/usr/include/c++/13/bits/allocator.h:237:5:[m[K [01;36m[Knote: [m[Kcandidate: ‘[01m[Ktemplate<class _T1, class _T2> bool std::[01;32m[Koperator==[m[K(const allocator<_Tp1>&, const allocator<_T2>&)[m[K’
[5.097s]   237 |     [01;36m[Koperator[m[K==(const allocator<_T1>&, const allocator<_T2>&)
[5.097s]       |     [01;36m[K^~~~~~~~[m[K
[5.097s] [01m[K/usr/include/c++/13/bits/allocator.h:237:5:[m[K [01;36m[Knote: [m[K  template argument deduction/substitution failed:
[5.098s] [01m[K/home/vincent-pc/ros2_jazzy/src/my_robot_cpp/src/my_robot_master.cpp:23:20:[m[K [01;36m[Knote: [m[K  ‘[01m[Kconst std_msgs::msg::String_<std::allocator<void> >::SharedPtr[m[K’ {aka ‘[01m[Kconst std::shared_ptr<std_msgs::msg::String_<std::allocator<void> > >[m[K’} is not derived from ‘[01m[Kconst std::allocator<_Tp1>[m[K’
[5.098s]    23 |         if (msg == [01;36m[K"diffok"[m[K)
[5.098s]       |                    [01;36m[K^~~~~~~~[m[K
[5.098s] In file included from [01m[K/usr/include/c++/13/bits/stl_tempbuf.h:62[m[K,
[5.099s]                  from [01m[K/usr/include/c++/13/memory:66[m[K:
[5.100s] [01m[K/usr/include/c++/13/bits/stl_pair.h:812:5:[m[K [01;36m[Knote: [m[Kcandidate: ‘[01m[Ktemplate<class _T1, class _T2> constexpr bool std::[01;32m[Koperator==[m[K(const pair<_T1, _T2>&, const pair<_T1, _T2>&)[m[K’
[5.100s]   812 |     [01;36m[Koperator[m[K==(const pair<_T1, _T2>& __x, const pair<_T1, _T2>& __y)
[5.100s]       |     [01;36m[K^~~~~~~~[m[K
[5.101s] [01m[K/usr/include/c++/13/bits/stl_pair.h:812:5:[m[K [01;36m[Knote: [m[K  template argument deduction/substitution failed:
[5.101s] [01m[K/home/vincent-pc/ros2_jazzy/src/my_robot_cpp/src/my_robot_master.cpp:23:20:[m[K [01;36m[Knote: [m[K  ‘[01m[Kconst std_msgs::msg::String_<std::allocator<void> >::SharedPtr[m[K’ {aka ‘[01m[Kconst std::shared_ptr<std_msgs::msg::String_<std::allocator<void> > >[m[K’} is not derived from ‘[01m[Kconst std::pair<_T1, _T2>[m[K’
[5.101s]    23 |         if (msg == [01;36m[K"diffok"[m[K)
[5.102s]       |                    [01;36m[K^~~~~~~~[m[K
[5.102s] In file included from [01m[K/usr/include/c++/13/bits/stl_algobase.h:67[m[K,
[5.103s]                  from [01m[K/usr/include/c++/13/bits/stl_uninitialized.h:63[m[K,
[5.104s]                  from [01m[K/usr/include/c++/13/memory:69[m[K:
[5.104s] [01m[K/usr/include/c++/13/bits/stl_iterator.h:448:5:[m[K [01;36m[Knote: [m[Kcandidate: ‘[01m[Ktemplate<class _Iterator> constexpr bool std::[01;32m[Koperator==[m[K(const reverse_iterator<_Iterator>&, const reverse_iterator<_Iterator>&)[m[K’
[5.104s]   448 |     [01;36m[Koperator[m[K==(const reverse_iterator<_Iterator>& __x,
[5.104s]       |     [01;36m[K^~~~~~~~[m[K
[5.105s] [01m[K/usr/include/c++/13/bits/stl_iterator.h:448:5:[m[K [01;36m[Knote: [m[K  template argument deduction/substitution failed:
[5.111s] [01m[K/home/vincent-pc/ros2_jazzy/src/my_robot_cpp/src/my_robot_master.cpp:23:20:[m[K [01;36m[Knote: [m[K  ‘[01m[Kconst std_msgs::msg::String_<std::allocator<void> >::SharedPtr[m[K’ {aka ‘[01m[Kconst std::shared_ptr<std_msgs::msg::String_<std::allocator<void> > >[m[K’} is not derived from ‘[01m[Kconst std::reverse_iterator<_Iterator>[m[K’
[5.111s]    23 |         if (msg == [01;36m[K"diffok"[m[K)
[5.111s]       |                    [01;36m[K^~~~~~~~[m[K
[5.111s] [01m[K/usr/include/c++/13/bits/stl_iterator.h:493:5:[m[K [01;36m[Knote: [m[Kcandidate: ‘[01m[Ktemplate<class _IteratorL, class _IteratorR> constexpr bool std::[01;32m[Koperator==[m[K(const reverse_iterator<_Iterator>&, const reverse_iterator<_IteratorR>&)[m[K’
[5.112s]   493 |     [01;36m[Koperator[m[K==(const reverse_iterator<_IteratorL>& __x,
[5.112s]       |     [01;36m[K^~~~~~~~[m[K
[5.112s] [01m[K/usr/include/c++/13/bits/stl_iterator.h:493:5:[m[K [01;36m[Knote: [m[K  template argument deduction/substitution failed:
[5.112s] [01m[K/home/vincent-pc/ros2_jazzy/src/my_robot_cpp/src/my_robot_master.cpp:23:20:[m[K [01;36m[Knote: [m[K  ‘[01m[Kconst std_msgs::msg::String_<std::allocator<void> >::SharedPtr[m[K’ {aka ‘[01m[Kconst std::shared_ptr<std_msgs::msg::String_<std::allocator<void> > >[m[K’} is not derived from ‘[01m[Kconst std::reverse_iterator<_Iterator>[m[K’
[5.112s]    23 |         if (msg == [01;36m[K"diffok"[m[K)
[5.112s]       |                    [01;36m[K^~~~~~~~[m[K
[5.113s] [01m[K/usr/include/c++/13/bits/stl_iterator.h:1678:5:[m[K [01;36m[Knote: [m[Kcandidate: ‘[01m[Ktemplate<class _IteratorL, class _IteratorR> constexpr bool std::[01;32m[Koperator==[m[K(const move_iterator<_IteratorL>&, const move_iterator<_IteratorR>&)[m[K’
[5.113s]  1678 |     [01;36m[Koperator[m[K==(const move_iterator<_IteratorL>& __x,
[5.113s]       |     [01;36m[K^~~~~~~~[m[K
[5.114s] [01m[K/usr/include/c++/13/bits/stl_iterator.h:1678:5:[m[K [01;36m[Knote: [m[K  template argument deduction/substitution failed:
[5.114s] [01m[K/home/vincent-pc/ros2_jazzy/src/my_robot_cpp/src/my_robot_master.cpp:23:20:[m[K [01;36m[Knote: [m[K  ‘[01m[Kconst std_msgs::msg::String_<std::allocator<void> >::SharedPtr[m[K’ {aka ‘[01m[Kconst std::shared_ptr<std_msgs::msg::String_<std::allocator<void> > >[m[K’} is not derived from ‘[01m[Kconst std::move_iterator<_IteratorL>[m[K’
[5.114s]    23 |         if (msg == [01;36m[K"diffok"[m[K)
[5.114s]       |                    [01;36m[K^~~~~~~~[m[K
[5.115s] [01m[K/usr/include/c++/13/bits/stl_iterator.h:1748:5:[m[K [01;36m[Knote: [m[Kcandidate: ‘[01m[Ktemplate<class _Iterator> constexpr bool std::[01;32m[Koperator==[m[K(const move_iterator<_IteratorL>&, const move_iterator<_IteratorL>&)[m[K’
[5.115s]  1748 |     [01;36m[Koperator[m[K==(const move_iterator<_Iterator>& __x,
[5.115s]       |     [01;36m[K^~~~~~~~[m[K
[5.115s] [01m[K/usr/include/c++/13/bits/stl_iterator.h:1748:5:[m[K [01;36m[Knote: [m[K  template argument deduction/substitution failed:
[5.115s] [01m[K/home/vincent-pc/ros2_jazzy/src/my_robot_cpp/src/my_robot_master.cpp:23:20:[m[K [01;36m[Knote: [m[K  ‘[01m[Kconst std_msgs::msg::String_<std::allocator<void> >::SharedPtr[m[K’ {aka ‘[01m[Kconst std::shared_ptr<std_msgs::msg::String_<std::allocator<void> > >[m[K’} is not derived from ‘[01m[Kconst std::move_iterator<_IteratorL>[m[K’
[5.116s]    23 |         if (msg == [01;36m[K"diffok"[m[K)
[5.117s]       |                    [01;36m[K^~~~~~~~[m[K
[5.117s] In file included from [01m[K/usr/include/c++/13/bits/unique_ptr.h:36[m[K,
[5.117s]                  from [01m[K/usr/include/c++/13/memory:78[m[K:
[5.117s] [01m[K/usr/include/c++/13/tuple:1919:5:[m[K [01;36m[Knote: [m[Kcandidate: ‘[01m[Ktemplate<class ... _TElements, class ... _UElements> constexpr bool std::[01;32m[Koperator==[m[K(const tuple<_UTypes ...>&, const tuple<_UTypes ...>&)[m[K’
[5.118s]  1919 |     [01;36m[Koperator[m[K==(const tuple<_TElements...>& __t,
[5.118s]       |     [01;36m[K^~~~~~~~[m[K
[5.118s] [01m[K/usr/include/c++/13/tuple:1919:5:[m[K [01;36m[Knote: [m[K  template argument deduction/substitution failed:
[5.119s] [01m[K/home/vincent-pc/ros2_jazzy/src/my_robot_cpp/src/my_robot_master.cpp:23:20:[m[K [01;36m[Knote: [m[K  ‘[01m[Kconst std_msgs::msg::String_<std::allocator<void> >::SharedPtr[m[K’ {aka ‘[01m[Kconst std::shared_ptr<std_msgs::msg::String_<std::allocator<void> > >[m[K’} is not derived from ‘[01m[Kconst std::tuple<_UTypes ...>[m[K’
[5.119s]    23 |         if (msg == [01;36m[K"diffok"[m[K)
[5.119s]       |                    [01;36m[K^~~~~~~~[m[K
[5.119s] [01m[K/usr/include/c++/13/bits/unique_ptr.h:829:5:[m[K [01;36m[Knote: [m[Kcandidate: ‘[01m[Ktemplate<class _Tp, class _Dp, class _Up, class _Ep> bool std::[01;32m[Koperator==[m[K(const unique_ptr<_Tp, _Dp>&, const unique_ptr<_Up, _Ep>&)[m[K’
[5.119s]   829 |     [01;36m[Koperator[m[K==(const unique_ptr<_Tp, _Dp>& __x,
[5.119s]       |     [01;36m[K^~~~~~~~[m[K
[5.120s] [01m[K/usr/include/c++/13/bits/unique_ptr.h:829:5:[m[K [01;36m[Knote: [m[K  template argument deduction/substitution failed:
[5.120s] [01m[K/home/vincent-pc/ros2_jazzy/src/my_robot_cpp/src/my_robot_master.cpp:23:20:[m[K [01;36m[Knote: [m[K  ‘[01m[Kconst std_msgs::msg::String_<std::allocator<void> >::SharedPtr[m[K’ {aka ‘[01m[Kconst std::shared_ptr<std_msgs::msg::String_<std::allocator<void> > >[m[K’} is not derived from ‘[01m[Kconst std::unique_ptr<_Tp, _Dp>[m[K’
[5.120s]    23 |         if (msg == [01;36m[K"diffok"[m[K)
[5.120s]       |                    [01;36m[K^~~~~~~~[m[K
[5.121s] [01m[K/usr/include/c++/13/bits/unique_ptr.h:837:5:[m[K [01;36m[Knote: [m[Kcandidate: ‘[01m[Ktemplate<class _Tp, class _Dp> bool std::[01;32m[Koperator==[m[K(const unique_ptr<_Tp, _Dp>&, nullptr_t)[m[K’
[5.121s]   837 |     [01;36m[Koperator[m[K==(const unique_ptr<_Tp, _Dp>& __x, nullptr_t) noexcept
[5.121s]       |     [01;36m[K^~~~~~~~[m[K
[5.122s] [01m[K/usr/include/c++/13/bits/unique_ptr.h:837:5:[m[K [01;36m[Knote: [m[K  template argument deduction/substitution failed:
[5.122s] [01m[K/home/vincent-pc/ros2_jazzy/src/my_robot_cpp/src/my_robot_master.cpp:23:20:[m[K [01;36m[Knote: [m[K  ‘[01m[Kconst std_msgs::msg::String_<std::allocator<void> >::SharedPtr[m[K’ {aka ‘[01m[Kconst std::shared_ptr<std_msgs::msg::String_<std::allocator<void> > >[m[K’} is not derived from ‘[01m[Kconst std::unique_ptr<_Tp, _Dp>[m[K’
[5.122s]    23 |         if (msg == [01;36m[K"diffok"[m[K)
[5.122s]       |                    [01;36m[K^~~~~~~~[m[K
[5.123s] [01m[K/usr/include/c++/13/bits/unique_ptr.h:845:5:[m[K [01;36m[Knote: [m[Kcandidate: ‘[01m[Ktemplate<class _Tp, class _Dp> bool std::[01;32m[Koperator==[m[K(nullptr_t, const unique_ptr<_Tp, _Dp>&)[m[K’
[5.123s]   845 |     [01;36m[Koperator[m[K==(nullptr_t, const unique_ptr<_Tp, _Dp>& __x) noexcept
[5.123s]       |     [01;36m[K^~~~~~~~[m[K
[5.123s] [01m[K/usr/include/c++/13/bits/unique_ptr.h:845:5:[m[K [01;36m[Knote: [m[K  template argument deduction/substitution failed:
[5.123s] [01m[K/home/vincent-pc/ros2_jazzy/src/my_robot_cpp/src/my_robot_master.cpp:23:20:[m[K [01;36m[Knote: [m[K  mismatched types ‘[01m[Kconst std::unique_ptr<_Tp, _Dp>[m[K’ and ‘[01m[Kconst char [7][m[K’
[5.123s]    23 |         if (msg == [01;36m[K"diffok"[m[K)
[5.124s]       |                    [01;36m[K^~~~~~~~[m[K
[5.124s] In file included from [01m[K/usr/include/c++/13/iosfwd:42[m[K,
[5.124s]                  from [01m[K/usr/include/c++/13/bits/shared_ptr.h:52[m[K,
[5.124s]                  from [01m[K/usr/include/c++/13/memory:80[m[K:
[5.125s] [01m[K/usr/include/c++/13/bits/postypes.h:192:5:[m[K [01;36m[Knote: [m[Kcandidate: ‘[01m[Ktemplate<class _StateT> bool std::[01;32m[Koperator==[m[K(const fpos<_StateT>&, const fpos<_StateT>&)[m[K’
[5.125s]   192 |     [01;36m[Koperator[m[K==(const fpos<_StateT>& __lhs, const fpos<_StateT>& __rhs)
[5.125s]       |     [01;36m[K^~~~~~~~[m[K
[5.125s] [01m[K/usr/include/c++/13/bits/postypes.h:192:5:[m[K [01;36m[Knote: [m[K  template argument deduction/substitution failed:
[5.125s] [01m[K/home/vincent-pc/ros2_jazzy/src/my_robot_cpp/src/my_robot_master.cpp:23:20:[m[K [01;36m[Knote: [m[K  ‘[01m[Kconst std_msgs::msg::String_<std::allocator<void> >::SharedPtr[m[K’ {aka ‘[01m[Kconst std::shared_ptr<std_msgs::msg::String_<std::allocator<void> > >[m[K’} is not derived from ‘[01m[Kconst std::fpos<_StateT>[m[K’
[5.126s]    23 |         if (msg == [01;36m[K"diffok"[m[K)
[5.126s]       |                    [01;36m[K^~~~~~~~[m[K
[5.126s] In file included from [01m[K/usr/include/c++/13/bits/shared_ptr.h:53[m[K:
[5.126s] [01m[K/usr/include/c++/13/bits/shared_ptr_base.h:1793:5:[m[K [01;36m[Knote: [m[Kcandidate: ‘[01m[Ktemplate<class _Tp1, class _Tp2, __gnu_cxx::_Lock_policy _Lp> bool std::[01;32m[Koperator==[m[K(const __shared_ptr<_Tp1, _Lp>&, const __shared_ptr<_Tp2, _Lp>&)[m[K’
[5.126s]  1793 |     [01;36m[Koperator[m[K==(const __shared_ptr<_Tp1, _Lp>& __a,
[5.126s]       |     [01;36m[K^~~~~~~~[m[K
[5.126s] [01m[K/usr/include/c++/13/bits/shared_ptr_base.h:1793:5:[m[K [01;36m[Knote: [m[K  template argument deduction/substitution failed:
[5.127s] [01m[K/home/vincent-pc/ros2_jazzy/src/my_robot_cpp/src/my_robot_master.cpp:23:20:[m[K [01;36m[Knote: [m[K  mismatched types ‘[01m[Kconst std::__shared_ptr<_Tp2, _Lp>[m[K’ and ‘[01m[Kconst char [7][m[K’
[5.127s]    23 |         if (msg == [01;36m[K"diffok"[m[K)
[5.127s]       |                    [01;36m[K^~~~~~~~[m[K
[5.128s] [01m[K/usr/include/c++/13/bits/shared_ptr_base.h:1799:5:[m[K [01;36m[Knote: [m[Kcandidate: ‘[01m[Ktemplate<class _Tp, __gnu_cxx::_Lock_policy _Lp> bool std::[01;32m[Koperator==[m[K(const __shared_ptr<_Tp, _Lp>&, nullptr_t)[m[K’
[5.128s]  1799 |     [01;36m[Koperator[m[K==(const __shared_ptr<_Tp, _Lp>& __a, nullptr_t) noexcept
[5.128s]       |     [01;36m[K^~~~~~~~[m[K
[5.128s] [01m[K/usr/include/c++/13/bits/shared_ptr_base.h:1799:5:[m[K [01;36m[Knote: [m[K  template argument deduction/substitution failed:
[5.128s] [01m[K/home/vincent-pc/ros2_jazzy/src/my_robot_cpp/src/my_robot_master.cpp:23:20:[m[K [01;36m[Knote: [m[K  cannot convert ‘[01m[K"diffok"[m[K’ (type ‘[01m[Kconst char [7][m[K’) to type ‘[01m[Kstd::nullptr_t[m[K’
[5.128s]    23 |         if (msg == [01;36m[K"diffok"[m[K)
[5.129s]       |                    [01;36m[K^~~~~~~~[m[K
[5.129s] [01m[K/usr/include/c++/13/bits/shared_ptr_base.h:1819:5:[m[K [01;36m[Knote: [m[Kcandidate: ‘[01m[Ktemplate<class _Tp, __gnu_cxx::_Lock_policy _Lp> bool std::[01;32m[Koperator==[m[K(nullptr_t, const __shared_ptr<_Tp, _Lp>&)[m[K’
[5.129s]  1819 |     [01;36m[Koperator[m[K==(nullptr_t, const __shared_ptr<_Tp, _Lp>& __a) noexcept
[5.129s]       |     [01;36m[K^~~~~~~~[m[K
[5.129s] [01m[K/usr/include/c++/13/bits/shared_ptr_base.h:1819:5:[m[K [01;36m[Knote: [m[K  template argument deduction/substitution failed:
[5.130s] [01m[K/home/vincent-pc/ros2_jazzy/src/my_robot_cpp/src/my_robot_master.cpp:23:20:[m[K [01;36m[Knote: [m[K  mismatched types ‘[01m[Kconst std::__shared_ptr<_Tp, _Lp>[m[K’ and ‘[01m[Kconst char [7][m[K’
[5.130s]    23 |         if (msg == [01;36m[K"diffok"[m[K)
[5.130s]       |                    [01;36m[K^~~~~~~~[m[K
[5.130s] [01m[K/usr/include/c++/13/bits/shared_ptr.h:555:5:[m[K [01;36m[Knote: [m[Kcandidate: ‘[01m[Ktemplate<class _Tp, class _Up> bool std::[01;32m[Koperator==[m[K(const shared_ptr<_Tp>&, const shared_ptr<_Tp>&)[m[K’
[5.130s]   555 |     [01;36m[Koperator[m[K==(const shared_ptr<_Tp>& __a, const shared_ptr<_Up>& __b) noexcept
[5.130s]       |     [01;36m[K^~~~~~~~[m[K
[5.131s] [01m[K/usr/include/c++/13/bits/shared_ptr.h:555:5:[m[K [01;36m[Knote: [m[K  template argument deduction/substitution failed:
[5.131s] [01m[K/home/vincent-pc/ros2_jazzy/src/my_robot_cpp/src/my_robot_master.cpp:23:20:[m[K [01;36m[Knote: [m[K  mismatched types ‘[01m[Kconst std::shared_ptr<_Tp>[m[K’ and ‘[01m[Kconst char [7][m[K’
[5.131s]    23 |         if (msg == [01;36m[K"diffok"[m[K)
[5.131s]       |                    [01;36m[K^~~~~~~~[m[K
[5.131s] [01m[K/usr/include/c++/13/bits/shared_ptr.h:561:5:[m[K [01;36m[Knote: [m[Kcandidate: ‘[01m[Ktemplate<class _Tp> bool std::[01;32m[Koperator==[m[K(const shared_ptr<_Tp>&, nullptr_t)[m[K’
[5.131s]   561 |     [01;36m[Koperator[m[K==(const shared_ptr<_Tp>& __a, nullptr_t) noexcept
[5.132s]       |     [01;36m[K^~~~~~~~[m[K
[5.132s] [01m[K/usr/include/c++/13/bits/shared_ptr.h:561:5:[m[K [01;36m[Knote: [m[K  template argument deduction/substitution failed:
[5.132s] [01m[K/home/vincent-pc/ros2_jazzy/src/my_robot_cpp/src/my_robot_master.cpp:23:20:[m[K [01;36m[Knote: [m[K  cannot convert ‘[01m[K"diffok"[m[K’ (type ‘[01m[Kconst char [7][m[K’) to type ‘[01m[Kstd::nullptr_t[m[K’
[5.132s]    23 |         if (msg == [01;36m[K"diffok"[m[K)
[5.132s]       |                    [01;36m[K^~~~~~~~[m[K
[5.132s] [01m[K/usr/include/c++/13/bits/shared_ptr.h:582:5:[m[K [01;36m[Knote: [m[Kcandidate: ‘[01m[Ktemplate<class _Tp> bool std::[01;32m[Koperator==[m[K(nullptr_t, const shared_ptr<_Tp>&)[m[K’
[5.132s]   582 |     [01;36m[Koperator[m[K==(nullptr_t, const shared_ptr<_Tp>& __a) noexcept
[5.133s]       |     [01;36m[K^~~~~~~~[m[K
[5.133s] [01m[K/usr/include/c++/13/bits/shared_ptr.h:582:5:[m[K [01;36m[Knote: [m[K  template argument deduction/substitution failed:
[5.133s] [01m[K/home/vincent-pc/ros2_jazzy/src/my_robot_cpp/src/my_robot_master.cpp:23:20:[m[K [01;36m[Knote: [m[K  mismatched types ‘[01m[Kconst std::shared_ptr<_Tp>[m[K’ and ‘[01m[Kconst char [7][m[K’
[5.133s]    23 |         if (msg == [01;36m[K"diffok"[m[K)
[5.133s]       |                    [01;36m[K^~~~~~~~[m[K
[5.133s] In file included from [01m[K/usr/include/c++/13/bits/basic_string.h:47[m[K,
[5.134s]                  from [01m[K/usr/include/c++/13/string:54[m[K,
[5.134s]                  from [01m[K/opt/ros/jazzy/include/rclcpp/rclcpp/copy_all_parameter_values.hpp:18[m[K,
[5.134s]                  from [01m[K/opt/ros/jazzy/include/rclcpp/rclcpp/rclcpp.hpp:171[m[K:
[5.135s] [01m[K/usr/include/c++/13/string_view:609:5:[m[K [01;36m[Knote: [m[Kcandidate: ‘[01m[Ktemplate<class _CharT, class _Traits> constexpr bool std::[01;32m[Koperator==[m[K(basic_string_view<_CharT, _Traits>, basic_string_view<_CharT, _Traits>)[m[K’
[5.135s]   609 |     [01;36m[Koperator[m[K==(basic_string_view<_CharT, _Traits> __x,
[5.135s]       |     [01;36m[K^~~~~~~~[m[K
[5.135s] [01m[K/usr/include/c++/13/string_view:609:5:[m[K [01;36m[Knote: [m[K  template argument deduction/substitution failed:
[5.135s] [01m[K/home/vincent-pc/ros2_jazzy/src/my_robot_cpp/src/my_robot_master.cpp:23:20:[m[K [01;36m[Knote: [m[K  ‘[01m[Kstd::shared_ptr<std_msgs::msg::String_<std::allocator<void> > >[m[K’ is not derived from ‘[01m[Kstd::basic_string_view<_CharT, _Traits>[m[K’
[5.135s]    23 |         if (msg == [01;36m[K"diffok"[m[K)
[5.136s]       |                    [01;36m[K^~~~~~~~[m[K
[5.136s] [01m[K/usr/include/c++/13/string_view:616:5:[m[K [01;36m[Knote: [m[Kcandidate: ‘[01m[Ktemplate<class _CharT, class _Traits> constexpr bool std::[01;32m[Koperator==[m[K(basic_string_view<_CharT, _Traits>, __type_identity_t<basic_string_view<_CharT, _Traits> >)[m[K’
[5.136s]   616 |     [01;36m[Koperator[m[K==(basic_string_view<_CharT, _Traits> __x,
[5.136s]       |     [01;36m[K^~~~~~~~[m[K
[5.136s] [01m[K/usr/include/c++/13/string_view:616:5:[m[K [01;36m[Knote: [m[K  template argument deduction/substitution failed:
[5.137s] [01m[K/home/vincent-pc/ros2_jazzy/src/my_robot_cpp/src/my_robot_master.cpp:23:20:[m[K [01;36m[Knote: [m[K  ‘[01m[Kstd::shared_ptr<std_msgs::msg::String_<std::allocator<void> > >[m[K’ is not derived from ‘[01m[Kstd::basic_string_view<_CharT, _Traits>[m[K’
[5.137s]    23 |         if (msg == [01;36m[K"diffok"[m[K)
[5.138s]       |                    [01;36m[K^~~~~~~~[m[K
[5.138s] [01m[K/usr/include/c++/13/string_view:642:5:[m[K [01;36m[Knote: [m[Kcandidate: ‘[01m[Ktemplate<class _CharT, class _Traits> constexpr bool std::[01;32m[Koperator==[m[K(__type_identity_t<basic_string_view<_CharT, _Traits> >, basic_string_view<_CharT, _Traits>)[m[K’
[5.139s]   642 |     [01;36m[Koperator[m[K==(__type_identity_t<basic_string_view<_CharT, _Traits>> __x,
[5.139s]       |     [01;36m[K^~~~~~~~[m[K
[5.139s] [01m[K/usr/include/c++/13/string_view:642:5:[m[K [01;36m[Knote: [m[K  template argument deduction/substitution failed:
[5.139s] [01m[K/home/vincent-pc/ros2_jazzy/src/my_robot_cpp/src/my_robot_master.cpp:23:20:[m[K [01;36m[Knote: [m[K  mismatched types ‘[01m[Kstd::basic_string_view<_CharT, _Traits>[m[K’ and ‘[01m[Kconst char*[m[K’
[5.139s]    23 |         if (msg == [01;36m[K"diffok"[m[K)
[5.140s]       |                    [01;36m[K^~~~~~~~[m[K
[5.140s] [01m[K/usr/include/c++/13/bits/basic_string.h:3710:5:[m[K [01;36m[Knote: [m[Kcandidate: ‘[01m[Ktemplate<class _CharT, class _Traits, class _Alloc> bool std::[01;32m[Koperator==[m[K(const __cxx11::basic_string<_CharT, _Traits, _Allocator>&, const __cxx11::basic_string<_CharT, _Traits, _Allocator>&)[m[K’
[5.140s]  3710 |     [01;36m[Koperator[m[K==(const basic_string<_CharT, _Traits, _Alloc>& __lhs,
[5.140s]       |     [01;36m[K^~~~~~~~[m[K
[5.140s] [01m[K/usr/include/c++/13/bits/basic_string.h:3710:5:[m[K [01;36m[Knote: [m[K  template argument deduction/substitution failed:
[5.141s] [01m[K/home/vincent-pc/ros2_jazzy/src/my_robot_cpp/src/my_robot_master.cpp:23:20:[m[K [01;36m[Knote: [m[K  ‘[01m[Kconst std_msgs::msg::String_<std::allocator<void> >::SharedPtr[m[K’ {aka ‘[01m[Kconst std::shared_ptr<std_msgs::msg::String_<std::allocator<void> > >[m[K’} is not derived from ‘[01m[Kconst std::__cxx11::basic_string<_CharT, _Traits, _Allocator>[m[K’
[5.141s]    23 |         if (msg == [01;36m[K"diffok"[m[K)
[5.141s]       |                    [01;36m[K^~~~~~~~[m[K
[5.142s] [01m[K/usr/include/c++/13/bits/basic_string.h:3727:5:[m[K [01;36m[Knote: [m[Kcandidate: ‘[01m[Ktemplate<class _CharT, class _Traits, class _Alloc> bool std::[01;32m[Koperator==[m[K(const __cxx11::basic_string<_CharT, _Traits, _Allocator>&, const _CharT*)[m[K’
[5.142s]  3727 |     [01;36m[Koperator[m[K==(const basic_string<_CharT, _Traits, _Alloc>& __lhs,
[5.142s]       |     [01;36m[K^~~~~~~~[m[K
[5.142s] [01m[K/usr/include/c++/13/bits/basic_string.h:3727:5:[m[K [01;36m[Knote: [m[K  template argument deduction/substitution failed:
[5.142s] [01m[K/home/vincent-pc/ros2_jazzy/src/my_robot_cpp/src/my_robot_master.cpp:23:20:[m[K [01;36m[Knote: [m[K  ‘[01m[Kconst std_msgs::msg::String_<std::allocator<void> >::SharedPtr[m[K’ {aka ‘[01m[Kconst std::shared_ptr<std_msgs::msg::String_<std::allocator<void> > >[m[K’} is not derived from ‘[01m[Kconst std::__cxx11::basic_string<_CharT, _Traits, _Allocator>[m[K’
[5.142s]    23 |         if (msg == [01;36m[K"diffok"[m[K)
[5.143s]       |                    [01;36m[K^~~~~~~~[m[K
[5.143s] [01m[K/usr/include/c++/13/bits/basic_string.h:3774:5:[m[K [01;36m[Knote: [m[Kcandidate: ‘[01m[Ktemplate<class _CharT, class _Traits, class _Alloc> bool std::[01;32m[Koperator==[m[K(const _CharT*, const __cxx11::basic_string<_CharT, _Traits, _Allocator>&)[m[K’
[5.143s]  3774 |     [01;36m[Koperator[m[K==(const _CharT* __lhs,
[5.143s]       |     [01;36m[K^~~~~~~~[m[K
[5.143s] [01m[K/usr/include/c++/13/bits/basic_string.h:3774:5:[m[K [01;36m[Knote: [m[K  template argument deduction/substitution failed:
[5.144s] [01m[K/home/vincent-pc/ros2_jazzy/src/my_robot_cpp/src/my_robot_master.cpp:23:20:[m[K [01;36m[Knote: [m[K  mismatched types ‘[01m[Kconst _CharT*[m[K’ and ‘[01m[Kstd::shared_ptr<std_msgs::msg::String_<std::allocator<void> > >[m[K’
[5.144s]    23 |         if (msg == [01;36m[K"diffok"[m[K)
[5.144s]       |                    [01;36m[K^~~~~~~~[m[K
[5.144s] In file included from [01m[K/usr/include/c++/13/vector:66[m[K,
[5.145s]                  from [01m[K/opt/ros/jazzy/include/rclcpp/rclcpp/copy_all_parameter_values.hpp:19[m[K:
[5.146s] [01m[K/usr/include/c++/13/bits/stl_vector.h:2040:5:[m[K [01;36m[Knote: [m[Kcandidate: ‘[01m[Ktemplate<class _Tp, class _Alloc> bool std::[01;32m[Koperator==[m[K(const vector<_Tp, _Alloc>&, const vector<_Tp, _Alloc>&)[m[K’
[5.146s]  2040 |     [01;36m[Koperator[m[K==(const vector<_Tp, _Alloc>& __x, const vector<_Tp, _Alloc>& __y)
[5.146s]       |     [01;36m[K^~~~~~~~[m[K
[5.147s] [01m[K/usr/include/c++/13/bits/stl_vector.h:2040:5:[m[K [01;36m[Knote: [m[K  template argument deduction/substitution failed:
[5.147s] [01m[K/home/vincent-pc/ros2_jazzy/src/my_robot_cpp/src/my_robot_master.cpp:23:20:[m[K [01;36m[Knote: [m[K  ‘[01m[Kconst std_msgs::msg::String_<std::allocator<void> >::SharedPtr[m[K’ {aka ‘[01m[Kconst std::shared_ptr<std_msgs::msg::String_<std::allocator<void> > >[m[K’} is not derived from ‘[01m[Kconst std::vector<_Tp, _Alloc>[m[K’
[5.147s]    23 |         if (msg == [01;36m[K"diffok"[m[K)
[5.148s]       |                    [01;36m[K^~~~~~~~[m[K
[5.148s] In file included from [01m[K/opt/ros/jazzy/include/rcl_interfaces/rcl_interfaces/srv/detail/list_parameters__struct.hpp:12[m[K,
[5.148s]                  from [01m[K/opt/ros/jazzy/include/rcl_interfaces/rcl_interfaces/srv/list_parameters.hpp:7[m[K,
[5.148s]                  from [01m[K/opt/ros/jazzy/include/rclcpp/rclcpp/copy_all_parameter_values.hpp:21[m[K:
[5.149s] [01m[K/usr/include/c++/13/array:297:5:[m[K [01;36m[Knote: [m[Kcandidate: ‘[01m[Ktemplate<class _Tp, long unsigned int _Nm> bool std::[01;32m[Koperator==[m[K(const array<_Tp, _Nm>&, const array<_Tp, _Nm>&)[m[K’
[5.151s]   297 |     [01;36m[Koperator[m[K==(const array<_Tp, _Nm>& __one, const array<_Tp, _Nm>& __two)
[5.151s]       |     [01;36m[K^~~~~~~~[m[K
[5.151s] [01m[K/usr/include/c++/13/array:297:5:[m[K [01;36m[Knote: [m[K  template argument deduction/substitution failed:
[5.152s] [01m[K/home/vincent-pc/ros2_jazzy/src/my_robot_cpp/src/my_robot_master.cpp:23:20:[m[K [01;36m[Knote: [m[K  ‘[01m[Kconst std_msgs::msg::String_<std::allocator<void> >::SharedPtr[m[K’ {aka ‘[01m[Kconst std::shared_ptr<std_msgs::msg::String_<std::allocator<void> > >[m[K’} is not derived from ‘[01m[Kconst std::array<_Tp, _Nm>[m[K’
[5.152s]    23 |         if (msg == [01;36m[K"diffok"[m[K)
[5.152s]       |                    [01;36m[K^~~~~~~~[m[K
[5.152s] In file included from [01m[K/usr/include/c++/13/bits/locale_facets.h:48[m[K,
[5.153s]                  from [01m[K/usr/include/c++/13/bits/basic_ios.h:37[m[K,
[5.153s]                  from [01m[K/usr/include/c++/13/ios:46[m[K,
[5.153s]                  from [01m[K/usr/include/c++/13/istream:40[m[K,
[5.153s]                  from [01m[K/usr/include/c++/13/sstream:40[m[K,
[5.153s]                  from [01m[K/opt/ros/jazzy/include/rcl_interfaces/rcl_interfaces/srv/detail/list_parameters__traits.hpp:13[m[K,
[5.154s]                  from [01m[K/opt/ros/jazzy/include/rcl_interfaces/rcl_interfaces/srv/list_parameters.hpp:9[m[K:
[5.154s] [01m[K/usr/include/c++/13/bits/streambuf_iterator.h:234:5:[m[K [01;36m[Knote: [m[Kcandidate: ‘[01m[Ktemplate<class _CharT, class _Traits> bool std::[01;32m[Koperator==[m[K(const istreambuf_iterator<_CharT, _Traits>&, const istreambuf_iterator<_CharT, _Traits>&)[m[K’
[5.154s]   234 |     [01;36m[Koperator[m[K==(const istreambuf_iterator<_CharT, _Traits>& __a,
[5.154s]       |     [01;36m[K^~~~~~~~[m[K
[5.154s] [01m[K/usr/include/c++/13/bits/streambuf_iterator.h:234:5:[m[K [01;36m[Knote: [m[K  template argument deduction/substitution failed:
[5.154s] [01m[K/home/vincent-pc/ros2_jazzy/src/my_robot_cpp/src/my_robot_master.cpp:23:20:[m[K [01;36m[Knote: [m[K  ‘[01m[Kconst std_msgs::msg::String_<std::allocator<void> >::SharedPtr[m[K’ {aka ‘[01m[Kconst std::shared_ptr<std_msgs::msg::String_<std::allocator<void> > >[m[K’} is not derived from ‘[01m[Kconst std::istreambuf_iterator<_CharT, _Traits>[m[K’
[5.155s]    23 |         if (msg == [01;36m[K"diffok"[m[K)
[5.155s]       |                    [01;36m[K^~~~~~~~[m[K
[5.155s] In file included from [01m[K/usr/include/c++/13/functional:59[m[K,
[5.155s]                  from [01m[K/opt/ros/jazzy/include/rclcpp/rclcpp/utilities.hpp:19[m[K,
[5.155s]                  from [01m[K/opt/ros/jazzy/include/rclcpp/rclcpp/logging.hpp:25[m[K,
[5.155s]                  from [01m[K/opt/ros/jazzy/include/rclcpp/rclcpp/copy_all_parameter_values.hpp:27[m[K:
[5.156s] [01m[K/usr/include/c++/13/bits/std_function.h:737:5:[m[K [01;36m[Knote: [m[Kcandidate: ‘[01m[Ktemplate<class _Res, class ... _Args> bool std::[01;32m[Koperator==[m[K(const function<_Res(_ArgTypes ...)>&, nullptr_t)[m[K’
[5.156s]   737 |     [01;36m[Koperator[m[K==(const function<_Res(_Args...)>& __f, nullptr_t) noexcept
[5.156s]       |     [01;36m[K^~~~~~~~[m[K
[5.156s] [01m[K/usr/include/c++/13/bits/std_function.h:737:5:[m[K [01;36m[Knote: [m[K  template argument deduction/substitution failed:
[5.156s] [01m[K/home/vincent-pc/ros2_jazzy/src/my_robot_cpp/src/my_robot_master.cpp:23:20:[m[K [01;36m[Knote: [m[K  ‘[01m[Kconst std_msgs::msg::String_<std::allocator<void> >::SharedPtr[m[K’ {aka ‘[01m[Kconst std::shared_ptr<std_msgs::msg::String_<std::allocator<void> > >[m[K’} is not derived from ‘[01m[Kconst std::function<_Res(_ArgTypes ...)>[m[K’
[5.157s]    23 |         if (msg == [01;36m[K"diffok"[m[K)
[5.157s]       |                    [01;36m[K^~~~~~~~[m[K
[5.157s] [01m[K/usr/include/c++/13/bits/std_function.h:744:5:[m[K [01;36m[Knote: [m[Kcandidate: ‘[01m[Ktemplate<class _Res, class ... _Args> bool std::[01;32m[Koperator==[m[K(nullptr_t, const function<_Res(_ArgTypes ...)>&)[m[K’
[5.157s]   744 |     [01;36m[Koperator[m[K==(nullptr_t, const function<_Res(_Args...)>& __f) noexcept
[5.157s]       |     [01;36m[K^~~~~~~~[m[K
[5.157s] [01m[K/usr/include/c++/13/bits/std_function.h:744:5:[m[K [01;36m[Knote: [m[K  template argument deduction/substitution failed:
[5.158s] [01m[K/home/vincent-pc/ros2_jazzy/src/my_robot_cpp/src/my_robot_master.cpp:23:20:[m[K [01;36m[Knote: [m[K  mismatched types ‘[01m[Kconst std::function<_Res(_ArgTypes ...)>[m[K’ and ‘[01m[Kconst char [7][m[K’
[5.158s]    23 |         if (msg == [01;36m[K"diffok"[m[K)
[5.158s]       |                    [01;36m[K^~~~~~~~[m[K
[5.158s] In file included from [01m[K/usr/include/c++/13/unordered_map:41[m[K,
[5.158s]                  from [01m[K/usr/include/c++/13/functional:63[m[K:
[5.158s] [01m[K/usr/include/c++/13/bits/unordered_map.h:2143:5:[m[K [01;36m[Knote: [m[Kcandidate: ‘[01m[Ktemplate<class _Key1, class _Tp1, class _Hash1, class _Pred1, class _Alloc1> bool std::[01;32m[Koperator==[m[K(const unordered_map<_Key1, _Tp1, _Hash1, _Pred1, _Alloc1>&, const unordered_map<_Key1, _Tp1, _Hash1, _Pred1, _Alloc1>&)[m[K’
[5.158s]  2143 |     [01;36m[Koperator[m[K==(const unordered_map<_Key, _Tp, _Hash, _Pred, _Alloc>& __x,
[5.159s]       |     [01;36m[K^~~~~~~~[m[K
[5.159s] [01m[K/usr/include/c++/13/bits/unordered_map.h:2143:5:[m[K [01;36m[Knote: [m[K  template argument deduction/substitution failed:
[5.159s] [01m[K/home/vincent-pc/ros2_jazzy/src/my_robot_cpp/src/my_robot_master.cpp:23:20:[m[K [01;36m[Knote: [m[K  ‘[01m[Kconst std_msgs::msg::String_<std::allocator<void> >::SharedPtr[m[K’ {aka ‘[01m[Kconst std::shared_ptr<std_msgs::msg::String_<std::allocator<void> > >[m[K’} is not derived from ‘[01m[Kconst std::unordered_map<_Key1, _Tp1, _Hash1, _Pred1, _Alloc1>[m[K’
[5.159s]    23 |         if (msg == [01;36m[K"diffok"[m[K)
[5.159s]       |                    [01;36m[K^~~~~~~~[m[K
[5.159s] [01m[K/usr/include/c++/13/bits/unordered_map.h:2157:5:[m[K [01;36m[Knote: [m[Kcandidate: ‘[01m[Ktemplate<class _Key1, class _Tp1, class _Hash1, class _Pred1, class _Alloc1> bool std::[01;32m[Koperator==[m[K(const unordered_multimap<_Key1, _Tp1, _Hash1, _Pred1, _Alloc1>&, const unordered_multimap<_Key1, _Tp1, _Hash1, _Pred1, _Alloc1>&)[m[K’
[5.160s]  2157 |     [01;36m[Koperator[m[K==(const unordered_multimap<_Key, _Tp, _Hash, _Pred, _Alloc>& __x,
[5.160s]       |     [01;36m[K^~~~~~~~[m[K
[5.160s] [01m[K/usr/include/c++/13/bits/unordered_map.h:2157:5:[m[K [01;36m[Knote: [m[K  template argument deduction/substitution failed:
[5.160s] [01m[K/home/vincent-pc/ros2_jazzy/src/my_robot_cpp/src/my_robot_master.cpp:23:20:[m[K [01;36m[Knote: [m[K  ‘[01m[Kconst std_msgs::msg::String_<std::allocator<void> >::SharedPtr[m[K’ {aka ‘[01m[Kconst std::shared_ptr<std_msgs::msg::String_<std::allocator<void> > >[m[K’} is not derived from ‘[01m[Kconst std::unordered_multimap<_Key1, _Tp1, _Hash1, _Pred1, _Alloc1>[m[K’
[5.160s]    23 |         if (msg == [01;36m[K"diffok"[m[K)
[5.160s]       |                    [01;36m[K^~~~~~~~[m[K
[5.161s] In file included from [01m[K/usr/include/c++/13/unordered_set:41[m[K,
[5.161s]                  from [01m[K/opt/ros/jazzy/include/rclcpp/rclcpp/context.hpp:26[m[K,
[5.161s]                  from [01m[K/opt/ros/jazzy/include/rclcpp/rclcpp/utilities.hpp:24[m[K:
[5.161s] [01m[K/usr/include/c++/13/bits/unordered_set.h:1813:5:[m[K [01;36m[Knote: [m[Kcandidate: ‘[01m[Ktemplate<class _Value1, class _Hash1, class _Pred1, class _Alloc1> bool std::[01;32m[Koperator==[m[K(const unordered_set<_Value1, _Hash1, _Pred1, _Alloc1>&, const unordered_set<_Value1, _Hash1, _Pred1, _Alloc1>&)[m[K’
[5.161s]  1813 |     [01;36m[Koperator[m[K==(const unordered_set<_Value, _Hash, _Pred, _Alloc>& __x,
[5.161s]       |     [01;36m[K^~~~~~~~[m[K
[5.162s] [01m[K/usr/include/c++/13/bits/unordered_set.h:1813:5:[m[K [01;36m[Knote: [m[K  template argument deduction/substitution failed:
[5.162s] [01m[K/home/vincent-pc/ros2_jazzy/src/my_robot_cpp/src/my_robot_master.cpp:23:20:[m[K [01;36m[Knote: [m[K  ‘[01m[Kconst std_msgs::msg::String_<std::allocator<void> >::SharedPtr[m[K’ {aka ‘[01m[Kconst std::shared_ptr<std_msgs::msg::String_<std::allocator<void> > >[m[K’} is not derived from ‘[01m[Kconst std::unordered_set<_Value1, _Hash1, _Pred1, _Alloc1>[m[K’
[5.162s]    23 |         if (msg == [01;36m[K"diffok"[m[K)
[5.162s]       |                    [01;36m[K^~~~~~~~[m[K
[5.162s] [01m[K/usr/include/c++/13/bits/unordered_set.h:1827:5:[m[K [01;36m[Knote: [m[Kcandidate: ‘[01m[Ktemplate<class _Value1, class _Hash1, class _Pred1, class _Alloc1> bool std::[01;32m[Koperator==[m[K(const unordered_multiset<_Value1, _Hash1, _Pred1, _Alloc1>&, const unordered_multiset<_Value1, _Hash1, _Pred1, _Alloc1>&)[m[K’
[5.162s]  1827 |     [01;36m[Koperator[m[K==(const unordered_multiset<_Value, _Hash, _Pred, _Alloc>& __x,
[5.162s]       |     [01;36m[K^~~~~~~~[m[K
[5.163s] [01m[K/usr/include/c++/13/bits/unordered_set.h:1827:5:[m[K [01;36m[Knote: [m[K  template argument deduction/substitution failed:
[5.163s] [01m[K/home/vincent-pc/ros2_jazzy/src/my_robot_cpp/src/my_robot_master.cpp:23:20:[m[K [01;36m[Knote: [m[K  ‘[01m[Kconst std_msgs::msg::String_<std::allocator<void> >::SharedPtr[m[K’ {aka ‘[01m[Kconst std::shared_ptr<std_msgs::msg::String_<std::allocator<void> > >[m[K’} is not derived from ‘[01m[Kconst std::unordered_multiset<_Value1, _Hash1, _Pred1, _Alloc1>[m[K’
[5.163s]    23 |         if (msg == [01;36m[K"diffok"[m[K)
[5.163s]       |                    [01;36m[K^~~~~~~~[m[K
[5.163s] In file included from [01m[K/usr/include/c++/13/set:63[m[K,
[5.163s]                  from [01m[K/opt/ros/jazzy/include/rclcpp/rclcpp/executors/multi_threaded_executor.hpp:21[m[K,
[5.164s]                  from [01m[K/opt/ros/jazzy/include/rclcpp/rclcpp/executors.hpp:21[m[K,
[5.164s]                  from [01m[K/opt/ros/jazzy/include/rclcpp/rclcpp/rclcpp.hpp:172[m[K:
[5.164s] [01m[K/usr/include/c++/13/bits/stl_set.h:987:5:[m[K [01;36m[Knote: [m[Kcandidate: ‘[01m[Ktemplate<class _Key, class _Compare, class _Alloc> bool std::[01;32m[Koperator==[m[K(const set<_Key, _Compare, _Allocator>&, const set<_Key, _Compare, _Allocator>&)[m[K’
[5.164s]   987 |     [01;36m[Koperator[m[K==(const set<_Key, _Compare, _Alloc>& __x,
[5.164s]       |     [01;36m[K^~~~~~~~[m[K
[5.164s] [01m[K/usr/include/c++/13/bits/stl_set.h:987:5:[m[K [01;36m[Knote: [m[K  template argument deduction/substitution failed:
[5.165s] [01m[K/home/vincent-pc/ros2_jazzy/src/my_robot_cpp/src/my_robot_master.cpp:23:20:[m[K [01;36m[Knote: [m[K  ‘[01m[Kconst std_msgs::msg::String_<std::allocator<void> >::SharedPtr[m[K’ {aka ‘[01m[Kconst std::shared_ptr<std_msgs::msg::String_<std::allocator<void> > >[m[K’} is not derived from ‘[01m[Kconst std::set<_Key, _Compare, _Allocator>[m[K’
[5.165s]    23 |         if (msg == [01;36m[K"diffok"[m[K)
[5.165s]       |                    [01;36m[K^~~~~~~~[m[K
[5.165s] In file included from [01m[K/usr/include/c++/13/set:64[m[K:
[5.165s] [01m[K/usr/include/c++/13/bits/stl_multiset.h:973:5:[m[K [01;36m[Knote: [m[Kcandidate: ‘[01m[Ktemplate<class _Key, class _Compare, class _Alloc> bool std::[01;32m[Koperator==[m[K(const multiset<_Key, _Compare, _Allocator>&, const multiset<_Key, _Compare, _Allocator>&)[m[K’
[5.165s]   973 |     [01;36m[Koperator[m[K==(const multiset<_Key, _Compare, _Alloc>& __x,
[5.165s]       |     [01;36m[K^~~~~~~~[m[K
[5.166s] [01m[K/usr/include/c++/13/bits/stl_multiset.h:973:5:[m[K [01;36m[Knote: [m[K  template argument deduction/substitution failed:
[5.166s] [01m[K/home/vincent-pc/ros2_jazzy/src/my_robot_cpp/src/my_robot_master.cpp:23:20:[m[K [01;36m[Knote: [m[K  ‘[01m[Kconst std_msgs::msg::String_<std::allocator<void> >::SharedPtr[m[K’ {aka ‘[01m[Kconst std::shared_ptr<std_msgs::msg::String_<std::allocator<void> > >[m[K’} is not derived from ‘[01m[Kconst std::multiset<_Key, _Compare, _Allocator>[m[K’
[5.166s]    23 |         if (msg == [01;36m[K"diffok"[m[K)
[5.166s]       |                    [01;36m[K^~~~~~~~[m[K
[5.166s] In file included from [01m[K/usr/include/c++/13/list:65[m[K,
[5.166s]                  from [01m[K/opt/ros/jazzy/include/rclcpp/rclcpp/executor.hpp:23[m[K,
[5.167s]                  from [01m[K/opt/ros/jazzy/include/rclcpp/rclcpp/executors/multi_threaded_executor.hpp:25[m[K:
[5.167s] [01m[K/usr/include/c++/13/bits/stl_list.h:2123:5:[m[K [01;36m[Knote: [m[Kcandidate: ‘[01m[Ktemplate<class _Tp, class _Alloc> bool std::[01;32m[Koperator==[m[K(const __cxx11::list<_Tp, _Alloc>&, const __cxx11::list<_Tp, _Alloc>&)[m[K’
[5.167s]  2123 |     [01;36m[Koperator[m[K==(const list<_Tp, _Alloc>& __x, const list<_Tp, _Alloc>& __y)
[5.167s]       |     [01;36m[K^~~~~~~~[m[K
[5.167s] [01m[K/usr/include/c++/13/bits/stl_list.h:2123:5:[m[K [01;36m[Knote: [m[K  template argument deduction/substitution failed:
[5.167s] [01m[K/home/vincent-pc/ros2_jazzy/src/my_robot_cpp/src/my_robot_master.cpp:23:20:[m[K [01;36m[Knote: [m[K  ‘[01m[Kconst std_msgs::msg::String_<std::allocator<void> >::SharedPtr[m[K’ {aka ‘[01m[Kconst std::shared_ptr<std_msgs::msg::String_<std::allocator<void> > >[m[K’} is not derived from ‘[01m[Kconst std::__cxx11::list<_Tp, _Alloc>[m[K’
[5.168s]    23 |         if (msg == [01;36m[K"diffok"[m[K)
[5.168s]       |                    [01;36m[K^~~~~~~~[m[K
[5.168s] In file included from [01m[K/usr/include/c++/13/map:63[m[K,
[5.168s]                  from [01m[K/opt/ros/jazzy/include/rclcpp/rclcpp/executor.hpp:24[m[K:
[5.169s] [01m[K/usr/include/c++/13/bits/stl_map.h:1513:5:[m[K [01;36m[Knote: [m[Kcandidate: ‘[01m[Ktemplate<class _Key, class _Tp, class _Compare, class _Alloc> bool std::[01;32m[Koperator==[m[K(const map<_Key, _Tp, _Compare, _Allocator>&, const map<_Key, _Tp, _Compare, _Allocator>&)[m[K’
[5.169s]  1513 |     [01;36m[Koperator[m[K==(const map<_Key, _Tp, _Compare, _Alloc>& __x,
[5.169s]       |     [01;36m[K^~~~~~~~[m[K
[5.170s] [01m[K/usr/include/c++/13/bits/stl_map.h:1513:5:[m[K [01;36m[Knote: [m[K  template argument deduction/substitution failed:
[5.170s] [01m[K/home/vincent-pc/ros2_jazzy/src/my_robot_cpp/src/my_robot_master.cpp:23:20:[m[K [01;36m[Knote: [m[K  ‘[01m[Kconst std_msgs::msg::String_<std::allocator<void> >::SharedPtr[m[K’ {aka ‘[01m[Kconst std::shared_ptr<std_msgs::msg::String_<std::allocator<void> > >[m[K’} is not derived from ‘[01m[Kconst std::map<_Key, _Tp, _Compare, _Allocator>[m[K’
[5.170s]    23 |         if (msg == [01;36m[K"diffok"[m[K)
[5.170s]       |                    [01;36m[K^~~~~~~~[m[K
[5.170s] In file included from [01m[K/usr/include/c++/13/map:64[m[K:
[5.171s] [01m[K/usr/include/c++/13/bits/stl_multimap.h:1134:5:[m[K [01;36m[Knote: [m[Kcandidate: ‘[01m[Ktemplate<class _Key, class _Tp, class _Compare, class _Alloc> bool std::[01;32m[Koperator==[m[K(const multimap<_Key, _Tp, _Compare, _Allocator>&, const multimap<_Key, _Tp, _Compare, _Allocator>&)[m[K’
[5.171s]  1134 |     [01;36m[Koperator[m[K==(const multimap<_Key, _Tp, _Compare, _Alloc>& __x,
[5.171s]       |     [01;36m[K^~~~~~~~[m[K
[5.171s] [01m[K/usr/include/c++/13/bits/stl_multimap.h:1134:5:[m[K [01;36m[Knote: [m[K  template argument deduction/substitution failed:
[5.171s] [01m[K/home/vincent-pc/ros2_jazzy/src/my_robot_cpp/src/my_robot_master.cpp:23:20:[m[K [01;36m[Knote: [m[K  ‘[01m[Kconst std_msgs::msg::String_<std::allocator<void> >::SharedPtr[m[K’ {aka ‘[01m[Kconst std::shared_ptr<std_msgs::msg::String_<std::allocator<void> > >[m[K’} is not derived from ‘[01m[Kconst std::multimap<_Key, _Tp, _Compare, _Allocator>[m[K’
[5.171s]    23 |         if (msg == [01;36m[K"diffok"[m[K)
[5.172s]       |                    [01;36m[K^~~~~~~~[m[K
[5.172s] In file included from [01m[K/opt/ros/jazzy/include/rclcpp/rclcpp/client.hpp:23[m[K,
[5.172s]                  from [01m[K/opt/ros/jazzy/include/rclcpp/rclcpp/callback_group.hpp:24[m[K,
[5.173s]                  from [01m[K/opt/ros/jazzy/include/rclcpp/rclcpp/any_executable.hpp:20[m[K,
[5.173s]                  from [01m[K/opt/ros/jazzy/include/rclcpp/rclcpp/memory_strategy.hpp:25[m[K,
[5.173s]                  from [01m[K/opt/ros/jazzy/include/rclcpp/rclcpp/memory_strategies.hpp:18[m[K,
[5.174s]                  from [01m[K/opt/ros/jazzy/include/rclcpp/rclcpp/executor_options.hpp:22[m[K,
[5.174s]                  from [01m[K/opt/ros/jazzy/include/rclcpp/rclcpp/executor.hpp:38[m[K:
[5.175s] [01m[K/usr/include/c++/13/optional:1236:5:[m[K [01;36m[Knote: [m[Kcandidate: ‘[01m[Ktemplate<class _Tp, class _Up> constexpr std::__optional_eq_t<_Tp, _Up> std::[01;32m[Koperator==[m[K(const optional<_Tp>&, const optional<_Up>&)[m[K’
[5.175s]  1236 |     [01;36m[Koperator[m[K==(const optional<_Tp>& __lhs, const optional<_Up>& __rhs)
[5.176s]       |     [01;36m[K^~~~~~~~[m[K
[5.176s] [01m[K/usr/include/c++/13/optional:1236:5:[m[K [01;36m[Knote: [m[K  template argument deduction/substitution failed:
[5.177s] [01m[K/home/vincent-pc/ros2_jazzy/src/my_robot_cpp/src/my_robot_master.cpp:23:20:[m[K [01;36m[Knote: [m[K  ‘[01m[Kconst std_msgs::msg::String_<std::allocator<void> >::SharedPtr[m[K’ {aka ‘[01m[Kconst std::shared_ptr<std_msgs::msg::String_<std::allocator<void> > >[m[K’} is not derived from ‘[01m[Kconst std::optional<_Tp>[m[K’
[5.177s]    23 |         if (msg == [01;36m[K"diffok"[m[K)
[5.178s]       |                    [01;36m[K^~~~~~~~[m[K
[5.178s] [01m[K/usr/include/c++/13/optional:1296:5:[m[K [01;36m[Knote: [m[Kcandidate: ‘[01m[Ktemplate<class _Tp> constexpr bool std::[01;32m[Koperator==[m[K(const optional<_Tp>&, nullopt_t)[m[K’
[5.179s]  1296 |     [01;36m[Koperator[m[K==(const optional<_Tp>& __lhs, nullopt_t) noexcept
[5.179s]       |     [01;36m[K^~~~~~~~[m[K
[5.179s] [01m[K/usr/include/c++/13/optional:1296:5:[m[K [01;36m[Knote: [m[K  template argument deduction/substitution failed:
[5.179s] [01m[K/home/vincent-pc/ros2_jazzy/src/my_robot_cpp/src/my_robot_master.cpp:23:20:[m[K [01;36m[Knote: [m[K  ‘[01m[Kconst std_msgs::msg::String_<std::allocator<void> >::SharedPtr[m[K’ {aka ‘[01m[Kconst std::shared_ptr<std_msgs::msg::String_<std::allocator<void> > >[m[K’} is not derived from ‘[01m[Kconst std::optional<_Tp>[m[K’
[5.180s]    23 |         if (msg == [01;36m[K"diffok"[m[K)
[5.180s]       |                    [01;36m[K^~~~~~~~[m[K
[5.180s] [01m[K/usr/include/c++/13/optional:1307:5:[m[K [01;36m[Knote: [m[Kcandidate: ‘[01m[Ktemplate<class _Tp> constexpr bool std::[01;32m[Koperator==[m[K(nullopt_t, const optional<_Tp>&)[m[K’
[5.181s]  1307 |     [01;36m[Koperator[m[K==(nullopt_t, const optional<_Tp>& __rhs) noexcept
[5.181s]       |     [01;36m[K^~~~~~~~[m[K
[5.181s] [01m[K/usr/include/c++/13/optional:1307:5:[m[K [01;36m[Knote: [m[K  template argument deduction/substitution failed:
[5.181s] [01m[K/home/vincent-pc/ros2_jazzy/src/my_robot_cpp/src/my_robot_master.cpp:23:20:[m[K [01;36m[Knote: [m[K  mismatched types ‘[01m[Kconst std::optional<_Tp>[m[K’ and ‘[01m[Kconst char [7][m[K’
[5.181s]    23 |         if (msg == [01;36m[K"diffok"[m[K)
[5.182s]       |                    [01;36m[K^~~~~~~~[m[K
[5.182s] [01m[K/usr/include/c++/13/optional:1364:5:[m[K [01;36m[Knote: [m[Kcandidate: ‘[01m[Ktemplate<class _Tp, class _Up> constexpr std::__optional_eq_t<_Tp, _Up> std::[01;32m[Koperator==[m[K(const optional<_Tp>&, const _Up&)[m[K’
[5.182s]  1364 |     [01;36m[Koperator[m[K==(const optional<_Tp>& __lhs, const _Up& __rhs)
[5.182s]       |     [01;36m[K^~~~~~~~[m[K
[5.183s] [01m[K/usr/include/c++/13/optional:1364:5:[m[K [01;36m[Knote: [m[K  template argument deduction/substitution failed:
[5.183s] [01m[K/home/vincent-pc/ros2_jazzy/src/my_robot_cpp/src/my_robot_master.cpp:23:20:[m[K [01;36m[Knote: [m[K  ‘[01m[Kconst std_msgs::msg::String_<std::allocator<void> >::SharedPtr[m[K’ {aka ‘[01m[Kconst std::shared_ptr<std_msgs::msg::String_<std::allocator<void> > >[m[K’} is not derived from ‘[01m[Kconst std::optional<_Tp>[m[K’
[5.183s]    23 |         if (msg == [01;36m[K"diffok"[m[K)
[5.183s]       |                    [01;36m[K^~~~~~~~[m[K
[5.184s] [01m[K/usr/include/c++/13/optional:1370:5:[m[K [01;36m[Knote: [m[Kcandidate: ‘[01m[Ktemplate<class _Tp, class _Up> constexpr std::__optional_eq_t<_Up, _Tp> std::[01;32m[Koperator==[m[K(const _Up&, const optional<_Tp>&)[m[K’
[5.184s]  1370 |     [01;36m[Koperator[m[K==(const _Up& __lhs, const optional<_Tp>& __rhs)
[5.184s]       |     [01;36m[K^~~~~~~~[m[K
[5.184s] [01m[K/usr/include/c++/13/optional:1370:5:[m[K [01;36m[Knote: [m[K  template argument deduction/substitution failed:
[5.185s] [01m[K/home/vincent-pc/ros2_jazzy/src/my_robot_cpp/src/my_robot_master.cpp:23:20:[m[K [01;36m[Knote: [m[K  mismatched types ‘[01m[Kconst std::optional<_Tp>[m[K’ and ‘[01m[Kconst char [7][m[K’
[5.185s]    23 |         if (msg == [01;36m[K"diffok"[m[K)
[5.185s]       |                    [01;36m[K^~~~~~~~[m[K
[5.185s] In file included from [01m[K/opt/ros/jazzy/include/rclcpp/rclcpp/client.hpp:29[m[K:
[5.185s] [01m[K/usr/include/c++/13/variant:1266:3:[m[K [01;36m[Knote: [m[Kcandidate: ‘[01m[Ktemplate<class ... _Types> constexpr bool std::[01;32m[Koperator==[m[K(const variant<_Types ...>&, const variant<_Types ...>&)[m[K’
[5.185s]  1266 |   [01;36m[K_VARIANT_RELATION_FUNCTION_TEMPLATE[m[K(==, equal)
[5.186s]       |   [01;36m[K^~~~~~~~~~~~~~~~~~~~~~~~~~~~~~~~~~~[m[K
[5.186s] [01m[K/usr/include/c++/13/variant:1266:3:[m[K [01;36m[Knote: [m[K  template argument deduction/substitution failed:
[5.186s] [01m[K/home/vincent-pc/ros2_jazzy/src/my_robot_cpp/src/my_robot_master.cpp:23:20:[m[K [01;36m[Knote: [m[K  ‘[01m[Kconst std_msgs::msg::String_<std::allocator<void> >::SharedPtr[m[K’ {aka ‘[01m[Kconst std::shared_ptr<std_msgs::msg::String_<std::allocator<void> > >[m[K’} is not derived from ‘[01m[Kconst std::variant<_Types ...>[m[K’
[5.186s]    23 |         if (msg == [01;36m[K"diffok"[m[K)
[5.186s]       |                    [01;36m[K^~~~~~~~[m[K
[5.187s] In file included from [01m[K/usr/include/c++/13/deque:66[m[K,
[5.187s]                  from [01m[K/opt/ros/jazzy/include/rclcpp/rclcpp/executors/executor_entities_collection.hpp:18[m[K,
[5.187s]                  from [01m[K/opt/ros/jazzy/include/rclcpp/rclcpp/executor.hpp:39[m[K:
[5.187s] [01m[K/usr/include/c++/13/bits/stl_deque.h:2290:5:[m[K [01;36m[Knote: [m[Kcandidate: ‘[01m[Ktemplate<class _Tp, class _Alloc> bool std::[01;32m[Koperator==[m[K(const deque<_Tp, _Alloc>&, const deque<_Tp, _Alloc>&)[m[K’
[5.187s]  2290 |     [01;36m[Koperator[m[K==(const deque<_Tp, _Alloc>& __x, const deque<_Tp, _Alloc>& __y)
[5.187s]       |     [01;36m[K^~~~~~~~[m[K
[5.188s] [01m[K/usr/include/c++/13/bits/stl_deque.h:2290:5:[m[K [01;36m[Knote: [m[K  template argument deduction/substitution failed:
[5.188s] [01m[K/home/vincent-pc/ros2_jazzy/src/my_robot_cpp/src/my_robot_master.cpp:23:20:[m[K [01;36m[Knote: [m[K  ‘[01m[Kconst std_msgs::msg::String_<std::allocator<void> >::SharedPtr[m[K’ {aka ‘[01m[Kconst std::shared_ptr<std_msgs::msg::String_<std::allocator<void> > >[m[K’} is not derived from ‘[01m[Kconst std::deque<_Tp, _Alloc>[m[K’
[5.188s]    23 |         if (msg == [01;36m[K"diffok"[m[K)
[5.188s]       |                    [01;36m[K^~~~~~~~[m[K
[5.188s] In file included from [01m[K/usr/include/c++/13/queue:66[m[K,
[5.188s]                  from [01m[K/opt/ros/jazzy/include/rclcpp/rclcpp/experimental/executors/events_executor/events_queue.hpp:18[m[K,
[5.188s]                  from [01m[K/opt/ros/jazzy/include/rclcpp/rclcpp/experimental/executors/events_executor/events_executor.hpp:27[m[K,
[5.189s]                  from [01m[K/opt/ros/jazzy/include/rclcpp/rclcpp/executors.hpp:24[m[K:
[5.189s] [01m[K/usr/include/c++/13/bits/stl_queue.h:380:5:[m[K [01;36m[Knote: [m[Kcandidate: ‘[01m[Ktemplate<class _Tp, class _Seq> bool std::[01;32m[Koperator==[m[K(const queue<_Tp, _Seq>&, const queue<_Tp, _Seq>&)[m[K’
[5.189s]   380 |     [01;36m[Koperator[m[K==(const queue<_Tp, _Seq>& __x, const queue<_Tp, _Seq>& __y)
[5.189s]       |     [01;36m[K^~~~~~~~[m[K
[5.189s] [01m[K/usr/include/c++/13/bits/stl_queue.h:380:5:[m[K [01;36m[Knote: [m[K  template argument deduction/substitution failed:
[5.189s] [01m[K/home/vincent-pc/ros2_jazzy/src/my_robot_cpp/src/my_robot_master.cpp:23:20:[m[K [01;36m[Knote: [m[K  ‘[01m[Kconst std_msgs::msg::String_<std::allocator<void> >::SharedPtr[m[K’ {aka ‘[01m[Kconst std::shared_ptr<std_msgs::msg::String_<std::allocator<void> > >[m[K’} is not derived from ‘[01m[Kconst std::queue<_Tp, _Seq>[m[K’
[5.190s]    23 |         if (msg == [01;36m[K"diffok"[m[K)
[5.190s]       |                    [01;36m[K^~~~~~~~[m[K
[5.190s] In file included from [01m[K/usr/include/c++/13/bits/ios_base.h:46[m[K,
[5.190s]                  from [01m[K/usr/include/c++/13/ios:44[m[K:
[5.190s] [01m[K/usr/include/c++/13/system_error:449:3:[m[K [01;36m[Knote: [m[Kcandidate: ‘[01m[Kbool std::[01;32m[Koperator==[m[K(const error_code&, const error_code&)[m[K’
[5.190s]   449 |   [01;36m[Koperator[m[K==(const error_code& __lhs, const error_code& __rhs) noexcept
[5.190s]       |   [01;36m[K^~~~~~~~[m[K
[5.191s] [01m[K/usr/include/c++/13/system_error:449:32:[m[K [01;36m[Knote: [m[K  no known conversion for argument 1 from ‘[01m[Kconst std_msgs::msg::String_<std::allocator<void> >::SharedPtr[m[K’ {aka ‘[01m[Kconst std::shared_ptr<std_msgs::msg::String_<std::allocator<void> > >[m[K’} to ‘[01m[Kconst std::error_code&[m[K’
[5.191s]   449 |   operator==([01;36m[Kconst error_code& __lhs[m[K, const error_code& __rhs) noexcept
[5.191s]       |              [01;36m[K~~~~~~~~~~~~~~~~~~^~~~~[m[K
[5.191s] [01m[K/usr/include/c++/13/system_error:465:3:[m[K [01;36m[Knote: [m[Kcandidate: ‘[01m[Kbool std::[01;32m[Koperator==[m[K(const error_code&, const error_condition&)[m[K’
[5.191s]   465 |   [01;36m[Koperator[m[K==(const error_code& __lhs, const error_condition& __rhs) noexcept
[5.191s]       |   [01;36m[K^~~~~~~~[m[K
[5.192s] [01m[K/usr/include/c++/13/system_error:465:32:[m[K [01;36m[Knote: [m[K  no known conversion for argument 1 from ‘[01m[Kconst std_msgs::msg::String_<std::allocator<void> >::SharedPtr[m[K’ {aka ‘[01m[Kconst std::shared_ptr<std_msgs::msg::String_<std::allocator<void> > >[m[K’} to ‘[01m[Kconst std::error_code&[m[K’
[5.192s]   465 |   operator==([01;36m[Kconst error_code& __lhs[m[K, const error_condition& __rhs) noexcept
[5.192s]       |              [01;36m[K~~~~~~~~~~~~~~~~~~^~~~~[m[K
[5.192s] [01m[K/usr/include/c++/13/system_error:480:3:[m[K [01;36m[Knote: [m[Kcandidate: ‘[01m[Kbool std::[01;32m[Koperator==[m[K(const error_condition&, const error_condition&)[m[K’
[5.192s]   480 |   [01;36m[Koperator[m[K==(const error_condition& __lhs,
[5.193s]       |   [01;36m[K^~~~~~~~[m[K
[5.193s] [01m[K/usr/include/c++/13/system_error:480:37:[m[K [01;36m[Knote: [m[K  no known conversion for argument 1 from ‘[01m[Kconst std_msgs::msg::String_<std::allocator<void> >::SharedPtr[m[K’ {aka ‘[01m[Kconst std::shared_ptr<std_msgs::msg::String_<std::allocator<void> > >[m[K’} to ‘[01m[Kconst std::error_condition&[m[K’
[5.193s]   480 |   operator==([01;36m[Kconst error_condition& __lhs[m[K,
[5.193s]       |              [01;36m[K~~~~~~~~~~~~~~~~~~~~~~~^~~~~[m[K
[5.193s] [01m[K/usr/include/c++/13/system_error:517:3:[m[K [01;36m[Knote: [m[Kcandidate: ‘[01m[Kbool std::[01;32m[Koperator==[m[K(const error_condition&, const error_code&)[m[K’
[5.193s]   517 |   [01;36m[Koperator[m[K==(const error_condition& __lhs, const error_code& __rhs) noexcept
[5.193s]       |   [01;36m[K^~~~~~~~[m[K
[5.194s] [01m[K/usr/include/c++/13/system_error:517:37:[m[K [01;36m[Knote: [m[K  no known conversion for argument 1 from ‘[01m[Kconst std_msgs::msg::String_<std::allocator<void> >::SharedPtr[m[K’ {aka ‘[01m[Kconst std::shared_ptr<std_msgs::msg::String_<std::allocator<void> > >[m[K’} to ‘[01m[Kconst std::error_condition&[m[K’
[5.194s]   517 |   operator==([01;36m[Kconst error_condition& __lhs[m[K, const error_code& __rhs) noexcept
[5.194s]       |              [01;36m[K~~~~~~~~~~~~~~~~~~~~~~~^~~~~[m[K
[5.194s] In file included from [01m[K/usr/include/c++/13/future:51[m[K,
[5.194s]                  from [01m[K/opt/ros/jazzy/include/rclcpp/rclcpp/executors.hpp:18[m[K:
[5.194s] [01m[K/usr/include/c++/13/bits/std_thread.h:324:3:[m[K [01;36m[Knote: [m[Kcandidate: ‘[01m[Kbool std::[01;32m[Koperator==[m[K(thread::id, thread::id)[m[K’
[5.194s]   324 |   [01;36m[Koperator[m[K==(thread::id __x, thread::id __y) noexcept
[5.195s]       |   [01;36m[K^~~~~~~~[m[K
[5.195s] [01m[K/usr/include/c++/13/bits/std_thread.h:324:25:[m[K [01;36m[Knote: [m[K  no known conversion for argument 1 from ‘[01m[Kconst std_msgs::msg::String_<std::allocator<void> >::SharedPtr[m[K’ {aka ‘[01m[Kconst std::shared_ptr<std_msgs::msg::String_<std::allocator<void> > >[m[K’} to ‘[01m[Kstd::thread::id[m[K’
[5.195s]   324 |   operator==([01;36m[Kthread::id __x[m[K, thread::id __y) noexcept
[5.195s]       |              [01;36m[K~~~~~~~~~~~^~~[m[K
[5.195s] [01m[K/usr/include/c++/13/variant:1273:18:[m[K [01;36m[Knote: [m[Kcandidate: ‘[01m[Kconstexpr bool std::[01;32m[Koperator==[m[K(monostate, monostate)[m[K’
[5.195s]  1273 |   constexpr bool [01;36m[Koperator[m[K==(monostate, monostate) noexcept { return true; }
[5.195s]       |                  [01;36m[K^~~~~~~~[m[K
[5.196s] [01m[K/usr/include/c++/13/variant:1273:29:[m[K [01;36m[Knote: [m[K  no known conversion for argument 1 from ‘[01m[Kconst std_msgs::msg::String_<std::allocator<void> >::SharedPtr[m[K’ {aka ‘[01m[Kconst std::shared_ptr<std_msgs::msg::String_<std::allocator<void> > >[m[K’} to ‘[01m[Kstd::monostate[m[K’
[5.196s]  1273 |   constexpr bool operator==([01;36m[Kmonostate[m[K, monostate) noexcept { return true; }
[5.196s]       |                             [01;36m[K^~~~~~~~~[m[K
[9.771s] gmake[2]: *** [CMakeFiles/my_robot_master_cpp.dir/build.make:76: CMakeFiles/my_robot_master_cpp.dir/src/my_robot_master.cpp.o] Error 1
[9.772s] gmake[1]: *** [CMakeFiles/Makefile2:165: CMakeFiles/my_robot_master_cpp.dir/all] Error 2
[9.772s] gmake[1]: *** Waiting for unfinished jobs....
[11.990s] [ 75%] [32m[1mLinking CXX executable my_robot_differential_cpp[0m
[12.332s] [ 75%] Built target my_robot_differential_cpp
[12.333s] gmake: *** [Makefile:146: all] Error 2
[12.338s] Invoked command in '/home/vincent-pc/ros2_jazzy/build/my_robot_cpp' returned '2': CMAKE_PREFIX_PATH=${CMAKE_PREFIX_PATH}:/home/vincent-pc/ros2_jazzy/install/my_robot_python:/opt/ros/jazzy DEBUGINFOD_URLS=https://debuginfod.ubuntu.com /usr/bin/cmake --build /home/vincent-pc/ros2_jazzy/build/my_robot_cpp -- -j8 -l8
