[0.183s] DEBUG:colcon:Command line arguments: ['/usr/bin/colcon', 'build']
[0.183s] DEBUG:colcon:Parsed command line arguments: Namespace(log_base=None, log_level=None, verb_name='build', build_base='build', install_base='install', merge_install=False, symlink_install=False, test_result_base=None, continue_on_error=False, executor='parallel', parallel_workers=8, event_handlers=None, ignore_user_meta=False, metas=['./colcon.meta'], base_paths=['.'], packages_ignore=None, packages_ignore_regex=None, paths=None, packages_up_to=None, packages_up_to_regex=None, packages_above=None, packages_above_and_dependencies=None, packages_above_depth=None, packages_select_by_dep=None, packages_skip_by_dep=None, packages_skip_up_to=None, packages_select_build_failed=False, packages_skip_build_finished=False, packages_select_test_failures=False, packages_skip_test_passed=False, packages_select=None, packages_skip=None, packages_select_regex=None, packages_skip_regex=None, packages_start=None, packages_end=None, allow_overriding=[], cmake_args=None, cmake_target=None, cmake_target_skip_unavailable=False, cmake_clean_cache=False, cmake_clean_first=False, cmake_force_configure=False, ament_cmake_args=None, catkin_cmake_args=None, catkin_skip_building_tests=False, mixin_files=None, mixin=None, verb_parser=<colcon_mixin.mixin.mixin_argument.MixinArgumentDecorator object at 0x7f019efa2080>, verb_extension=<colcon_core.verb.build.BuildVerb object at 0x7f019efbb940>, main=<bound method BuildVerb.main of <colcon_core.verb.build.BuildVerb object at 0x7f019efbb940>>, mixin_verb=('build',))
[0.409s] Level 1:colcon.colcon_core.package_discovery:discover_packages(colcon_meta) check parameters
[0.409s] Level 1:colcon.colcon_core.package_discovery:discover_packages(recursive) check parameters
[0.409s] Level 1:colcon.colcon_core.package_discovery:discover_packages(ignore) check parameters
[0.409s] Level 1:colcon.colcon_core.package_discovery:discover_packages(path) check parameters
[0.409s] Level 1:colcon.colcon_core.package_discovery:discover_packages(colcon_meta) discover
[0.409s] Level 1:colcon.colcon_core.package_discovery:discover_packages(recursive) discover
[0.409s] INFO:colcon.colcon_core.package_discovery:Crawling recursively for packages in '/home/vincent-pc/ros2_humble'
[0.409s] Level 1:colcon.colcon_core.package_identification:_identify(.) by extensions ['ignore', 'ignore_ament_install']
[0.410s] Level 1:colcon.colcon_core.package_identification:_identify(.) by extension 'ignore'
[0.410s] Level 1:colcon.colcon_core.package_identification:_identify(.) by extension 'ignore_ament_install'
[0.410s] Level 1:colcon.colcon_core.package_identification:_identify(.) by extensions ['colcon_pkg']
[0.410s] Level 1:colcon.colcon_core.package_identification:_identify(.) by extension 'colcon_pkg'
[0.410s] Level 1:colcon.colcon_core.package_identification:_identify(.) by extensions ['colcon_meta']
[0.410s] Level 1:colcon.colcon_core.package_identification:_identify(.) by extension 'colcon_meta'
[0.410s] Level 1:colcon.colcon_core.package_identification:_identify(.) by extensions ['ros']
[0.410s] Level 1:colcon.colcon_core.package_identification:_identify(.) by extension 'ros'
[0.425s] Level 1:colcon.colcon_core.package_identification:_identify(.) by extensions ['cmake', 'python']
[0.425s] Level 1:colcon.colcon_core.package_identification:_identify(.) by extension 'cmake'
[0.425s] Level 1:colcon.colcon_core.package_identification:_identify(.) by extension 'python'
[0.425s] Level 1:colcon.colcon_core.package_identification:_identify(.) by extensions ['python_setup_py']
[0.425s] Level 1:colcon.colcon_core.package_identification:_identify(.) by extension 'python_setup_py'
[0.426s] Level 1:colcon.colcon_core.package_identification:_identify(build) by extensions ['ignore', 'ignore_ament_install']
[0.426s] Level 1:colcon.colcon_core.package_identification:_identify(build) by extension 'ignore'
[0.426s] Level 1:colcon.colcon_core.package_identification:_identify(build) ignored
[0.426s] Level 1:colcon.colcon_core.package_identification:_identify(install) by extensions ['ignore', 'ignore_ament_install']
[0.426s] Level 1:colcon.colcon_core.package_identification:_identify(install) by extension 'ignore'
[0.426s] Level 1:colcon.colcon_core.package_identification:_identify(install) ignored
[0.426s] Level 1:colcon.colcon_core.package_identification:_identify(log) by extensions ['ignore', 'ignore_ament_install']
[0.426s] Level 1:colcon.colcon_core.package_identification:_identify(log) by extension 'ignore'
[0.426s] Level 1:colcon.colcon_core.package_identification:_identify(log) ignored
[0.426s] Level 1:colcon.colcon_core.package_identification:_identify(src) by extensions ['ignore', 'ignore_ament_install']
[0.427s] Level 1:colcon.colcon_core.package_identification:_identify(src) by extension 'ignore'
[0.427s] Level 1:colcon.colcon_core.package_identification:_identify(src) by extension 'ignore_ament_install'
[0.427s] Level 1:colcon.colcon_core.package_identification:_identify(src) by extensions ['colcon_pkg']
[0.427s] Level 1:colcon.colcon_core.package_identification:_identify(src) by extension 'colcon_pkg'
[0.427s] Level 1:colcon.colcon_core.package_identification:_identify(src) by extensions ['colcon_meta']
[0.427s] Level 1:colcon.colcon_core.package_identification:_identify(src) by extension 'colcon_meta'
[0.427s] Level 1:colcon.colcon_core.package_identification:_identify(src) by extensions ['ros']
[0.427s] Level 1:colcon.colcon_core.package_identification:_identify(src) by extension 'ros'
[0.427s] Level 1:colcon.colcon_core.package_identification:_identify(src) by extensions ['cmake', 'python']
[0.427s] Level 1:colcon.colcon_core.package_identification:_identify(src) by extension 'cmake'
[0.427s] Level 1:colcon.colcon_core.package_identification:_identify(src) by extension 'python'
[0.427s] Level 1:colcon.colcon_core.package_identification:_identify(src) by extensions ['python_setup_py']
[0.427s] Level 1:colcon.colcon_core.package_identification:_identify(src) by extension 'python_setup_py'
[0.427s] Level 1:colcon.colcon_core.package_identification:_identify(src/my_robot_bringup) by extensions ['ignore', 'ignore_ament_install']
[0.427s] Level 1:colcon.colcon_core.package_identification:_identify(src/my_robot_bringup) by extension 'ignore'
[0.427s] Level 1:colcon.colcon_core.package_identification:_identify(src/my_robot_bringup) by extension 'ignore_ament_install'
[0.427s] Level 1:colcon.colcon_core.package_identification:_identify(src/my_robot_bringup) by extensions ['colcon_pkg']
[0.427s] Level 1:colcon.colcon_core.package_identification:_identify(src/my_robot_bringup) by extension 'colcon_pkg'
[0.427s] Level 1:colcon.colcon_core.package_identification:_identify(src/my_robot_bringup) by extensions ['colcon_meta']
[0.428s] Level 1:colcon.colcon_core.package_identification:_identify(src/my_robot_bringup) by extension 'colcon_meta'
[0.428s] Level 1:colcon.colcon_core.package_identification:_identify(src/my_robot_bringup) by extensions ['ros']
[0.428s] Level 1:colcon.colcon_core.package_identification:_identify(src/my_robot_bringup) by extension 'ros'
[0.432s] DEBUG:colcon.colcon_core.package_identification:Package 'src/my_robot_bringup' with type 'ros.ament_cmake' and name 'my_robot_bringup'
[0.432s] Level 1:colcon.colcon_core.package_identification:_identify(src/my_robot_description) by extensions ['ignore', 'ignore_ament_install']
[0.433s] Level 1:colcon.colcon_core.package_identification:_identify(src/my_robot_description) by extension 'ignore'
[0.433s] Level 1:colcon.colcon_core.package_identification:_identify(src/my_robot_description) by extension 'ignore_ament_install'
[0.433s] Level 1:colcon.colcon_core.package_identification:_identify(src/my_robot_description) by extensions ['colcon_pkg']
[0.433s] Level 1:colcon.colcon_core.package_identification:_identify(src/my_robot_description) by extension 'colcon_pkg'
[0.433s] Level 1:colcon.colcon_core.package_identification:_identify(src/my_robot_description) by extensions ['colcon_meta']
[0.433s] Level 1:colcon.colcon_core.package_identification:_identify(src/my_robot_description) by extension 'colcon_meta'
[0.433s] Level 1:colcon.colcon_core.package_identification:_identify(src/my_robot_description) by extensions ['ros']
[0.433s] Level 1:colcon.colcon_core.package_identification:_identify(src/my_robot_description) by extension 'ros'
[0.434s] DEBUG:colcon.colcon_core.package_identification:Package 'src/my_robot_description' with type 'ros.ament_cmake' and name 'my_robot_description'
[0.434s] Level 1:colcon.colcon_core.package_discovery:discover_packages(recursive) using defaults
[0.434s] Level 1:colcon.colcon_core.package_discovery:discover_packages(ignore) discover
[0.434s] Level 1:colcon.colcon_core.package_discovery:discover_packages(ignore) using defaults
[0.434s] Level 1:colcon.colcon_core.package_discovery:discover_packages(path) discover
[0.434s] Level 1:colcon.colcon_core.package_discovery:discover_packages(path) using defaults
[0.469s] Level 1:colcon.colcon_core.package_discovery:discover_packages(prefix_path) check parameters
[0.469s] Level 1:colcon.colcon_core.package_discovery:discover_packages(prefix_path) discover
[0.472s] DEBUG:colcon.colcon_installed_package_information.package_discovery:Found 2 installed packages in /home/vincent-pc/ros2_humble/install
[0.474s] DEBUG:colcon.colcon_installed_package_information.package_discovery:Found 290 installed packages in /opt/ros/humble
[0.475s] Level 1:colcon.colcon_core.package_discovery:discover_packages(prefix_path) using defaults
[0.535s] Level 5:colcon.colcon_core.verb:set package 'my_robot_bringup' build argument 'cmake_args' from command line to 'None'
[0.535s] Level 5:colcon.colcon_core.verb:set package 'my_robot_bringup' build argument 'cmake_target' from command line to 'None'
[0.535s] Level 5:colcon.colcon_core.verb:set package 'my_robot_bringup' build argument 'cmake_target_skip_unavailable' from command line to 'False'
[0.536s] Level 5:colcon.colcon_core.verb:set package 'my_robot_bringup' build argument 'cmake_clean_cache' from command line to 'False'
[0.536s] Level 5:colcon.colcon_core.verb:set package 'my_robot_bringup' build argument 'cmake_clean_first' from command line to 'False'
[0.536s] Level 5:colcon.colcon_core.verb:set package 'my_robot_bringup' build argument 'cmake_force_configure' from command line to 'False'
[0.536s] Level 5:colcon.colcon_core.verb:set package 'my_robot_bringup' build argument 'ament_cmake_args' from command line to 'None'
[0.536s] Level 5:colcon.colcon_core.verb:set package 'my_robot_bringup' build argument 'catkin_cmake_args' from command line to 'None'
[0.536s] Level 5:colcon.colcon_core.verb:set package 'my_robot_bringup' build argument 'catkin_skip_building_tests' from command line to 'False'
[0.536s] DEBUG:colcon.colcon_core.verb:Building package 'my_robot_bringup' with the following arguments: {'ament_cmake_args': None, 'build_base': '/home/vincent-pc/ros2_humble/build/my_robot_bringup', 'catkin_cmake_args': None, 'catkin_skip_building_tests': False, 'cmake_args': None, 'cmake_clean_cache': False, 'cmake_clean_first': False, 'cmake_force_configure': False, 'cmake_target': None, 'cmake_target_skip_unavailable': False, 'install_base': '/home/vincent-pc/ros2_humble/install/my_robot_bringup', 'merge_install': False, 'path': '/home/vincent-pc/ros2_humble/src/my_robot_bringup', 'symlink_install': False, 'test_result_base': None}
[0.537s] Level 5:colcon.colcon_core.verb:set package 'my_robot_description' build argument 'cmake_args' from command line to 'None'
[0.537s] Level 5:colcon.colcon_core.verb:set package 'my_robot_description' build argument 'cmake_target' from command line to 'None'
[0.537s] Level 5:colcon.colcon_core.verb:set package 'my_robot_description' build argument 'cmake_target_skip_unavailable' from command line to 'False'
[0.537s] Level 5:colcon.colcon_core.verb:set package 'my_robot_description' build argument 'cmake_clean_cache' from command line to 'False'
[0.537s] Level 5:colcon.colcon_core.verb:set package 'my_robot_description' build argument 'cmake_clean_first' from command line to 'False'
[0.537s] Level 5:colcon.colcon_core.verb:set package 'my_robot_description' build argument 'cmake_force_configure' from command line to 'False'
[0.537s] Level 5:colcon.colcon_core.verb:set package 'my_robot_description' build argument 'ament_cmake_args' from command line to 'None'
[0.537s] Level 5:colcon.colcon_core.verb:set package 'my_robot_description' build argument 'catkin_cmake_args' from command line to 'None'
[0.537s] Level 5:colcon.colcon_core.verb:set package 'my_robot_description' build argument 'catkin_skip_building_tests' from command line to 'False'
[0.537s] DEBUG:colcon.colcon_core.verb:Building package 'my_robot_description' with the following arguments: {'ament_cmake_args': None, 'build_base': '/home/vincent-pc/ros2_humble/build/my_robot_description', 'catkin_cmake_args': None, 'catkin_skip_building_tests': False, 'cmake_args': None, 'cmake_clean_cache': False, 'cmake_clean_first': False, 'cmake_force_configure': False, 'cmake_target': None, 'cmake_target_skip_unavailable': False, 'install_base': '/home/vincent-pc/ros2_humble/install/my_robot_description', 'merge_install': False, 'path': '/home/vincent-pc/ros2_humble/src/my_robot_description', 'symlink_install': False, 'test_result_base': None}
[0.537s] INFO:colcon.colcon_core.executor:Executing jobs using 'parallel' executor
[0.538s] DEBUG:colcon.colcon_parallel_executor.executor.parallel:run_until_complete
[0.538s] INFO:colcon.colcon_ros.task.ament_cmake.build:Building ROS package in '/home/vincent-pc/ros2_humble/src/my_robot_bringup' with build type 'ament_cmake'
[0.539s] INFO:colcon.colcon_cmake.task.cmake.build:Building CMake package in '/home/vincent-pc/ros2_humble/src/my_robot_bringup'
[0.544s] INFO:colcon.colcon_core.plugin_system:Skipping extension 'colcon_core.shell.bat': Not used on non-Windows systems
[0.544s] INFO:colcon.colcon_core.shell:Skip shell extension 'powershell' for command environment: Not usable outside of PowerShell
[0.544s] DEBUG:colcon.colcon_core.shell:Skip shell extension 'dsv' for command environment
[0.547s] INFO:colcon.colcon_ros.task.ament_cmake.build:Building ROS package in '/home/vincent-pc/ros2_humble/src/my_robot_description' with build type 'ament_cmake'
[0.547s] INFO:colcon.colcon_cmake.task.cmake.build:Building CMake package in '/home/vincent-pc/ros2_humble/src/my_robot_description'
[0.548s] INFO:colcon.colcon_core.shell:Skip shell extension 'powershell' for command environment: Not usable outside of PowerShell
[0.548s] DEBUG:colcon.colcon_core.shell:Skip shell extension 'dsv' for command environment
[0.554s] DEBUG:colcon.colcon_core.event_handler.log_command:Invoking command in '/home/vincent-pc/ros2_humble/build/my_robot_bringup': CMAKE_PREFIX_PATH=${CMAKE_PREFIX_PATH}:/opt/ros/humble /usr/bin/cmake --build /home/vincent-pc/ros2_humble/build/my_robot_bringup -- -j8 -l8
[0.559s] DEBUG:colcon.colcon_core.event_handler.log_command:Invoking command in '/home/vincent-pc/ros2_humble/build/my_robot_description': CMAKE_PREFIX_PATH=${CMAKE_PREFIX_PATH}:/opt/ros/humble /usr/bin/cmake --build /home/vincent-pc/ros2_humble/build/my_robot_description -- -j8 -l8
[0.608s] DEBUG:colcon.colcon_core.event_handler.log_command:Invoked command in '/home/vincent-pc/ros2_humble/build/my_robot_description' returned '0': CMAKE_PREFIX_PATH=${CMAKE_PREFIX_PATH}:/opt/ros/humble /usr/bin/cmake --build /home/vincent-pc/ros2_humble/build/my_robot_description -- -j8 -l8
[0.616s] DEBUG:colcon.colcon_core.event_handler.log_command:Invoking command in '/home/vincent-pc/ros2_humble/build/my_robot_description': CMAKE_PREFIX_PATH=${CMAKE_PREFIX_PATH}:/opt/ros/humble /usr/bin/cmake --install /home/vincent-pc/ros2_humble/build/my_robot_description
[0.617s] DEBUG:colcon.colcon_core.event_handler.log_command:Invoked command in '/home/vincent-pc/ros2_humble/build/my_robot_bringup' returned '0': CMAKE_PREFIX_PATH=${CMAKE_PREFIX_PATH}:/opt/ros/humble /usr/bin/cmake --build /home/vincent-pc/ros2_humble/build/my_robot_bringup -- -j8 -l8
[0.618s] DEBUG:colcon.colcon_core.event_handler.log_command:Invoking command in '/home/vincent-pc/ros2_humble/build/my_robot_bringup': CMAKE_PREFIX_PATH=${CMAKE_PREFIX_PATH}:/opt/ros/humble /usr/bin/cmake --install /home/vincent-pc/ros2_humble/build/my_robot_bringup
[0.626s] Level 1:colcon.colcon_core.environment:create_environment_scripts_only(my_robot_description)
[0.627s] DEBUG:colcon.colcon_core.event_handler.log_command:Invoked command in '/home/vincent-pc/ros2_humble/build/my_robot_description' returned '0': CMAKE_PREFIX_PATH=${CMAKE_PREFIX_PATH}:/opt/ros/humble /usr/bin/cmake --install /home/vincent-pc/ros2_humble/build/my_robot_description
[0.634s] Level 1:colcon.colcon_core.environment:checking '/home/vincent-pc/ros2_humble/install/my_robot_description' for CMake module files
[0.635s] Level 1:colcon.colcon_core.environment:checking '/home/vincent-pc/ros2_humble/install/my_robot_description' for CMake config files
[0.635s] Level 1:colcon.colcon_core.shell:create_environment_hook('my_robot_description', 'cmake_prefix_path')
[0.635s] INFO:colcon.colcon_core.shell:Creating environment hook '/home/vincent-pc/ros2_humble/install/my_robot_description/share/my_robot_description/hook/cmake_prefix_path.ps1'
[0.637s] INFO:colcon.colcon_core.shell:Creating environment descriptor '/home/vincent-pc/ros2_humble/install/my_robot_description/share/my_robot_description/hook/cmake_prefix_path.dsv'
[0.637s] INFO:colcon.colcon_core.shell:Creating environment hook '/home/vincent-pc/ros2_humble/install/my_robot_description/share/my_robot_description/hook/cmake_prefix_path.sh'
[0.639s] Level 1:colcon.colcon_core.environment:checking '/home/vincent-pc/ros2_humble/install/my_robot_description/bin'
[0.639s] Level 1:colcon.colcon_core.environment:checking '/home/vincent-pc/ros2_humble/install/my_robot_description/lib/pkgconfig/my_robot_description.pc'
[0.639s] Level 1:colcon.colcon_core.environment:checking '/home/vincent-pc/ros2_humble/install/my_robot_description/lib/python3.10/site-packages'
[0.639s] Level 1:colcon.colcon_core.environment:checking '/home/vincent-pc/ros2_humble/install/my_robot_description/bin'
[0.640s] INFO:colcon.colcon_core.shell:Creating package script '/home/vincent-pc/ros2_humble/install/my_robot_description/share/my_robot_description/package.ps1'
[0.641s] INFO:colcon.colcon_core.shell:Creating package descriptor '/home/vincent-pc/ros2_humble/install/my_robot_description/share/my_robot_description/package.dsv'
[0.641s] INFO:colcon.colcon_core.shell:Creating package script '/home/vincent-pc/ros2_humble/install/my_robot_description/share/my_robot_description/package.sh'
[0.642s] INFO:colcon.colcon_core.shell:Creating package script '/home/vincent-pc/ros2_humble/install/my_robot_description/share/my_robot_description/package.bash'
[0.644s] INFO:colcon.colcon_core.shell:Creating package script '/home/vincent-pc/ros2_humble/install/my_robot_description/share/my_robot_description/package.zsh'
[0.645s] Level 1:colcon.colcon_core.environment:create_file_with_runtime_dependencies(/home/vincent-pc/ros2_humble/install/my_robot_description/share/colcon-core/packages/my_robot_description)
[0.645s] Level 1:colcon.colcon_core.environment:create_environment_scripts_only(my_robot_description)
[0.645s] Level 1:colcon.colcon_core.environment:checking '/home/vincent-pc/ros2_humble/install/my_robot_description' for CMake module files
[0.646s] Level 1:colcon.colcon_core.environment:checking '/home/vincent-pc/ros2_humble/install/my_robot_description' for CMake config files
[0.646s] Level 1:colcon.colcon_core.shell:create_environment_hook('my_robot_description', 'cmake_prefix_path')
[0.646s] INFO:colcon.colcon_core.shell:Creating environment hook '/home/vincent-pc/ros2_humble/install/my_robot_description/share/my_robot_description/hook/cmake_prefix_path.ps1'
[0.647s] INFO:colcon.colcon_core.shell:Creating environment descriptor '/home/vincent-pc/ros2_humble/install/my_robot_description/share/my_robot_description/hook/cmake_prefix_path.dsv'
[0.647s] INFO:colcon.colcon_core.shell:Creating environment hook '/home/vincent-pc/ros2_humble/install/my_robot_description/share/my_robot_description/hook/cmake_prefix_path.sh'
[0.648s] Level 1:colcon.colcon_core.environment:checking '/home/vincent-pc/ros2_humble/install/my_robot_description/bin'
[0.648s] Level 1:colcon.colcon_core.environment:checking '/home/vincent-pc/ros2_humble/install/my_robot_description/lib/pkgconfig/my_robot_description.pc'
[0.648s] Level 1:colcon.colcon_core.environment:checking '/home/vincent-pc/ros2_humble/install/my_robot_description/lib/python3.10/site-packages'
[0.649s] Level 1:colcon.colcon_core.environment:checking '/home/vincent-pc/ros2_humble/install/my_robot_description/bin'
[0.649s] INFO:colcon.colcon_core.shell:Creating package script '/home/vincent-pc/ros2_humble/install/my_robot_description/share/my_robot_description/package.ps1'
[0.650s] INFO:colcon.colcon_core.shell:Creating package descriptor '/home/vincent-pc/ros2_humble/install/my_robot_description/share/my_robot_description/package.dsv'
[0.650s] INFO:colcon.colcon_core.shell:Creating package script '/home/vincent-pc/ros2_humble/install/my_robot_description/share/my_robot_description/package.sh'
[0.651s] INFO:colcon.colcon_core.shell:Creating package script '/home/vincent-pc/ros2_humble/install/my_robot_description/share/my_robot_description/package.bash'
[0.651s] INFO:colcon.colcon_core.shell:Creating package script '/home/vincent-pc/ros2_humble/install/my_robot_description/share/my_robot_description/package.zsh'
[0.652s] Level 1:colcon.colcon_core.environment:create_file_with_runtime_dependencies(/home/vincent-pc/ros2_humble/install/my_robot_description/share/colcon-core/packages/my_robot_description)
[0.653s] Level 1:colcon.colcon_core.environment:create_environment_scripts_only(my_robot_bringup)
[0.653s] Level 1:colcon.colcon_core.environment:checking '/home/vincent-pc/ros2_humble/install/my_robot_bringup' for CMake module files
[0.654s] DEBUG:colcon.colcon_core.event_handler.log_command:Invoked command in '/home/vincent-pc/ros2_humble/build/my_robot_bringup' returned '0': CMAKE_PREFIX_PATH=${CMAKE_PREFIX_PATH}:/opt/ros/humble /usr/bin/cmake --install /home/vincent-pc/ros2_humble/build/my_robot_bringup
[0.654s] Level 1:colcon.colcon_core.environment:checking '/home/vincent-pc/ros2_humble/install/my_robot_bringup' for CMake config files
[0.654s] Level 1:colcon.colcon_core.shell:create_environment_hook('my_robot_bringup', 'cmake_prefix_path')
[0.655s] INFO:colcon.colcon_core.shell:Creating environment hook '/home/vincent-pc/ros2_humble/install/my_robot_bringup/share/my_robot_bringup/hook/cmake_prefix_path.ps1'
[0.655s] INFO:colcon.colcon_core.shell:Creating environment descriptor '/home/vincent-pc/ros2_humble/install/my_robot_bringup/share/my_robot_bringup/hook/cmake_prefix_path.dsv'
[0.656s] INFO:colcon.colcon_core.shell:Creating environment hook '/home/vincent-pc/ros2_humble/install/my_robot_bringup/share/my_robot_bringup/hook/cmake_prefix_path.sh'
[0.656s] Level 1:colcon.colcon_core.environment:checking '/home/vincent-pc/ros2_humble/install/my_robot_bringup/bin'
[0.656s] Level 1:colcon.colcon_core.environment:checking '/home/vincent-pc/ros2_humble/install/my_robot_bringup/lib/pkgconfig/my_robot_bringup.pc'
[0.657s] Level 1:colcon.colcon_core.environment:checking '/home/vincent-pc/ros2_humble/install/my_robot_bringup/lib/python3.10/site-packages'
[0.657s] Level 1:colcon.colcon_core.environment:checking '/home/vincent-pc/ros2_humble/install/my_robot_bringup/bin'
[0.657s] INFO:colcon.colcon_core.shell:Creating package script '/home/vincent-pc/ros2_humble/install/my_robot_bringup/share/my_robot_bringup/package.ps1'
[0.658s] INFO:colcon.colcon_core.shell:Creating package descriptor '/home/vincent-pc/ros2_humble/install/my_robot_bringup/share/my_robot_bringup/package.dsv'
[0.658s] INFO:colcon.colcon_core.shell:Creating package script '/home/vincent-pc/ros2_humble/install/my_robot_bringup/share/my_robot_bringup/package.sh'
[0.658s] INFO:colcon.colcon_core.shell:Creating package script '/home/vincent-pc/ros2_humble/install/my_robot_bringup/share/my_robot_bringup/package.bash'
[0.659s] INFO:colcon.colcon_core.shell:Creating package script '/home/vincent-pc/ros2_humble/install/my_robot_bringup/share/my_robot_bringup/package.zsh'
[0.659s] Level 1:colcon.colcon_core.environment:create_file_with_runtime_dependencies(/home/vincent-pc/ros2_humble/install/my_robot_bringup/share/colcon-core/packages/my_robot_bringup)
[0.660s] Level 1:colcon.colcon_core.environment:create_environment_scripts_only(my_robot_bringup)
[0.660s] Level 1:colcon.colcon_core.environment:checking '/home/vincent-pc/ros2_humble/install/my_robot_bringup' for CMake module files
[0.660s] Level 1:colcon.colcon_core.environment:checking '/home/vincent-pc/ros2_humble/install/my_robot_bringup' for CMake config files
[0.660s] Level 1:colcon.colcon_core.shell:create_environment_hook('my_robot_bringup', 'cmake_prefix_path')
[0.661s] INFO:colcon.colcon_core.shell:Creating environment hook '/home/vincent-pc/ros2_humble/install/my_robot_bringup/share/my_robot_bringup/hook/cmake_prefix_path.ps1'
[0.661s] INFO:colcon.colcon_core.shell:Creating environment descriptor '/home/vincent-pc/ros2_humble/install/my_robot_bringup/share/my_robot_bringup/hook/cmake_prefix_path.dsv'
[0.661s] INFO:colcon.colcon_core.shell:Creating environment hook '/home/vincent-pc/ros2_humble/install/my_robot_bringup/share/my_robot_bringup/hook/cmake_prefix_path.sh'
[0.662s] Level 1:colcon.colcon_core.environment:checking '/home/vincent-pc/ros2_humble/install/my_robot_bringup/bin'
[0.662s] Level 1:colcon.colcon_core.environment:checking '/home/vincent-pc/ros2_humble/install/my_robot_bringup/lib/pkgconfig/my_robot_bringup.pc'
[0.662s] Level 1:colcon.colcon_core.environment:checking '/home/vincent-pc/ros2_humble/install/my_robot_bringup/lib/python3.10/site-packages'
[0.662s] Level 1:colcon.colcon_core.environment:checking '/home/vincent-pc/ros2_humble/install/my_robot_bringup/bin'
[0.663s] INFO:colcon.colcon_core.shell:Creating package script '/home/vincent-pc/ros2_humble/install/my_robot_bringup/share/my_robot_bringup/package.ps1'
[0.663s] INFO:colcon.colcon_core.shell:Creating package descriptor '/home/vincent-pc/ros2_humble/install/my_robot_bringup/share/my_robot_bringup/package.dsv'
[0.664s] INFO:colcon.colcon_core.shell:Creating package script '/home/vincent-pc/ros2_humble/install/my_robot_bringup/share/my_robot_bringup/package.sh'
[0.664s] INFO:colcon.colcon_core.shell:Creating package script '/home/vincent-pc/ros2_humble/install/my_robot_bringup/share/my_robot_bringup/package.bash'
[0.664s] INFO:colcon.colcon_core.shell:Creating package script '/home/vincent-pc/ros2_humble/install/my_robot_bringup/share/my_robot_bringup/package.zsh'
[0.665s] Level 1:colcon.colcon_core.environment:create_file_with_runtime_dependencies(/home/vincent-pc/ros2_humble/install/my_robot_bringup/share/colcon-core/packages/my_robot_bringup)
[0.665s] DEBUG:colcon.colcon_parallel_executor.executor.parallel:closing loop
[0.665s] DEBUG:colcon.colcon_parallel_executor.executor.parallel:loop closed
[0.666s] DEBUG:colcon.colcon_parallel_executor.executor.parallel:run_until_complete finished with '0'
[0.666s] DEBUG:colcon.colcon_core.event_reactor:joining thread
[0.677s] INFO:colcon.colcon_core.plugin_system:Skipping extension 'colcon_notification.desktop_notification.terminal_notifier': Not used on non-Darwin systems
[0.677s] INFO:colcon.colcon_core.plugin_system:Skipping extension 'colcon_notification.desktop_notification.win32': Not used on non-Windows systems
[0.677s] INFO:colcon.colcon_notification.desktop_notification:Sending desktop notification using 'notify2'
[0.687s] DEBUG:colcon.colcon_core.event_reactor:joined thread
[0.688s] INFO:colcon.colcon_core.shell:Creating prefix script '/home/vincent-pc/ros2_humble/install/local_setup.ps1'
[0.689s] INFO:colcon.colcon_core.shell:Creating prefix util module '/home/vincent-pc/ros2_humble/install/_local_setup_util_ps1.py'
[0.691s] INFO:colcon.colcon_core.shell:Creating prefix chain script '/home/vincent-pc/ros2_humble/install/setup.ps1'
[0.692s] INFO:colcon.colcon_core.shell:Creating prefix script '/home/vincent-pc/ros2_humble/install/local_setup.sh'
[0.693s] INFO:colcon.colcon_core.shell:Creating prefix util module '/home/vincent-pc/ros2_humble/install/_local_setup_util_sh.py'
[0.693s] INFO:colcon.colcon_core.shell:Creating prefix chain script '/home/vincent-pc/ros2_humble/install/setup.sh'
[0.694s] INFO:colcon.colcon_core.shell:Creating prefix script '/home/vincent-pc/ros2_humble/install/local_setup.bash'
[0.695s] INFO:colcon.colcon_core.shell:Creating prefix chain script '/home/vincent-pc/ros2_humble/install/setup.bash'
[0.696s] INFO:colcon.colcon_core.shell:Creating prefix script '/home/vincent-pc/ros2_humble/install/local_setup.zsh'
[0.696s] INFO:colcon.colcon_core.shell:Creating prefix chain script '/home/vincent-pc/ros2_humble/install/setup.zsh'
