[0.020s] Invoking command in '/home/vincent-pc/ros2_jazzy/build/my_robot_cpp': CMAKE_PREFIX_PATH=${CMAKE_PREFIX_PATH}:/home/vincent-pc/ros2_jazzy/install/my_robot_python:/opt/ros/jazzy DEBUGINFOD_URLS=https://debuginfod.ubuntu.com /usr/bin/cmake --build /home/vincent-pc/ros2_jazzy/build/my_robot_cpp -- -j8 -l8
[0.101s] [ 25%] [32mBuilding CXX object CMakeFiles/my_robot_master_cpp.dir/src/my_robot_master.cpp.o[0m
[0.124s] [ 50%] [32mBuilding CXX object CMakeFiles/my_robot_differential_cpp.dir/src/my_robot_differential.cpp.o[0m
[7.752s] [ 75%] [32m[1mLinking CXX executable my_robot_master_cpp[0m
[8.089s] [ 75%] Built target my_robot_master_cpp
[8.378s] [100%] [32m[1mLinking CXX executable my_robot_differential_cpp[0m
[8.658s] [100%] Built target my_robot_differential_cpp
[8.670s] Invoked command in '/home/vincent-pc/ros2_jazzy/build/my_robot_cpp' returned '0': CMAKE_PREFIX_PATH=${CMAKE_PREFIX_PATH}:/home/vincent-pc/ros2_jazzy/install/my_robot_python:/opt/ros/jazzy DEBUGINFOD_URLS=https://debuginfod.ubuntu.com /usr/bin/cmake --build /home/vincent-pc/ros2_jazzy/build/my_robot_cpp -- -j8 -l8
[8.671s] Invoking command in '/home/vincent-pc/ros2_jazzy/build/my_robot_cpp': CMAKE_PREFIX_PATH=${CMAKE_PREFIX_PATH}:/home/vincent-pc/ros2_jazzy/install/my_robot_python:/opt/ros/jazzy DEBUGINFOD_URLS=https://debuginfod.ubuntu.com /usr/bin/cmake --install /home/vincent-pc/ros2_jazzy/build/my_robot_cpp
[8.679s] -- Install configuration: ""
[8.679s] -- Execute custom install script
[8.680s] -- Up-to-date symlink: /home/vincent-pc/ros2_jazzy/install/my_robot_cpp/lib/my_robot_cpp/my_robot_differential_cpp
[8.680s] -- Symlinking: /home/vincent-pc/ros2_jazzy/install/my_robot_cpp/lib/my_robot_cpp/my_robot_master_cpp
[8.689s] -- Up-to-date symlink: /home/vincent-pc/ros2_jazzy/install/my_robot_cpp/share/ament_index/resource_index/package_run_dependencies/my_robot_cpp
[8.689s] -- Up-to-date symlink: /home/vincent-pc/ros2_jazzy/install/my_robot_cpp/share/ament_index/resource_index/parent_prefix_path/my_robot_cpp
[8.689s] -- Up-to-date symlink: /home/vincent-pc/ros2_jazzy/install/my_robot_cpp/share/my_robot_cpp/environment/ament_prefix_path.sh
[8.689s] -- Up-to-date symlink: /home/vincent-pc/ros2_jazzy/install/my_robot_cpp/share/my_robot_cpp/environment/ament_prefix_path.dsv
[8.689s] -- Up-to-date symlink: /home/vincent-pc/ros2_jazzy/install/my_robot_cpp/share/my_robot_cpp/environment/path.sh
[8.689s] -- Up-to-date symlink: /home/vincent-pc/ros2_jazzy/install/my_robot_cpp/share/my_robot_cpp/environment/path.dsv
[8.689s] -- Up-to-date symlink: /home/vincent-pc/ros2_jazzy/install/my_robot_cpp/share/my_robot_cpp/local_setup.bash
[8.689s] -- Up-to-date symlink: /home/vincent-pc/ros2_jazzy/install/my_robot_cpp/share/my_robot_cpp/local_setup.sh
[8.690s] -- Up-to-date symlink: /home/vincent-pc/ros2_jazzy/install/my_robot_cpp/share/my_robot_cpp/local_setup.zsh
[8.690s] -- Up-to-date symlink: /home/vincent-pc/ros2_jazzy/install/my_robot_cpp/share/my_robot_cpp/local_setup.dsv
[8.690s] -- Symlinking: /home/vincent-pc/ros2_jazzy/install/my_robot_cpp/share/my_robot_cpp/package.dsv
[8.699s] -- Up-to-date symlink: /home/vincent-pc/ros2_jazzy/install/my_robot_cpp/share/ament_index/resource_index/packages/my_robot_cpp
[8.699s] -- Up-to-date symlink: /home/vincent-pc/ros2_jazzy/install/my_robot_cpp/share/my_robot_cpp/cmake/my_robot_cppConfig.cmake
[8.699s] -- Up-to-date symlink: /home/vincent-pc/ros2_jazzy/install/my_robot_cpp/share/my_robot_cpp/cmake/my_robot_cppConfig-version.cmake
[8.699s] -- Up-to-date symlink: /home/vincent-pc/ros2_jazzy/install/my_robot_cpp/share/my_robot_cpp/package.xml
[8.701s] Invoked command in '/home/vincent-pc/ros2_jazzy/build/my_robot_cpp' returned '0': CMAKE_PREFIX_PATH=${CMAKE_PREFIX_PATH}:/home/vincent-pc/ros2_jazzy/install/my_robot_python:/opt/ros/jazzy DEBUGINFOD_URLS=https://debuginfod.ubuntu.com /usr/bin/cmake --install /home/vincent-pc/ros2_jazzy/build/my_robot_cpp
