[0.822s] Invoking command in '/home/vincent-pc/ros2_jazzy/src/my_robot_python': DEBUGINFOD_URLS=https://debuginfod.ubuntu.com PYTHONPATH=/home/vincent-pc/ros2_jazzy/build/my_robot_python/prefix_override:/usr/lib/python3/dist-packages/colcon_core/task/python/colcon_distutils_commands:/home/vincent-pc/ros2_jazzy/install/my_robot_python/lib/python3.12/site-packages:${PYTHONPATH} /usr/bin/python3 -W ignore:setup.py install is deprecated -W ignore:easy_install command is deprecated setup.py egg_info --egg-base ../../build/my_robot_python build --build-base /home/vincent-pc/ros2_jazzy/build/my_robot_python/build install --record /home/vincent-pc/ros2_jazzy/build/my_robot_python/install.log --single-version-externally-managed install_data
[1.067s] running egg_info
[1.085s] writing ../../build/my_robot_python/my_robot_python.egg-info/PKG-INFO
[1.085s] writing dependency_links to ../../build/my_robot_python/my_robot_python.egg-info/dependency_links.txt
[1.085s] writing entry points to ../../build/my_robot_python/my_robot_python.egg-info/entry_points.txt
[1.085s] writing requirements to ../../build/my_robot_python/my_robot_python.egg-info/requires.txt
[1.085s] writing top-level names to ../../build/my_robot_python/my_robot_python.egg-info/top_level.txt
[1.125s] reading manifest file '../../build/my_robot_python/my_robot_python.egg-info/SOURCES.txt'
[1.126s] writing manifest file '../../build/my_robot_python/my_robot_python.egg-info/SOURCES.txt'
[1.126s] running build
[1.127s] running build_py
[1.127s] running install
[1.132s] running install_lib
[1.151s] running install_data
[1.151s] running install_egg_info
[1.170s] removing '/home/vincent-pc/ros2_jazzy/install/my_robot_python/lib/python3.12/site-packages/my_robot_python-0.0.0-py3.12.egg-info' (and everything under it)
[1.170s] Copying ../../build/my_robot_python/my_robot_python.egg-info to /home/vincent-pc/ros2_jazzy/install/my_robot_python/lib/python3.12/site-packages/my_robot_python-0.0.0-py3.12.egg-info
[1.171s] running install_scripts
[1.293s] Installing my_robot_py script to /home/vincent-pc/ros2_jazzy/install/my_robot_python/lib/my_robot_python
[1.294s] writing list of installed files to '/home/vincent-pc/ros2_jazzy/build/my_robot_python/install.log'
[1.326s] Invoked command in '/home/vincent-pc/ros2_jazzy/src/my_robot_python' returned '0': DEBUGINFOD_URLS=https://debuginfod.ubuntu.com PYTHONPATH=/home/vincent-pc/ros2_jazzy/build/my_robot_python/prefix_override:/usr/lib/python3/dist-packages/colcon_core/task/python/colcon_distutils_commands:/home/vincent-pc/ros2_jazzy/install/my_robot_python/lib/python3.12/site-packages:${PYTHONPATH} /usr/bin/python3 -W ignore:setup.py install is deprecated -W ignore:easy_install command is deprecated setup.py egg_info --egg-base ../../build/my_robot_python build --build-base /home/vincent-pc/ros2_jazzy/build/my_robot_python/build install --record /home/vincent-pc/ros2_jazzy/build/my_robot_python/install.log --single-version-externally-managed install_data
