[0.042s] Invoking command in '/home/vincent-pc/ros2_jazzy/build/my_robot_cpp': CMAKE_PREFIX_PATH=${CMAKE_PREFIX_PATH}:/home/vincent-pc/ros2_jazzy/install/my_robot_python:/opt/ros/jazzy DEBUGINFOD_URLS=https://debuginfod.ubuntu.com /usr/bin/cmake --build /home/vincent-pc/ros2_jazzy/build/my_robot_cpp -- -j8 -l8
[0.210s] [ 50%] Built target my_robot_master_cpp
[0.219s] [ 75%] [32mBuilding CXX object CMakeFiles/my_robot_differential_cpp.dir/src/my_robot_differential.cpp.o[0m
[24.197s] [100%] [32m[1mLinking CXX executable my_robot_differential_cpp[0m
[25.324s] [100%] Built target my_robot_differential_cpp
[25.362s] Invoked command in '/home/vincent-pc/ros2_jazzy/build/my_robot_cpp' returned '0': CMAKE_PREFIX_PATH=${CMAKE_PREFIX_PATH}:/home/vincent-pc/ros2_jazzy/install/my_robot_python:/opt/ros/jazzy DEBUGINFOD_URLS=https://debuginfod.ubuntu.com /usr/bin/cmake --build /home/vincent-pc/ros2_jazzy/build/my_robot_cpp -- -j8 -l8
[25.391s] Invoking command in '/home/vincent-pc/ros2_jazzy/build/my_robot_cpp': CMAKE_PREFIX_PATH=${CMAKE_PREFIX_PATH}:/home/vincent-pc/ros2_jazzy/install/my_robot_python:/opt/ros/jazzy DEBUGINFOD_URLS=https://debuginfod.ubuntu.com /usr/bin/cmake --install /home/vincent-pc/ros2_jazzy/build/my_robot_cpp
[25.417s] -- Install configuration: ""
[25.418s] -- Execute custom install script
[25.421s] -- Up-to-date symlink: /home/vincent-pc/ros2_jazzy/install/my_robot_cpp/lib/my_robot_cpp/my_robot_differential_cpp
[25.422s] -- Up-to-date symlink: /home/vincent-pc/ros2_jazzy/install/my_robot_cpp/lib/my_robot_cpp/my_robot_master_cpp
[25.423s] -- Up-to-date symlink: /home/vincent-pc/ros2_jazzy/install/my_robot_cpp/share/ament_index/resource_index/package_run_dependencies/my_robot_cpp
[25.423s] -- Up-to-date symlink: /home/vincent-pc/ros2_jazzy/install/my_robot_cpp/share/ament_index/resource_index/parent_prefix_path/my_robot_cpp
[25.424s] -- Up-to-date symlink: /home/vincent-pc/ros2_jazzy/install/my_robot_cpp/share/my_robot_cpp/environment/ament_prefix_path.sh
[25.424s] -- Up-to-date symlink: /home/vincent-pc/ros2_jazzy/install/my_robot_cpp/share/my_robot_cpp/environment/ament_prefix_path.dsv
[25.424s] -- Up-to-date symlink: /home/vincent-pc/ros2_jazzy/install/my_robot_cpp/share/my_robot_cpp/environment/path.sh
[25.425s] -- Up-to-date symlink: /home/vincent-pc/ros2_jazzy/install/my_robot_cpp/share/my_robot_cpp/environment/path.dsv
[25.425s] -- Up-to-date symlink: /home/vincent-pc/ros2_jazzy/install/my_robot_cpp/share/my_robot_cpp/local_setup.bash
[25.426s] -- Up-to-date symlink: /home/vincent-pc/ros2_jazzy/install/my_robot_cpp/share/my_robot_cpp/local_setup.sh
[25.426s] -- Up-to-date symlink: /home/vincent-pc/ros2_jazzy/install/my_robot_cpp/share/my_robot_cpp/local_setup.zsh
[25.427s] -- Up-to-date symlink: /home/vincent-pc/ros2_jazzy/install/my_robot_cpp/share/my_robot_cpp/local_setup.dsv
[25.428s] -- Symlinking: /home/vincent-pc/ros2_jazzy/install/my_robot_cpp/share/my_robot_cpp/package.dsv
[25.453s] -- Up-to-date symlink: /home/vincent-pc/ros2_jazzy/install/my_robot_cpp/share/ament_index/resource_index/packages/my_robot_cpp
[25.454s] -- Up-to-date symlink: /home/vincent-pc/ros2_jazzy/install/my_robot_cpp/share/my_robot_cpp/cmake/my_robot_cppConfig.cmake
[25.455s] -- Up-to-date symlink: /home/vincent-pc/ros2_jazzy/install/my_robot_cpp/share/my_robot_cpp/cmake/my_robot_cppConfig-version.cmake
[25.456s] -- Up-to-date symlink: /home/vincent-pc/ros2_jazzy/install/my_robot_cpp/share/my_robot_cpp/package.xml
[25.459s] Invoked command in '/home/vincent-pc/ros2_jazzy/build/my_robot_cpp' returned '0': CMAKE_PREFIX_PATH=${CMAKE_PREFIX_PATH}:/home/vincent-pc/ros2_jazzy/install/my_robot_python:/opt/ros/jazzy DEBUGINFOD_URLS=https://debuginfod.ubuntu.com /usr/bin/cmake --install /home/vincent-pc/ros2_jazzy/build/my_robot_cpp
