[0.012s] Invoking command in '/home/vincent-pc/ros2_jazzy/build/my_robot_description': CMAKE_PREFIX_PATH=${CMAKE_PREFIX_PATH}:/opt/ros/jazzy DEBUGINFOD_URLS=https://debuginfod.ubuntu.com /usr/bin/cmake --build /home/vincent-pc/ros2_jazzy/build/my_robot_description -- -j8 -l8
[0.059s] Invoked command in '/home/vincent-pc/ros2_jazzy/build/my_robot_description' returned '0': CMAKE_PREFIX_PATH=${CMAKE_PREFIX_PATH}:/opt/ros/jazzy DEBUGINFOD_URLS=https://debuginfod.ubuntu.com /usr/bin/cmake --build /home/vincent-pc/ros2_jazzy/build/my_robot_description -- -j8 -l8
[0.060s] Invoking command in '/home/vincent-pc/ros2_jazzy/build/my_robot_description': CMAKE_PREFIX_PATH=${CMAKE_PREFIX_PATH}:/opt/ros/jazzy DEBUGINFOD_URLS=https://debuginfod.ubuntu.com /usr/bin/cmake --install /home/vincent-pc/ros2_jazzy/build/my_robot_description
[0.069s] -- Install configuration: ""
[0.070s] -- Up-to-date: /home/vincent-pc/ros2_jazzy/install/my_robot_description/share/my_robot_description//urdf
[0.070s] -- Up-to-date: /home/vincent-pc/ros2_jazzy/install/my_robot_description/share/my_robot_description//urdf/my_robot.urdf.xacro
[0.070s] -- Up-to-date: /home/vincent-pc/ros2_jazzy/install/my_robot_description/share/my_robot_description//urdf/mobile_base.xacro
[0.070s] -- Up-to-date: /home/vincent-pc/ros2_jazzy/install/my_robot_description/share/my_robot_description//urdf/my_robot.urdf
[0.070s] -- Up-to-date: /home/vincent-pc/ros2_jazzy/install/my_robot_description/share/my_robot_description//urdf/mobile_base_gz.xacro
[0.071s] -- Up-to-date: /home/vincent-pc/ros2_jazzy/install/my_robot_description/share/my_robot_description//urdf/common_properties.xacro
[0.071s] -- Up-to-date: /home/vincent-pc/ros2_jazzy/install/my_robot_description/share/my_robot_description//launch
[0.071s] -- Up-to-date: /home/vincent-pc/ros2_jazzy/install/my_robot_description/share/my_robot_description//launch/display2.launch.xml
[0.071s] -- Up-to-date: /home/vincent-pc/ros2_jazzy/install/my_robot_description/share/my_robot_description//launch/display.launch.py
[0.071s] -- Up-to-date: /home/vincent-pc/ros2_jazzy/install/my_robot_description/share/my_robot_description//launch/display.launch.xml
[0.071s] -- Up-to-date: /home/vincent-pc/ros2_jazzy/install/my_robot_description/share/my_robot_description//launch/display2.launch.py
[0.071s] -- Up-to-date: /home/vincent-pc/ros2_jazzy/install/my_robot_description/share/my_robot_description//rviz
[0.072s] -- Up-to-date: /home/vincent-pc/ros2_jazzy/install/my_robot_description/share/my_robot_description//rviz/urdf_config.rviz
[0.072s] -- Up-to-date: /home/vincent-pc/ros2_jazzy/install/my_robot_description/share/ament_index/resource_index/package_run_dependencies/my_robot_description
[0.072s] -- Up-to-date: /home/vincent-pc/ros2_jazzy/install/my_robot_description/share/ament_index/resource_index/parent_prefix_path/my_robot_description
[0.072s] -- Up-to-date: /home/vincent-pc/ros2_jazzy/install/my_robot_description/share/my_robot_description/environment/ament_prefix_path.sh
[0.072s] -- Up-to-date: /home/vincent-pc/ros2_jazzy/install/my_robot_description/share/my_robot_description/environment/ament_prefix_path.dsv
[0.072s] -- Up-to-date: /home/vincent-pc/ros2_jazzy/install/my_robot_description/share/my_robot_description/environment/path.sh
[0.072s] -- Up-to-date: /home/vincent-pc/ros2_jazzy/install/my_robot_description/share/my_robot_description/environment/path.dsv
[0.072s] -- Up-to-date: /home/vincent-pc/ros2_jazzy/install/my_robot_description/share/my_robot_description/local_setup.bash
[0.073s] -- Up-to-date: /home/vincent-pc/ros2_jazzy/install/my_robot_description/share/my_robot_description/local_setup.sh
[0.073s] -- Up-to-date: /home/vincent-pc/ros2_jazzy/install/my_robot_description/share/my_robot_description/local_setup.zsh
[0.073s] -- Up-to-date: /home/vincent-pc/ros2_jazzy/install/my_robot_description/share/my_robot_description/local_setup.dsv
[0.073s] -- Installing: /home/vincent-pc/ros2_jazzy/install/my_robot_description/share/my_robot_description/package.dsv
[0.073s] -- Up-to-date: /home/vincent-pc/ros2_jazzy/install/my_robot_description/share/ament_index/resource_index/packages/my_robot_description
[0.073s] -- Up-to-date: /home/vincent-pc/ros2_jazzy/install/my_robot_description/share/my_robot_description/cmake/my_robot_descriptionConfig.cmake
[0.074s] -- Up-to-date: /home/vincent-pc/ros2_jazzy/install/my_robot_description/share/my_robot_description/cmake/my_robot_descriptionConfig-version.cmake
[0.074s] -- Up-to-date: /home/vincent-pc/ros2_jazzy/install/my_robot_description/share/my_robot_description/package.xml
[0.088s] Invoked command in '/home/vincent-pc/ros2_jazzy/build/my_robot_description' returned '0': CMAKE_PREFIX_PATH=${CMAKE_PREFIX_PATH}:/opt/ros/jazzy DEBUGINFOD_URLS=https://debuginfod.ubuntu.com /usr/bin/cmake --install /home/vincent-pc/ros2_jazzy/build/my_robot_description
