[0.025s] Invoking command in '/home/vincent-pc/ros2_jazzy/build/my_robot_bringup': CMAKE_PREFIX_PATH=${CMAKE_PREFIX_PATH}:/home/vincent-pc/ros2_jazzy/install/my_robot_python:/opt/ros/jazzy DEBUGINFOD_URLS=https://debuginfod.ubuntu.com /usr/bin/cmake --build /home/vincent-pc/ros2_jazzy/build/my_robot_bringup -- -j8 -l8
[0.283s] Invoked command in '/home/vincent-pc/ros2_jazzy/build/my_robot_bringup' returned '0': CMAKE_PREFIX_PATH=${CMAKE_PREFIX_PATH}:/home/vincent-pc/ros2_jazzy/install/my_robot_python:/opt/ros/jazzy DEBUGINFOD_URLS=https://debuginfod.ubuntu.com /usr/bin/cmake --build /home/vincent-pc/ros2_jazzy/build/my_robot_bringup -- -j8 -l8
[0.285s] Invoking command in '/home/vincent-pc/ros2_jazzy/build/my_robot_bringup': CMAKE_PREFIX_PATH=${CMAKE_PREFIX_PATH}:/home/vincent-pc/ros2_jazzy/install/my_robot_python:/opt/ros/jazzy DEBUGINFOD_URLS=https://debuginfod.ubuntu.com /usr/bin/cmake --install /home/vincent-pc/ros2_jazzy/build/my_robot_bringup
[0.295s] -- Install configuration: ""
[0.296s] -- Execute custom install script
[0.296s] -- Up-to-date symlink: /home/vincent-pc/ros2_jazzy/install/my_robot_bringup/share/my_robot_bringup//launch/my_arm_gazebo.launch.xml
[0.297s] -- Up-to-date symlink: /home/vincent-pc/ros2_jazzy/install/my_robot_bringup/share/my_robot_bringup//launch/my_robot_gazebo.launch.xml
[0.297s] -- Up-to-date symlink: /home/vincent-pc/ros2_jazzy/install/my_robot_bringup/share/my_robot_bringup//launch/my_robot_gazebo_teleop.launch.xml
[0.298s] -- Up-to-date symlink: /home/vincent-pc/ros2_jazzy/install/my_robot_bringup/share/my_robot_bringup//config/gazebo_bridge.yaml
[0.298s] -- Up-to-date symlink: /home/vincent-pc/ros2_jazzy/install/my_robot_bringup/share/my_robot_bringup//worlds/test_world.sdf
[0.298s] -- Up-to-date symlink: /home/vincent-pc/ros2_jazzy/install/my_robot_bringup/share/ament_index/resource_index/package_run_dependencies/my_robot_bringup
[0.298s] -- Up-to-date symlink: /home/vincent-pc/ros2_jazzy/install/my_robot_bringup/share/ament_index/resource_index/parent_prefix_path/my_robot_bringup
[0.298s] -- Up-to-date symlink: /home/vincent-pc/ros2_jazzy/install/my_robot_bringup/share/my_robot_bringup/environment/ament_prefix_path.sh
[0.298s] -- Up-to-date symlink: /home/vincent-pc/ros2_jazzy/install/my_robot_bringup/share/my_robot_bringup/environment/ament_prefix_path.dsv
[0.298s] -- Up-to-date symlink: /home/vincent-pc/ros2_jazzy/install/my_robot_bringup/share/my_robot_bringup/environment/path.sh
[0.299s] -- Up-to-date symlink: /home/vincent-pc/ros2_jazzy/install/my_robot_bringup/share/my_robot_bringup/environment/path.dsv
[0.299s] -- Up-to-date symlink: /home/vincent-pc/ros2_jazzy/install/my_robot_bringup/share/my_robot_bringup/local_setup.bash
[0.299s] -- Up-to-date symlink: /home/vincent-pc/ros2_jazzy/install/my_robot_bringup/share/my_robot_bringup/local_setup.sh
[0.299s] -- Up-to-date symlink: /home/vincent-pc/ros2_jazzy/install/my_robot_bringup/share/my_robot_bringup/local_setup.zsh
[0.299s] -- Up-to-date symlink: /home/vincent-pc/ros2_jazzy/install/my_robot_bringup/share/my_robot_bringup/local_setup.dsv
[0.299s] -- Symlinking: /home/vincent-pc/ros2_jazzy/install/my_robot_bringup/share/my_robot_bringup/package.dsv
[0.311s] -- Up-to-date symlink: /home/vincent-pc/ros2_jazzy/install/my_robot_bringup/share/ament_index/resource_index/packages/my_robot_bringup
[0.312s] -- Up-to-date symlink: /home/vincent-pc/ros2_jazzy/install/my_robot_bringup/share/my_robot_bringup/cmake/my_robot_bringupConfig.cmake
[0.312s] -- Up-to-date symlink: /home/vincent-pc/ros2_jazzy/install/my_robot_bringup/share/my_robot_bringup/cmake/my_robot_bringupConfig-version.cmake
[0.312s] -- Up-to-date symlink: /home/vincent-pc/ros2_jazzy/install/my_robot_bringup/share/my_robot_bringup/package.xml
[0.335s] Invoked command in '/home/vincent-pc/ros2_jazzy/build/my_robot_bringup' returned '0': CMAKE_PREFIX_PATH=${CMAKE_PREFIX_PATH}:/home/vincent-pc/ros2_jazzy/install/my_robot_python:/opt/ros/jazzy DEBUGINFOD_URLS=https://debuginfod.ubuntu.com /usr/bin/cmake --install /home/vincent-pc/ros2_jazzy/build/my_robot_bringup
