[ 50%] [32mBuilding CXX object CMakeFiles/my_robot_differential_cpp.dir/src/my_robot_differential.cpp.o[0m
[100%] [32m[1mLinking CXX executable my_robot_differential_cpp[0m
[100%] Built target my_robot_differential_cpp
-- Install configuration: ""
-- Installing: /home/vincent-pc/ros2_jazzy/src/install/my_robot_cpp/lib/my_robot_cpp/my_robot_differential_cpp
-- Set non-toolchain portion of runtime path of "/home/vincent-pc/ros2_jazzy/src/install/my_robot_cpp/lib/my_robot_cpp/my_robot_differential_cpp" to ""
-- Installing: /home/vincent-pc/ros2_jazzy/src/install/my_robot_cpp/share/ament_index/resource_index/package_run_dependencies/my_robot_cpp
-- Installing: /home/vincent-pc/ros2_jazzy/src/install/my_robot_cpp/share/ament_index/resource_index/parent_prefix_path/my_robot_cpp
-- Installing: /home/vincent-pc/ros2_jazzy/src/install/my_robot_cpp/share/my_robot_cpp/environment/ament_prefix_path.sh
-- Installing: /home/vincent-pc/ros2_jazzy/src/install/my_robot_cpp/share/my_robot_cpp/environment/ament_prefix_path.dsv
-- Installing: /home/vincent-pc/ros2_jazzy/src/install/my_robot_cpp/share/my_robot_cpp/environment/path.sh
-- Installing: /home/vincent-pc/ros2_jazzy/src/install/my_robot_cpp/share/my_robot_cpp/environment/path.dsv
-- Installing: /home/vincent-pc/ros2_jazzy/src/install/my_robot_cpp/share/my_robot_cpp/local_setup.bash
-- Installing: /home/vincent-pc/ros2_jazzy/src/install/my_robot_cpp/share/my_robot_cpp/local_setup.sh
-- Installing: /home/vincent-pc/ros2_jazzy/src/install/my_robot_cpp/share/my_robot_cpp/local_setup.zsh
-- Installing: /home/vincent-pc/ros2_jazzy/src/install/my_robot_cpp/share/my_robot_cpp/local_setup.dsv
-- Installing: /home/vincent-pc/ros2_jazzy/src/install/my_robot_cpp/share/my_robot_cpp/package.dsv
-- Installing: /home/vincent-pc/ros2_jazzy/src/install/my_robot_cpp/share/ament_index/resource_index/packages/my_robot_cpp
-- Installing: /home/vincent-pc/ros2_jazzy/src/install/my_robot_cpp/share/my_robot_cpp/cmake/my_robot_cppConfig.cmake
-- Installing: /home/vincent-pc/ros2_jazzy/src/install/my_robot_cpp/share/my_robot_cpp/cmake/my_robot_cppConfig-version.cmake
-- Installing: /home/vincent-pc/ros2_jazzy/src/install/my_robot_cpp/share/my_robot_cpp/package.xml
