[1.097s] Invoking command in '/home/vincent-pc/ros2_jazzy/src/my_robot_python': DEBUGINFOD_URLS=https://debuginfod.ubuntu.com PYTHONPATH=/home/vincent-pc/ros2_jazzy/build/my_robot_python/prefix_override:/usr/lib/python3/dist-packages/colcon_core/task/python/colcon_distutils_commands:/home/vincent-pc/ros2_jazzy/install/my_robot_python/lib/python3.12/site-packages:${PYTHONPATH} /usr/bin/python3 -W ignore:setup.py install is deprecated -W ignore:easy_install command is deprecated setup.py egg_info --egg-base ../../build/my_robot_python build --build-base /home/vincent-pc/ros2_jazzy/build/my_robot_python/build install --record /home/vincent-pc/ros2_jazzy/build/my_robot_python/install.log --single-version-externally-managed install_data
[1.391s] running egg_info
[1.391s] creating ../../build/my_robot_python/my_robot_python.egg-info
[1.410s] writing ../../build/my_robot_python/my_robot_python.egg-info/PKG-INFO
[1.410s] writing dependency_links to ../../build/my_robot_python/my_robot_python.egg-info/dependency_links.txt
[1.410s] writing requirements to ../../build/my_robot_python/my_robot_python.egg-info/requires.txt
[1.410s] writing top-level names to ../../build/my_robot_python/my_robot_python.egg-info/top_level.txt
[1.410s] writing manifest file '../../build/my_robot_python/my_robot_python.egg-info/SOURCES.txt'
[1.451s] reading manifest file '../../build/my_robot_python/my_robot_python.egg-info/SOURCES.txt'
[1.452s] writing manifest file '../../build/my_robot_python/my_robot_python.egg-info/SOURCES.txt'
[1.452s] running build
[1.452s] running build_py
[1.453s] creating /home/vincent-pc/ros2_jazzy/build/my_robot_python/build
[1.453s] creating /home/vincent-pc/ros2_jazzy/build/my_robot_python/build/lib
[1.453s] creating /home/vincent-pc/ros2_jazzy/build/my_robot_python/build/lib/my_robot_python
[1.453s] copying my_robot_python/my_robot.py -> /home/vincent-pc/ros2_jazzy/build/my_robot_python/build/lib/my_robot_python
[1.453s] copying my_robot_python/__init__.py -> /home/vincent-pc/ros2_jazzy/build/my_robot_python/build/lib/my_robot_python
[1.453s] running install
[1.459s] running install_lib
[1.482s] creating /home/vincent-pc/ros2_jazzy/install/my_robot_python/lib/python3.12/site-packages/my_robot_python
[1.482s] copying /home/vincent-pc/ros2_jazzy/build/my_robot_python/build/lib/my_robot_python/my_robot.py -> /home/vincent-pc/ros2_jazzy/install/my_robot_python/lib/python3.12/site-packages/my_robot_python
[1.482s] copying /home/vincent-pc/ros2_jazzy/build/my_robot_python/build/lib/my_robot_python/__init__.py -> /home/vincent-pc/ros2_jazzy/install/my_robot_python/lib/python3.12/site-packages/my_robot_python
[1.483s] byte-compiling /home/vincent-pc/ros2_jazzy/install/my_robot_python/lib/python3.12/site-packages/my_robot_python/my_robot.py to my_robot.cpython-312.pyc
[1.483s]   File "/home/vincent-pc/ros2_jazzy/install/my_robot_python/lib/python3.12/site-packages/my_robot_python/my_robot.py", line 14
[1.483s]     self.counter1+ =1
[1.484s]                    ^
[1.484s] SyntaxError: invalid syntax
[1.484s] 
[1.484s] byte-compiling /home/vincent-pc/ros2_jazzy/install/my_robot_python/lib/python3.12/site-packages/my_robot_python/__init__.py to __init__.cpython-312.pyc
[1.484s] running install_data
[1.485s] creating /home/vincent-pc/ros2_jazzy/install/my_robot_python/share/ament_index
[1.485s] creating /home/vincent-pc/ros2_jazzy/install/my_robot_python/share/ament_index/resource_index
[1.485s] creating /home/vincent-pc/ros2_jazzy/install/my_robot_python/share/ament_index/resource_index/packages
[1.485s] copying resource/my_robot_python -> /home/vincent-pc/ros2_jazzy/install/my_robot_python/share/ament_index/resource_index/packages
[1.485s] copying package.xml -> /home/vincent-pc/ros2_jazzy/install/my_robot_python/share/my_robot_python
[1.485s] running install_egg_info
[1.507s] Copying ../../build/my_robot_python/my_robot_python.egg-info to /home/vincent-pc/ros2_jazzy/install/my_robot_python/lib/python3.12/site-packages/my_robot_python-0.0.0-py3.12.egg-info
[1.508s] running install_scripts
[1.647s] writing list of installed files to '/home/vincent-pc/ros2_jazzy/build/my_robot_python/install.log'
[1.675s] Invoked command in '/home/vincent-pc/ros2_jazzy/src/my_robot_python' returned '0': DEBUGINFOD_URLS=https://debuginfod.ubuntu.com PYTHONPATH=/home/vincent-pc/ros2_jazzy/build/my_robot_python/prefix_override:/usr/lib/python3/dist-packages/colcon_core/task/python/colcon_distutils_commands:/home/vincent-pc/ros2_jazzy/install/my_robot_python/lib/python3.12/site-packages:${PYTHONPATH} /usr/bin/python3 -W ignore:setup.py install is deprecated -W ignore:easy_install command is deprecated setup.py egg_info --egg-base ../../build/my_robot_python build --build-base /home/vincent-pc/ros2_jazzy/build/my_robot_python/build install --record /home/vincent-pc/ros2_jazzy/build/my_robot_python/install.log --single-version-externally-managed install_data
