[0.010s] Invoking command in '/home/vincent-pc/ros2_humble/build/my_robot_description': CMAKE_PREFIX_PATH=/opt/ros/humble /usr/bin/cmake /home/vincent-pc/ros2_humble/src/my_robot_description -DCMAKE_INSTALL_PREFIX=/home/vincent-pc/ros2_humble/install/my_robot_description
[0.133s] -- The C compiler identification is GNU 11.4.0
[0.233s] -- The CXX compiler identification is GNU 11.4.0
[0.242s] -- Detecting C compiler ABI info
[0.302s] -- Detecting C compiler ABI info - done
[0.309s] -- Check for working C compiler: /usr/bin/cc - skipped
[0.310s] -- Detecting C compile features
[0.311s] -- Detecting C compile features - done
[0.314s] -- Detecting CXX compiler ABI info
[0.381s] -- Detecting CXX compiler ABI info - done
[0.387s] -- Check for working CXX compiler: /usr/bin/c++ - skipped
[0.387s] -- Detecting CXX compile features
[0.388s] -- Detecting CXX compile features - done
[0.391s] -- Found ament_cmake: 1.3.11 (/opt/ros/humble/share/ament_cmake/cmake)
[0.518s] -- Found Python3: /usr/bin/python3 (found version "3.10.12") found components: Interpreter 
[0.650s] -- Configuring done
[0.652s] -- Generating done
[0.653s] -- Build files have been written to: /home/vincent-pc/ros2_humble/build/my_robot_description
[0.658s] Invoked command in '/home/vincent-pc/ros2_humble/build/my_robot_description' returned '0': CMAKE_PREFIX_PATH=/opt/ros/humble /usr/bin/cmake /home/vincent-pc/ros2_humble/src/my_robot_description -DCMAKE_INSTALL_PREFIX=/home/vincent-pc/ros2_humble/install/my_robot_description
[0.658s] Invoking command in '/home/vincent-pc/ros2_humble/build/my_robot_description': CMAKE_PREFIX_PATH=/opt/ros/humble /usr/bin/cmake --build /home/vincent-pc/ros2_humble/build/my_robot_description -- -j8 -l8
[0.691s] Invoked command in '/home/vincent-pc/ros2_humble/build/my_robot_description' returned '0': CMAKE_PREFIX_PATH=/opt/ros/humble /usr/bin/cmake --build /home/vincent-pc/ros2_humble/build/my_robot_description -- -j8 -l8
[0.701s] Invoking command in '/home/vincent-pc/ros2_humble/build/my_robot_description': CMAKE_PREFIX_PATH=/opt/ros/humble /usr/bin/cmake --install /home/vincent-pc/ros2_humble/build/my_robot_description
[0.708s] -- Install configuration: ""
[0.708s] -- Installing: /home/vincent-pc/ros2_humble/install/my_robot_description/share/my_robot_description//urdf
[0.708s] -- Installing: /home/vincent-pc/ros2_humble/install/my_robot_description/share/my_robot_description//urdf/mobile_base.xacro
[0.708s] -- Installing: /home/vincent-pc/ros2_humble/install/my_robot_description/share/my_robot_description//urdf/my_robot.urdf
[0.708s] -- Installing: /home/vincent-pc/ros2_humble/install/my_robot_description/share/my_robot_description//urdf/common_properties.xacro
[0.708s] -- Installing: /home/vincent-pc/ros2_humble/install/my_robot_description/share/my_robot_description//urdf/my_robot.urdf.xacro
[0.708s] -- Installing: /home/vincent-pc/ros2_humble/install/my_robot_description/share/my_robot_description//launch
[0.708s] -- Installing: /home/vincent-pc/ros2_humble/install/my_robot_description/share/my_robot_description//launch/display.launch.xml
[0.708s] -- Installing: /home/vincent-pc/ros2_humble/install/my_robot_description/share/my_robot_description//launch/display2.launch.xml
[0.709s] -- Installing: /home/vincent-pc/ros2_humble/install/my_robot_description/share/my_robot_description//launch/display2.launch.py
[0.709s] -- Installing: /home/vincent-pc/ros2_humble/install/my_robot_description/share/my_robot_description//launch/display.launch.py
[0.709s] -- Installing: /home/vincent-pc/ros2_humble/install/my_robot_description/share/my_robot_description//rviz
[0.709s] -- Installing: /home/vincent-pc/ros2_humble/install/my_robot_description/share/my_robot_description//rviz/urdf_config.rviz
[0.709s] -- Installing: /home/vincent-pc/ros2_humble/install/my_robot_description/share/ament_index/resource_index/package_run_dependencies/my_robot_description
[0.709s] -- Installing: /home/vincent-pc/ros2_humble/install/my_robot_description/share/ament_index/resource_index/parent_prefix_path/my_robot_description
[0.709s] -- Installing: /home/vincent-pc/ros2_humble/install/my_robot_description/share/my_robot_description/environment/ament_prefix_path.sh
[0.709s] -- Installing: /home/vincent-pc/ros2_humble/install/my_robot_description/share/my_robot_description/environment/ament_prefix_path.dsv
[0.709s] -- Installing: /home/vincent-pc/ros2_humble/install/my_robot_description/share/my_robot_description/environment/path.sh
[0.709s] -- Installing: /home/vincent-pc/ros2_humble/install/my_robot_description/share/my_robot_description/environment/path.dsv
[0.709s] -- Installing: /home/vincent-pc/ros2_humble/install/my_robot_description/share/my_robot_description/local_setup.bash
[0.709s] -- Installing: /home/vincent-pc/ros2_humble/install/my_robot_description/share/my_robot_description/local_setup.sh
[0.710s] -- Installing: /home/vincent-pc/ros2_humble/install/my_robot_description/share/my_robot_description/local_setup.zsh
[0.710s] -- Installing: /home/vincent-pc/ros2_humble/install/my_robot_description/share/my_robot_description/local_setup.dsv
[0.710s] -- Installing: /home/vincent-pc/ros2_humble/install/my_robot_description/share/my_robot_description/package.dsv
[0.710s] -- Installing: /home/vincent-pc/ros2_humble/install/my_robot_description/share/ament_index/resource_index/packages/my_robot_description
[0.710s] -- Installing: /home/vincent-pc/ros2_humble/install/my_robot_description/share/my_robot_description/cmake/my_robot_descriptionConfig.cmake
[0.710s] -- Installing: /home/vincent-pc/ros2_humble/install/my_robot_description/share/my_robot_description/cmake/my_robot_descriptionConfig-version.cmake
[0.710s] -- Installing: /home/vincent-pc/ros2_humble/install/my_robot_description/share/my_robot_description/package.xml
[0.711s] Invoked command in '/home/vincent-pc/ros2_humble/build/my_robot_description' returned '0': CMAKE_PREFIX_PATH=/opt/ros/humble /usr/bin/cmake --install /home/vincent-pc/ros2_humble/build/my_robot_description
