[0.014s] Invoking command in '/home/vincent-pc/ros2_jazzy/build/my_robot_cpp': CMAKE_PREFIX_PATH=${CMAKE_PREFIX_PATH}:/home/vincent-pc/ros2_jazzy/install/my_robot_python:/opt/ros/jazzy DEBUGINFOD_URLS=https://debuginfod.ubuntu.com /usr/bin/cmake --build /home/vincent-pc/ros2_jazzy/build/my_robot_cpp -- -j8 -l8
[0.110s] [ 50%] Built target my_robot_differential_cpp
[0.118s] [ 75%] [32mBuilding CXX object CMakeFiles/my_robot_master_cpp.dir/src/my_robot_master.cpp.o[0m
[12.262s] [100%] [32m[1mLinking CXX executable my_robot_master_cpp[0m
[12.729s] [100%] Built target my_robot_master_cpp
[12.744s] Invoked command in '/home/vincent-pc/ros2_jazzy/build/my_robot_cpp' returned '0': CMAKE_PREFIX_PATH=${CMAKE_PREFIX_PATH}:/home/vincent-pc/ros2_jazzy/install/my_robot_python:/opt/ros/jazzy DEBUGINFOD_URLS=https://debuginfod.ubuntu.com /usr/bin/cmake --build /home/vincent-pc/ros2_jazzy/build/my_robot_cpp -- -j8 -l8
[12.765s] Invoking command in '/home/vincent-pc/ros2_jazzy/build/my_robot_cpp': CMAKE_PREFIX_PATH=${CMAKE_PREFIX_PATH}:/home/vincent-pc/ros2_jazzy/install/my_robot_python:/opt/ros/jazzy DEBUGINFOD_URLS=https://debuginfod.ubuntu.com /usr/bin/cmake --install /home/vincent-pc/ros2_jazzy/build/my_robot_cpp
[12.776s] -- Install configuration: ""
[12.777s] -- Execute custom install script
[12.777s] -- Up-to-date symlink: /home/vincent-pc/ros2_jazzy/install/my_robot_cpp/lib/my_robot_cpp/my_robot_differential_cpp
[12.778s] -- Up-to-date symlink: /home/vincent-pc/ros2_jazzy/install/my_robot_cpp/lib/my_robot_cpp/my_robot_master_cpp
[12.778s] -- Up-to-date symlink: /home/vincent-pc/ros2_jazzy/install/my_robot_cpp/share/ament_index/resource_index/package_run_dependencies/my_robot_cpp
[12.778s] -- Up-to-date symlink: /home/vincent-pc/ros2_jazzy/install/my_robot_cpp/share/ament_index/resource_index/parent_prefix_path/my_robot_cpp
[12.779s] -- Up-to-date symlink: /home/vincent-pc/ros2_jazzy/install/my_robot_cpp/share/my_robot_cpp/environment/ament_prefix_path.sh
[12.779s] -- Up-to-date symlink: /home/vincent-pc/ros2_jazzy/install/my_robot_cpp/share/my_robot_cpp/environment/ament_prefix_path.dsv
[12.779s] -- Up-to-date symlink: /home/vincent-pc/ros2_jazzy/install/my_robot_cpp/share/my_robot_cpp/environment/path.sh
[12.779s] -- Up-to-date symlink: /home/vincent-pc/ros2_jazzy/install/my_robot_cpp/share/my_robot_cpp/environment/path.dsv
[12.780s] -- Up-to-date symlink: /home/vincent-pc/ros2_jazzy/install/my_robot_cpp/share/my_robot_cpp/local_setup.bash
[12.780s] -- Up-to-date symlink: /home/vincent-pc/ros2_jazzy/install/my_robot_cpp/share/my_robot_cpp/local_setup.sh
[12.780s] -- Up-to-date symlink: /home/vincent-pc/ros2_jazzy/install/my_robot_cpp/share/my_robot_cpp/local_setup.zsh
[12.780s] -- Up-to-date symlink: /home/vincent-pc/ros2_jazzy/install/my_robot_cpp/share/my_robot_cpp/local_setup.dsv
[12.780s] -- Symlinking: /home/vincent-pc/ros2_jazzy/install/my_robot_cpp/share/my_robot_cpp/package.dsv
[12.794s] -- Up-to-date symlink: /home/vincent-pc/ros2_jazzy/install/my_robot_cpp/share/ament_index/resource_index/packages/my_robot_cpp
[12.794s] -- Up-to-date symlink: /home/vincent-pc/ros2_jazzy/install/my_robot_cpp/share/my_robot_cpp/cmake/my_robot_cppConfig.cmake
[12.795s] -- Up-to-date symlink: /home/vincent-pc/ros2_jazzy/install/my_robot_cpp/share/my_robot_cpp/cmake/my_robot_cppConfig-version.cmake
[12.795s] -- Up-to-date symlink: /home/vincent-pc/ros2_jazzy/install/my_robot_cpp/share/my_robot_cpp/package.xml
[12.798s] Invoked command in '/home/vincent-pc/ros2_jazzy/build/my_robot_cpp' returned '0': CMAKE_PREFIX_PATH=${CMAKE_PREFIX_PATH}:/home/vincent-pc/ros2_jazzy/install/my_robot_python:/opt/ros/jazzy DEBUGINFOD_URLS=https://debuginfod.ubuntu.com /usr/bin/cmake --install /home/vincent-pc/ros2_jazzy/build/my_robot_cpp
