[0.016s] Invoking command in '/home/vincent-pc/ros2_humble/build/my_robot_bringup': CMAKE_PREFIX_PATH=${CMAKE_PREFIX_PATH}:/opt/ros/humble /usr/bin/cmake /home/vincent-pc/ros2_humble/src/my_robot_bringup -DCMAKE_INSTALL_PREFIX=/home/vincent-pc/ros2_humble/install/my_robot_bringup
[0.027s] -- Found ament_cmake: 1.3.11 (/opt/ros/humble/share/ament_cmake/cmake)
[0.217s] -- Configuring done
[0.219s] -- Generating done
[0.220s] -- Build files have been written to: /home/vincent-pc/ros2_humble/build/my_robot_bringup
[0.223s] Invoked command in '/home/vincent-pc/ros2_humble/build/my_robot_bringup' returned '0': CMAKE_PREFIX_PATH=${CMAKE_PREFIX_PATH}:/opt/ros/humble /usr/bin/cmake /home/vincent-pc/ros2_humble/src/my_robot_bringup -DCMAKE_INSTALL_PREFIX=/home/vincent-pc/ros2_humble/install/my_robot_bringup
[0.224s] Invoking command in '/home/vincent-pc/ros2_humble/build/my_robot_bringup': CMAKE_PREFIX_PATH=${CMAKE_PREFIX_PATH}:/opt/ros/humble /usr/bin/cmake --build /home/vincent-pc/ros2_humble/build/my_robot_bringup -- -j8 -l8
[0.254s] Invoked command in '/home/vincent-pc/ros2_humble/build/my_robot_bringup' returned '0': CMAKE_PREFIX_PATH=${CMAKE_PREFIX_PATH}:/opt/ros/humble /usr/bin/cmake --build /home/vincent-pc/ros2_humble/build/my_robot_bringup -- -j8 -l8
[0.255s] Invoking command in '/home/vincent-pc/ros2_humble/build/my_robot_bringup': CMAKE_PREFIX_PATH=${CMAKE_PREFIX_PATH}:/opt/ros/humble /usr/bin/cmake --install /home/vincent-pc/ros2_humble/build/my_robot_bringup
[0.261s] -- Install configuration: ""
[0.261s] -- Installing: /home/vincent-pc/ros2_humble/install/my_robot_bringup/share/my_robot_bringup//launch
[0.261s] -- Installing: /home/vincent-pc/ros2_humble/install/my_robot_bringup/share/my_robot_bringup//launch/my_robot_gazebo.launch.xml
[0.261s] -- Installing: /home/vincent-pc/ros2_humble/install/my_robot_bringup/share/ament_index/resource_index/package_run_dependencies/my_robot_bringup
[0.261s] -- Installing: /home/vincent-pc/ros2_humble/install/my_robot_bringup/share/ament_index/resource_index/parent_prefix_path/my_robot_bringup
[0.261s] -- Installing: /home/vincent-pc/ros2_humble/install/my_robot_bringup/share/my_robot_bringup/environment/ament_prefix_path.sh
[0.261s] -- Installing: /home/vincent-pc/ros2_humble/install/my_robot_bringup/share/my_robot_bringup/environment/ament_prefix_path.dsv
[0.261s] -- Installing: /home/vincent-pc/ros2_humble/install/my_robot_bringup/share/my_robot_bringup/environment/path.sh
[0.261s] -- Installing: /home/vincent-pc/ros2_humble/install/my_robot_bringup/share/my_robot_bringup/environment/path.dsv
[0.262s] -- Installing: /home/vincent-pc/ros2_humble/install/my_robot_bringup/share/my_robot_bringup/local_setup.bash
[0.262s] -- Installing: /home/vincent-pc/ros2_humble/install/my_robot_bringup/share/my_robot_bringup/local_setup.sh
[0.262s] -- Installing: /home/vincent-pc/ros2_humble/install/my_robot_bringup/share/my_robot_bringup/local_setup.zsh
[0.262s] -- Installing: /home/vincent-pc/ros2_humble/install/my_robot_bringup/share/my_robot_bringup/local_setup.dsv
[0.262s] -- Installing: /home/vincent-pc/ros2_humble/install/my_robot_bringup/share/my_robot_bringup/package.dsv
[0.262s] -- Installing: /home/vincent-pc/ros2_humble/install/my_robot_bringup/share/ament_index/resource_index/packages/my_robot_bringup
[0.262s] -- Installing: /home/vincent-pc/ros2_humble/install/my_robot_bringup/share/my_robot_bringup/cmake/my_robot_bringupConfig.cmake
[0.262s] -- Installing: /home/vincent-pc/ros2_humble/install/my_robot_bringup/share/my_robot_bringup/cmake/my_robot_bringupConfig-version.cmake
[0.262s] -- Installing: /home/vincent-pc/ros2_humble/install/my_robot_bringup/share/my_robot_bringup/package.xml
[0.264s] Invoked command in '/home/vincent-pc/ros2_humble/build/my_robot_bringup' returned '0': CMAKE_PREFIX_PATH=${CMAKE_PREFIX_PATH}:/opt/ros/humble /usr/bin/cmake --install /home/vincent-pc/ros2_humble/build/my_robot_bringup
