[0.013s] Invoking command in '/home/vincent-pc/ros2_jazzy/src/build/my_robot_cpp': CMAKE_PREFIX_PATH=${CMAKE_PREFIX_PATH}:/home/vincent-pc/ros2_jazzy/install/my_robot_python:/opt/ros/jazzy DEBUGINFOD_URLS=https://debuginfod.ubuntu.com /usr/bin/cmake /home/vincent-pc/ros2_jazzy/src/my_robot_cpp -DCMAKE_INSTALL_PREFIX=/home/vincent-pc/ros2_jazzy/src/install/my_robot_cpp
[0.156s] -- The C compiler identification is GNU 13.3.0
[0.276s] -- The CXX compiler identification is GNU 13.3.0
[0.308s] -- Detecting C compiler ABI info
[0.453s] -- Detecting C compiler ABI info - done
[0.473s] -- Check for working C compiler: /usr/bin/cc - skipped
[0.474s] -- Detecting C compile features
[0.475s] -- Detecting C compile features - done
[0.491s] -- Detecting CXX compiler ABI info
[0.643s] -- Detecting CXX compiler ABI info - done
[0.654s] -- Check for working CXX compiler: /usr/bin/c++ - skipped
[0.655s] -- Detecting CXX compile features
[0.655s] -- Detecting CXX compile features - done
[0.672s] -- Found ament_cmake: 2.5.4 (/opt/ros/jazzy/share/ament_cmake/cmake)
[0.906s] -- Found Python3: /usr/bin/python3 (found version "3.12.3") found components: Interpreter 
[1.122s] -- Found rclcpp: 28.1.10 (/opt/ros/jazzy/share/rclcpp/cmake)
[1.222s] -- Found rosidl_generator_c: 4.6.5 (/opt/ros/jazzy/share/rosidl_generator_c/cmake)
[1.253s] -- Found rosidl_generator_cpp: 4.6.5 (/opt/ros/jazzy/share/rosidl_generator_cpp/cmake)
[1.292s] -- Using all available rosidl_typesupport_c: rosidl_typesupport_fastrtps_c;rosidl_typesupport_introspection_c
[1.339s] -- Using all available rosidl_typesupport_cpp: rosidl_typesupport_fastrtps_cpp;rosidl_typesupport_introspection_cpp
[1.523s] -- Found rmw_implementation_cmake: 7.3.2 (/opt/ros/jazzy/share/rmw_implementation_cmake/cmake)
[1.533s] -- Found rmw_fastrtps_cpp: 8.4.2 (/opt/ros/jazzy/share/rmw_fastrtps_cpp/cmake)
[1.694s] -- Found OpenSSL: /usr/lib/x86_64-linux-gnu/libcrypto.so (found version "3.0.13")  
[1.727s] -- Found FastRTPS: /opt/ros/jazzy/include (Required is at least version "2.13") 
[1.769s] -- Using RMW implementation 'rmw_fastrtps_cpp' as default
[1.907s] -- Found geometry_msgs: 5.3.6 (/opt/ros/jazzy/share/geometry_msgs/cmake)
[1.963s] [31mCMake Error at /opt/ros/jazzy/share/ament_cmake_target_dependencies/cmake/ament_target_dependencies.cmake:77 (message):
[1.963s]   ament_target_dependencies() the passed package name 'example_interfaces'
[1.963s]   was not found before
[1.963s] Call Stack (most recent call first):
[1.963s]   CMakeLists.txt:14 (ament_target_dependencies)
[1.963s] 
[1.963s] [0m
[1.963s] -- Configuring incomplete, errors occurred!
[1.973s] Invoked command in '/home/vincent-pc/ros2_jazzy/src/build/my_robot_cpp' returned '1': CMAKE_PREFIX_PATH=${CMAKE_PREFIX_PATH}:/home/vincent-pc/ros2_jazzy/install/my_robot_python:/opt/ros/jazzy DEBUGINFOD_URLS=https://debuginfod.ubuntu.com /usr/bin/cmake /home/vincent-pc/ros2_jazzy/src/my_robot_cpp -DCMAKE_INSTALL_PREFIX=/home/vincent-pc/ros2_jazzy/src/install/my_robot_cpp
