[0.018s] Invoking command in '/home/vincent-pc/ros2_jazzy/build/my_robot_description': CMAKE_PREFIX_PATH=${CMAKE_PREFIX_PATH}:/opt/ros/jazzy DEBUGINFOD_URLS=https://debuginfod.ubuntu.com /usr/bin/cmake /home/vincent-pc/ros2_jazzy/src/my_robot_description -DCMAKE_INSTALL_PREFIX=/home/vincent-pc/ros2_jazzy/install/my_robot_description
[0.052s] -- Found ament_cmake: 2.5.4 (/opt/ros/jazzy/share/ament_cmake/cmake)
[0.318s] -- Override CMake install command with custom implementation using symlinks instead of copying resources
[0.464s] -- Configuring done (0.4s)
[0.469s] -- Generating done (0.0s)
[0.471s] -- Build files have been written to: /home/vincent-pc/ros2_jazzy/build/my_robot_description
[0.476s] Invoked command in '/home/vincent-pc/ros2_jazzy/build/my_robot_description' returned '0': CMAKE_PREFIX_PATH=${CMAKE_PREFIX_PATH}:/opt/ros/jazzy DEBUGINFOD_URLS=https://debuginfod.ubuntu.com /usr/bin/cmake /home/vincent-pc/ros2_jazzy/src/my_robot_description -DCMAKE_INSTALL_PREFIX=/home/vincent-pc/ros2_jazzy/install/my_robot_description
[0.477s] Invoking command in '/home/vincent-pc/ros2_jazzy/build/my_robot_description': CMAKE_PREFIX_PATH=${CMAKE_PREFIX_PATH}:/opt/ros/jazzy DEBUGINFOD_URLS=https://debuginfod.ubuntu.com /usr/bin/cmake --build /home/vincent-pc/ros2_jazzy/build/my_robot_description -- -j8 -l8
[0.523s] Invoked command in '/home/vincent-pc/ros2_jazzy/build/my_robot_description' returned '0': CMAKE_PREFIX_PATH=${CMAKE_PREFIX_PATH}:/opt/ros/jazzy DEBUGINFOD_URLS=https://debuginfod.ubuntu.com /usr/bin/cmake --build /home/vincent-pc/ros2_jazzy/build/my_robot_description -- -j8 -l8
[0.525s] Invoking command in '/home/vincent-pc/ros2_jazzy/build/my_robot_description': CMAKE_PREFIX_PATH=${CMAKE_PREFIX_PATH}:/opt/ros/jazzy DEBUGINFOD_URLS=https://debuginfod.ubuntu.com /usr/bin/cmake --install /home/vincent-pc/ros2_jazzy/build/my_robot_description
[0.533s] -- Install configuration: ""
[0.534s] -- Execute custom install script
[0.535s] -- Up-to-date symlink: /home/vincent-pc/ros2_jazzy/install/my_robot_description/share/my_robot_description//urdf/arm.xacro
[0.535s] -- Up-to-date symlink: /home/vincent-pc/ros2_jazzy/install/my_robot_description/share/my_robot_description//urdf/arm_frames.gv
[0.536s] -- Up-to-date symlink: /home/vincent-pc/ros2_jazzy/install/my_robot_description/share/my_robot_description//urdf/arm_frames.pdf
[0.536s] -- Up-to-date symlink: /home/vincent-pc/ros2_jazzy/install/my_robot_description/share/my_robot_description//urdf/arm_gazebo.xacro
[0.536s] -- Up-to-date symlink: /home/vincent-pc/ros2_jazzy/install/my_robot_description/share/my_robot_description//urdf/camera.xacro
[0.536s] -- Up-to-date symlink: /home/vincent-pc/ros2_jazzy/install/my_robot_description/share/my_robot_description//urdf/common_properties.xacro
[0.536s] -- Up-to-date symlink: /home/vincent-pc/ros2_jazzy/install/my_robot_description/share/my_robot_description//urdf/mobile_base.xacro
[0.537s] -- Up-to-date symlink: /home/vincent-pc/ros2_jazzy/install/my_robot_description/share/my_robot_description//urdf/mobile_base_Vinc.xacro
[0.537s] -- Up-to-date symlink: /home/vincent-pc/ros2_jazzy/install/my_robot_description/share/my_robot_description//urdf/mobile_base_gz.xacro
[0.537s] -- Up-to-date symlink: /home/vincent-pc/ros2_jazzy/install/my_robot_description/share/my_robot_description//urdf/my_arm.urdf.xacro
[0.537s] -- Up-to-date symlink: /home/vincent-pc/ros2_jazzy/install/my_robot_description/share/my_robot_description//urdf/my_robot.urdf
[0.537s] -- Up-to-date symlink: /home/vincent-pc/ros2_jazzy/install/my_robot_description/share/my_robot_description//urdf/my_robot.urdf.xacro
[0.537s] -- Up-to-date symlink: /home/vincent-pc/ros2_jazzy/install/my_robot_description/share/my_robot_description//urdf/test.urdf
[0.537s] -- Up-to-date symlink: /home/vincent-pc/ros2_jazzy/install/my_robot_description/share/my_robot_description//launch/display.launch.py
[0.538s] -- Up-to-date symlink: /home/vincent-pc/ros2_jazzy/install/my_robot_description/share/my_robot_description//launch/display.launch.xml
[0.538s] -- Up-to-date symlink: /home/vincent-pc/ros2_jazzy/install/my_robot_description/share/my_robot_description//launch/display2.launch.py
[0.538s] -- Up-to-date symlink: /home/vincent-pc/ros2_jazzy/install/my_robot_description/share/my_robot_description//launch/display2.launch.xml
[0.538s] -- Up-to-date symlink: /home/vincent-pc/ros2_jazzy/install/my_robot_description/share/my_robot_description//launch/my_arm_display.launch.xml
[0.538s] -- Up-to-date symlink: /home/vincent-pc/ros2_jazzy/install/my_robot_description/share/my_robot_description//rviz/urdf_config.rviz
[0.538s] -- Up-to-date symlink: /home/vincent-pc/ros2_jazzy/install/my_robot_description/share/my_robot_description//rviz/urdf_config2.rviz
[0.539s] -- Up-to-date symlink: /home/vincent-pc/ros2_jazzy/install/my_robot_description/share/ament_index/resource_index/package_run_dependencies/my_robot_description
[0.539s] -- Up-to-date symlink: /home/vincent-pc/ros2_jazzy/install/my_robot_description/share/ament_index/resource_index/parent_prefix_path/my_robot_description
[0.539s] -- Up-to-date symlink: /home/vincent-pc/ros2_jazzy/install/my_robot_description/share/my_robot_description/environment/ament_prefix_path.sh
[0.540s] -- Up-to-date symlink: /home/vincent-pc/ros2_jazzy/install/my_robot_description/share/my_robot_description/environment/ament_prefix_path.dsv
[0.540s] -- Up-to-date symlink: /home/vincent-pc/ros2_jazzy/install/my_robot_description/share/my_robot_description/environment/path.sh
[0.540s] -- Up-to-date symlink: /home/vincent-pc/ros2_jazzy/install/my_robot_description/share/my_robot_description/environment/path.dsv
[0.540s] -- Up-to-date symlink: /home/vincent-pc/ros2_jazzy/install/my_robot_description/share/my_robot_description/local_setup.bash
[0.541s] -- Up-to-date symlink: /home/vincent-pc/ros2_jazzy/install/my_robot_description/share/my_robot_description/local_setup.sh
[0.541s] -- Up-to-date symlink: /home/vincent-pc/ros2_jazzy/install/my_robot_description/share/my_robot_description/local_setup.zsh
[0.541s] -- Up-to-date symlink: /home/vincent-pc/ros2_jazzy/install/my_robot_description/share/my_robot_description/local_setup.dsv
[0.542s] -- Symlinking: /home/vincent-pc/ros2_jazzy/install/my_robot_description/share/my_robot_description/package.dsv
[0.552s] -- Up-to-date symlink: /home/vincent-pc/ros2_jazzy/install/my_robot_description/share/ament_index/resource_index/packages/my_robot_description
[0.552s] -- Up-to-date symlink: /home/vincent-pc/ros2_jazzy/install/my_robot_description/share/my_robot_description/cmake/my_robot_descriptionConfig.cmake
[0.552s] -- Up-to-date symlink: /home/vincent-pc/ros2_jazzy/install/my_robot_description/share/my_robot_description/cmake/my_robot_descriptionConfig-version.cmake
[0.553s] -- Up-to-date symlink: /home/vincent-pc/ros2_jazzy/install/my_robot_description/share/my_robot_description/package.xml
[0.568s] Invoked command in '/home/vincent-pc/ros2_jazzy/build/my_robot_description' returned '0': CMAKE_PREFIX_PATH=${CMAKE_PREFIX_PATH}:/opt/ros/jazzy DEBUGINFOD_URLS=https://debuginfod.ubuntu.com /usr/bin/cmake --install /home/vincent-pc/ros2_jazzy/build/my_robot_description
