[0.076s] Invoking command in '/home/vincent-pc/ros2_jazzy/build/my_robot_cpp': CMAKE_PREFIX_PATH=${CMAKE_PREFIX_PATH}:/home/vincent-pc/ros2_jazzy/install/my_robot_python:/opt/ros/jazzy DEBUGINFOD_URLS=https://debuginfod.ubuntu.com /usr/bin/cmake --build /home/vincent-pc/ros2_jazzy/build/my_robot_cpp -- -j8 -l8
[0.360s] [ 25%] [32mBuilding CXX object CMakeFiles/my_robot_differential_cpp.dir/src/my_robot_differential.cpp.o[0m
[22.785s] [ 50%] [32m[1mLinking CXX executable my_robot_differential_cpp[0m
[23.666s] [ 50%] Built target my_robot_differential_cpp
[23.767s] [100%] Built target my_robot_master_cpp
[23.805s] Invoked command in '/home/vincent-pc/ros2_jazzy/build/my_robot_cpp' returned '0': CMAKE_PREFIX_PATH=${CMAKE_PREFIX_PATH}:/home/vincent-pc/ros2_jazzy/install/my_robot_python:/opt/ros/jazzy DEBUGINFOD_URLS=https://debuginfod.ubuntu.com /usr/bin/cmake --build /home/vincent-pc/ros2_jazzy/build/my_robot_cpp -- -j8 -l8
[23.843s] Invoking command in '/home/vincent-pc/ros2_jazzy/build/my_robot_cpp': CMAKE_PREFIX_PATH=${CMAKE_PREFIX_PATH}:/home/vincent-pc/ros2_jazzy/install/my_robot_python:/opt/ros/jazzy DEBUGINFOD_URLS=https://debuginfod.ubuntu.com /usr/bin/cmake --install /home/vincent-pc/ros2_jazzy/build/my_robot_cpp
[23.870s] -- Install configuration: ""
[23.873s] -- Execute custom install script
[23.876s] -- Up-to-date symlink: /home/vincent-pc/ros2_jazzy/install/my_robot_cpp/lib/my_robot_cpp/my_robot_differential_cpp
[23.878s] -- Up-to-date symlink: /home/vincent-pc/ros2_jazzy/install/my_robot_cpp/lib/my_robot_cpp/my_robot_master_cpp
[23.879s] -- Up-to-date symlink: /home/vincent-pc/ros2_jazzy/install/my_robot_cpp/share/ament_index/resource_index/package_run_dependencies/my_robot_cpp
[23.879s] -- Up-to-date symlink: /home/vincent-pc/ros2_jazzy/install/my_robot_cpp/share/ament_index/resource_index/parent_prefix_path/my_robot_cpp
[23.880s] -- Up-to-date symlink: /home/vincent-pc/ros2_jazzy/install/my_robot_cpp/share/my_robot_cpp/environment/ament_prefix_path.sh
[23.882s] -- Up-to-date symlink: /home/vincent-pc/ros2_jazzy/install/my_robot_cpp/share/my_robot_cpp/environment/ament_prefix_path.dsv
[23.882s] -- Up-to-date symlink: /home/vincent-pc/ros2_jazzy/install/my_robot_cpp/share/my_robot_cpp/environment/path.sh
[23.883s] -- Up-to-date symlink: /home/vincent-pc/ros2_jazzy/install/my_robot_cpp/share/my_robot_cpp/environment/path.dsv
[23.884s] -- Up-to-date symlink: /home/vincent-pc/ros2_jazzy/install/my_robot_cpp/share/my_robot_cpp/local_setup.bash
[23.885s] -- Up-to-date symlink: /home/vincent-pc/ros2_jazzy/install/my_robot_cpp/share/my_robot_cpp/local_setup.sh
[23.886s] -- Up-to-date symlink: /home/vincent-pc/ros2_jazzy/install/my_robot_cpp/share/my_robot_cpp/local_setup.zsh
[23.886s] -- Up-to-date symlink: /home/vincent-pc/ros2_jazzy/install/my_robot_cpp/share/my_robot_cpp/local_setup.dsv
[23.887s] -- Symlinking: /home/vincent-pc/ros2_jazzy/install/my_robot_cpp/share/my_robot_cpp/package.dsv
[23.918s] -- Up-to-date symlink: /home/vincent-pc/ros2_jazzy/install/my_robot_cpp/share/ament_index/resource_index/packages/my_robot_cpp
[23.919s] -- Up-to-date symlink: /home/vincent-pc/ros2_jazzy/install/my_robot_cpp/share/my_robot_cpp/cmake/my_robot_cppConfig.cmake
[23.920s] -- Up-to-date symlink: /home/vincent-pc/ros2_jazzy/install/my_robot_cpp/share/my_robot_cpp/cmake/my_robot_cppConfig-version.cmake
[23.920s] -- Up-to-date symlink: /home/vincent-pc/ros2_jazzy/install/my_robot_cpp/share/my_robot_cpp/package.xml
[23.929s] Invoked command in '/home/vincent-pc/ros2_jazzy/build/my_robot_cpp' returned '0': CMAKE_PREFIX_PATH=${CMAKE_PREFIX_PATH}:/home/vincent-pc/ros2_jazzy/install/my_robot_python:/opt/ros/jazzy DEBUGINFOD_URLS=https://debuginfod.ubuntu.com /usr/bin/cmake --install /home/vincent-pc/ros2_jazzy/build/my_robot_cpp
