[0.017s] Invoking command in '/home/vincent-pc/ros2_jazzy/src/build/my_robot_cpp': CMAKE_PREFIX_PATH=${CMAKE_PREFIX_PATH}:/home/vincent-pc/ros2_jazzy/install/my_robot_python:/opt/ros/jazzy DEBUGINFOD_URLS=https://debuginfod.ubuntu.com /usr/bin/cmake /home/vincent-pc/ros2_jazzy/src/my_robot_cpp -DCMAKE_INSTALL_PREFIX=/home/vincent-pc/ros2_jazzy/src/install/my_robot_cpp
[0.037s] -- Found ament_cmake: 2.5.4 (/opt/ros/jazzy/share/ament_cmake/cmake)
[0.358s] -- Found rclcpp: 28.1.10 (/opt/ros/jazzy/share/rclcpp/cmake)
[0.403s] -- Found rosidl_generator_c: 4.6.5 (/opt/ros/jazzy/share/rosidl_generator_c/cmake)
[0.417s] -- Found rosidl_generator_cpp: 4.6.5 (/opt/ros/jazzy/share/rosidl_generator_cpp/cmake)
[0.439s] -- Using all available rosidl_typesupport_c: rosidl_typesupport_fastrtps_c;rosidl_typesupport_introspection_c
[0.464s] -- Using all available rosidl_typesupport_cpp: rosidl_typesupport_fastrtps_cpp;rosidl_typesupport_introspection_cpp
[0.572s] -- Found rmw_implementation_cmake: 7.3.2 (/opt/ros/jazzy/share/rmw_implementation_cmake/cmake)
[0.574s] -- Found rmw_fastrtps_cpp: 8.4.2 (/opt/ros/jazzy/share/rmw_fastrtps_cpp/cmake)
[0.665s] -- Using RMW implementation 'rmw_fastrtps_cpp' as default
[0.758s] -- Found geometry_msgs: 5.3.6 (/opt/ros/jazzy/share/geometry_msgs/cmake)
[0.954s] -- Configuring done (0.9s)
[0.967s] -- Generating done (0.0s)
[0.975s] -- Build files have been written to: /home/vincent-pc/ros2_jazzy/src/build/my_robot_cpp
[0.987s] Invoked command in '/home/vincent-pc/ros2_jazzy/src/build/my_robot_cpp' returned '0': CMAKE_PREFIX_PATH=${CMAKE_PREFIX_PATH}:/home/vincent-pc/ros2_jazzy/install/my_robot_python:/opt/ros/jazzy DEBUGINFOD_URLS=https://debuginfod.ubuntu.com /usr/bin/cmake /home/vincent-pc/ros2_jazzy/src/my_robot_cpp -DCMAKE_INSTALL_PREFIX=/home/vincent-pc/ros2_jazzy/src/install/my_robot_cpp
[0.988s] Invoking command in '/home/vincent-pc/ros2_jazzy/src/build/my_robot_cpp': CMAKE_PREFIX_PATH=${CMAKE_PREFIX_PATH}:/home/vincent-pc/ros2_jazzy/install/my_robot_python:/opt/ros/jazzy DEBUGINFOD_URLS=https://debuginfod.ubuntu.com /usr/bin/cmake --build /home/vincent-pc/ros2_jazzy/src/build/my_robot_cpp -- -j8 -l8
[1.059s] [ 50%] [32mBuilding CXX object CMakeFiles/my_robot_differential_cpp.dir/src/my_robot_differential.cpp.o[0m
[4.477s] [01m[K/home/vincent-pc/ros2_jazzy/src/my_robot_cpp/src/my_robot_differential.cpp:[m[K In member function ‘[01m[Kvoid MyRobotDifferential::[01;32m[Ktimer_callback1[m[K()[m[K’:
[4.477s] [01m[K/home/vincent-pc/ros2_jazzy/src/my_robot_cpp/src/my_robot_differential.cpp:22:9:[m[K [01;31m[Kerror: [m[Kexpected ‘[01m[K;[m[K’ before ‘[01m[Kpublisher1[m[K’
[4.477s]    22 |         [01;31m[Kpublisher1[m[K -> publish(msg);
[4.477s]       |         [01;31m[K^~~~~~~~~~[m[K
[4.477s] In file included from [01m[K/opt/ros/jazzy/include/rclcpp/rclcpp/logging.hpp:24[m[K,
[4.477s]                  from [01m[K/opt/ros/jazzy/include/rclcpp/rclcpp/copy_all_parameter_values.hpp:27[m[K,
[4.478s]                  from [01m[K/opt/ros/jazzy/include/rclcpp/rclcpp/rclcpp.hpp:171[m[K,
[4.478s]                  from [01m[K/home/vincent-pc/ros2_jazzy/src/my_robot_cpp/src/my_robot_differential.cpp:1[m[K:
[4.478s] [01m[K/home/vincent-pc/ros2_jazzy/src/my_robot_cpp/src/my_robot_differential.cpp:23:41:[m[K [01;31m[Kerror: [m[Kcannot convert ‘[01m[Kgeometry_msgs::msg::Twist[m[K’ {aka ‘[01m[Kgeometry_msgs::msg::Twist_<std::allocator<void> >[m[K’} to ‘[01m[Kconst char*[m[K’
[4.478s]    23 |         RCLCPP_INFO(this->get_logger(), [01;31m[Kmsg[m[K);
[4.478s]       |                                         [01;31m[K^~~[m[K
[4.478s]       |                                         [01;31m[K|[m[K
[4.478s]       |                                         [01;31m[Kgeometry_msgs::msg::Twist {aka geometry_msgs::msg::Twist_<std::allocator<void> >}[m[K
[4.479s] In file included from [01m[K/opt/ros/jazzy/include/rmw/rmw/types.h:28[m[K,
[4.479s]                  from [01m[K/opt/ros/jazzy/include/rcl/rcl/types.h:20[m[K,
[4.479s]                  from [01m[K/opt/ros/jazzy/include/rclcpp/rclcpp/exceptions/exceptions.hpp:23[m[K,
[4.479s]                  from [01m[K/opt/ros/jazzy/include/rclcpp/rclcpp/exceptions.hpp:18[m[K,
[4.479s]                  from [01m[K/opt/ros/jazzy/include/rclcpp/rclcpp/parameter.hpp:25[m[K,
[4.480s]                  from [01m[K/opt/ros/jazzy/include/rclcpp/rclcpp/copy_all_parameter_values.hpp:25[m[K:
[4.480s] [01m[K/opt/ros/jazzy/include/rcutils/rcutils/logging.h:473:16:[m[K [01;36m[Knote: [m[K  initializing argument 4 of ‘[01m[Kvoid[01;32m[K rcutils_log_internal[m[K(const rcutils_log_location_t*, int, const char*, const char*, ...)[m[K’
[4.480s]   473 |   [01;36m[Kconst char * format[m[K,
[4.480s]       |   [01;36m[K~~~~~~~~~~~~~^~~~~~[m[K
[5.980s] gmake[2]: *** [CMakeFiles/my_robot_differential_cpp.dir/build.make:76: CMakeFiles/my_robot_differential_cpp.dir/src/my_robot_differential.cpp.o] Error 1
[5.980s] gmake[1]: *** [CMakeFiles/Makefile2:137: CMakeFiles/my_robot_differential_cpp.dir/all] Error 2
[5.980s] gmake: *** [Makefile:146: all] Error 2
[5.983s] Invoked command in '/home/vincent-pc/ros2_jazzy/src/build/my_robot_cpp' returned '2': CMAKE_PREFIX_PATH=${CMAKE_PREFIX_PATH}:/home/vincent-pc/ros2_jazzy/install/my_robot_python:/opt/ros/jazzy DEBUGINFOD_URLS=https://debuginfod.ubuntu.com /usr/bin/cmake --build /home/vincent-pc/ros2_jazzy/src/build/my_robot_cpp -- -j8 -l8
